#
# There is insufficient memory for the Java Runtime Environment to continue.
# Native memory allocation (malloc) failed to allocate 43776 bytes. Error detail: Chunk::new
# Possible reasons:
#   The system is out of physical RAM or swap space
#   This process is running with CompressedOops enabled, and the Java Heap may be blocking the growth of the native heap
# Possible solutions:
#   Reduce memory load on the system
#   Increase physical memory or swap space
#   Check if swap backing store is full
#   Decrease Java heap size (-Xmx/-Xms)
#   Decrease number of Java threads
#   Decrease Java thread stack sizes (-Xss)
#   Set larger code cache with -XX:ReservedCodeCacheSize=
#   JVM is running with Zero Based Compressed Oops mode in which the Java heap is
#     placed in the first 32GB address space. The Java Heap base address is the
#     maximum limit for the native heap growth. Please use -XX:HeapBaseMinAddress
#     to set the Java Heap base and to place the Java Heap above 32GB virtual address.
# This output file may be truncated or incomplete.
#
#  Out of Memory Error (arena.cpp:191), pid=17284, tid=16640
#
# JRE version: OpenJDK Runtime Environment Corretto-17.0.15.6.1 (17.0.15+6) (build 17.0.15+6-LTS)
# Java VM: OpenJDK 64-Bit Server VM Corretto-17.0.15.6.1 (17.0.15+6-LTS, mixed mode, sharing, tiered, compressed oops, compressed class ptrs, g1 gc, windows-amd64)
# No core dump will be written. Minidumps are not enabled by default on client versions of Windows
#

---------------  S U M M A R Y ------------

Command Line: -javaagent:C:\Program Files\JetBrains\IntelliJ IDEA Community Edition 2023.2.5\lib\idea_rt.jar=63912:C:\Program Files\JetBrains\IntelliJ IDEA Community Edition 2023.2.5\bin -Dfile.encoding=UTF-8 Meraki.Hub.Management.System.ManagementSystemApplication

Host: Intel(R) Core(TM) i5-4200M CPU @ 2.50GHz, 4 cores, 11G,  Windows 10 , 64 bit Build 19041 (10.0.19041.5915)
Time: Tue Mar 10 09:13:32 2026 E. Africa Standard Time elapsed time: 6.305598 seconds (0d 0h 0m 6s)

---------------  T H R E A D  ---------------

Current thread (0x000002063ea39c30):  JavaThread "C2 CompilerThread0" daemon [_thread_in_native, id=16640, stack(0x000000de8ea00000,0x000000de8eb00000)]


Current CompileTask:
C2:   6305  970       4       sun.net.www.ParseUtil::firstEncodeIndex (86 bytes)

Stack: [0x000000de8ea00000,0x000000de8eb00000]
Native frames: (J=compiled Java code, j=interpreted, Vv=VM code, C=native code)
V  [jvm.dll+0x681149]
V  [jvm.dll+0x838b5a]
V  [jvm.dll+0x83a61e]
V  [jvm.dll+0x83ac83]
V  [jvm.dll+0x24837f]
V  [jvm.dll+0xaca54]
V  [jvm.dll+0xad09c]
V  [jvm.dll+0x2af9ef]
V  [jvm.dll+0x587607]
V  [jvm.dll+0x2231e2]
V  [jvm.dll+0x21c38f]
V  [jvm.dll+0x219bf1]
V  [jvm.dll+0x1a59fd]
V  [jvm.dll+0x229a5d]
V  [jvm.dll+0x227bec]
V  [jvm.dll+0x7eda37]
V  [jvm.dll+0x7e7f8c]
V  [jvm.dll+0x680017]
C  [ucrtbase.dll+0x21bb2]
C  [KERNEL32.DLL+0x17374]
C  [ntdll.dll+0x4cc91]


---------------  P R O C E S S  ---------------

Threads class SMR info:
_java_thread_list=0x000002063ee89da0, length=13, elements={
0x000002061ea909e0, 0x000002063ea1a240, 0x000002063ea1b860, 0x000002063ea2e4f0,
0x000002063ea30fd0, 0x000002063ea32130, 0x000002063ea33fd0, 0x000002063ea39c30,
0x000002063ea41eb0, 0x000002063ea44cc0, 0x000002063ea02ed0, 0x00000206842214a0,
0x0000020684154090
}

Java Threads: ( => current thread )
  0x000002061ea909e0 JavaThread "main" [_thread_in_vm, id=16300, stack(0x000000de8dc00000,0x000000de8dd00000)]
  0x000002063ea1a240 JavaThread "Reference Handler" daemon [_thread_blocked, id=17008, stack(0x000000de8e300000,0x000000de8e400000)]
  0x000002063ea1b860 JavaThread "Finalizer" daemon [_thread_blocked, id=16816, stack(0x000000de8e400000,0x000000de8e500000)]
  0x000002063ea2e4f0 JavaThread "Signal Dispatcher" daemon [_thread_blocked, id=15308, stack(0x000000de8e600000,0x000000de8e700000)]
  0x000002063ea30fd0 JavaThread "Attach Listener" daemon [_thread_blocked, id=500, stack(0x000000de8e700000,0x000000de8e800000)]
  0x000002063ea32130 JavaThread "Service Thread" daemon [_thread_blocked, id=3132, stack(0x000000de8e800000,0x000000de8e900000)]
  0x000002063ea33fd0 JavaThread "Monitor Deflation Thread" daemon [_thread_blocked, id=14308, stack(0x000000de8e900000,0x000000de8ea00000)]
=>0x000002063ea39c30 JavaThread "C2 CompilerThread0" daemon [_thread_in_native, id=16640, stack(0x000000de8ea00000,0x000000de8eb00000)]
  0x000002063ea41eb0 JavaThread "C1 CompilerThread0" daemon [_thread_blocked, id=12844, stack(0x000000de8eb00000,0x000000de8ec00000)]
  0x000002063ea44cc0 JavaThread "Sweeper thread" daemon [_thread_blocked, id=11808, stack(0x000000de8ec00000,0x000000de8ed00000)]
  0x000002063ea02ed0 JavaThread "Common-Cleaner" daemon [_thread_blocked, id=14028, stack(0x000000de8ed00000,0x000000de8ee00000)]
  0x00000206842214a0 JavaThread "Monitor Ctrl-Break" daemon [_thread_in_native, id=16268, stack(0x000000de8ee00000,0x000000de8ef00000)]
  0x0000020684154090 JavaThread "Notification Thread" daemon [_thread_blocked, id=16608, stack(0x000000de8ef00000,0x000000de8f000000)]

Other Threads:
  0x000002063ea14740 VMThread "VM Thread" [stack: 0x000000de8e200000,0x000000de8e300000] [id=17012]
  0x0000020684221980 WatcherThread [stack: 0x000000de8f000000,0x000000de8f100000] [id=8200]
  0x000002061c99d540 GCTaskThread "GC Thread#0" [stack: 0x000000de8dd00000,0x000000de8de00000] [id=15580]
  0x000002068433f900 GCTaskThread "GC Thread#1" [stack: 0x000000de8f100000,0x000000de8f200000] [id=12088]
  0x00000206843276b0 GCTaskThread "GC Thread#2" [stack: 0x000000de8f200000,0x000000de8f300000] [id=14284]
  0x0000020684327970 GCTaskThread "GC Thread#3" [stack: 0x000000de8f300000,0x000000de8f400000] [id=13244]
  0x000002061c99ebb0 ConcurrentGCThread "G1 Main Marker" [stack: 0x000000de8de00000,0x000000de8df00000] [id=11220]
  0x000002061eaef840 ConcurrentGCThread "G1 Conc#0" [stack: 0x000000de8df00000,0x000000de8e000000] [id=5004]
  0x000002063e8e20c0 ConcurrentGCThread "G1 Refine#0" [stack: 0x000000de8e000000,0x000000de8e100000] [id=14772]
  0x000002063e8e2900 ConcurrentGCThread "G1 Service" [stack: 0x000000de8e100000,0x000000de8e200000] [id=13860]

Threads with active compile tasks:
C2 CompilerThread0     6506  970       4       sun.net.www.ParseUtil::firstEncodeIndex (86 bytes)

VM state: not at safepoint (normal execution)

VM Mutex/Monitor currently owned by a thread:  ([mutex/lock_event])
[0x000002061c8e1cb0] Metaspace_lock - owner thread: 0x000002061ea909e0

Heap address: 0x0000000744400000, size: 3004 MB, Compressed Oops mode: Zero based, Oop shift amount: 3

CDS archive(s) mapped at: [0x000002063f000000-0x000002063fbb0000-0x000002063fbb0000), size 12255232, SharedBaseAddress: 0x000002063f000000, ArchiveRelocationMode: 1.
Compressed class space mapped at: 0x0000020640000000-0x0000020680000000, reserved size: 1073741824
Narrow klass base: 0x000002063f000000, Narrow klass shift: 0, Narrow klass range: 0x100000000

GC Precious Log:
 CPUs: 4 total, 4 available
 Memory: 12008M
 Large Page Support: Disabled
 NUMA Support: Disabled
 Compressed Oops: Enabled (Zero based)
 Heap Region Size: 2M
 Heap Min Capacity: 8M
 Heap Initial Capacity: 188M
 Heap Max Capacity: 3004M
 Pre-touch: Disabled
 Parallel Workers: 4
 Concurrent Workers: 1
 Concurrent Refinement Workers: 4
 Periodic GC: Disabled

Heap:
 garbage-first heap   total 192512K, used 8301K [0x0000000744400000, 0x0000000800000000)
  region size 2048K, 2 young (4096K), 1 survivors (2048K)
 Metaspace       used 4422K, committed 4544K, reserved 1114112K
  class space    used 475K, committed 512K, reserved 1048576K

Heap Regions: E=young(eden), S=young(survivor), O=old, HS=humongous(starts), HC=humongous(continues), CS=collection set, F=free, OA=open archive, CA=closed archive, TAMS=top-at-mark-start (previous, next)
|   0|0x0000000744400000, 0x0000000744600000, 0x0000000744600000|100%| O|  |TAMS 0x0000000744400000, 0x0000000744400000| Untracked 
|   1|0x0000000744600000, 0x0000000744800000, 0x0000000744800000|100%| O|  |TAMS 0x0000000744600000, 0x0000000744600000| Untracked 
|   2|0x0000000744800000, 0x0000000744a00000, 0x0000000744a00000|100%| O|  |TAMS 0x0000000744800000, 0x0000000744800000| Untracked 
|   3|0x0000000744a00000, 0x0000000744b85a00, 0x0000000744c00000| 76%| O|  |TAMS 0x0000000744a00000, 0x0000000744a00000| Untracked 
|   4|0x0000000744c00000, 0x0000000744c00000, 0x0000000744e00000|  0%| F|  |TAMS 0x0000000744c00000, 0x0000000744c00000| Untracked 
|   5|0x0000000744e00000, 0x0000000744e00000, 0x0000000745000000|  0%| F|  |TAMS 0x0000000744e00000, 0x0000000744e00000| Untracked 
|   6|0x0000000745000000, 0x0000000745000000, 0x0000000745200000|  0%| F|  |TAMS 0x0000000745000000, 0x0000000745000000| Untracked 
|   7|0x0000000745200000, 0x0000000745200000, 0x0000000745400000|  0%| F|  |TAMS 0x0000000745200000, 0x0000000745200000| Untracked 
|   8|0x0000000745400000, 0x0000000745400000, 0x0000000745600000|  0%| F|  |TAMS 0x0000000745400000, 0x0000000745400000| Untracked 
|   9|0x0000000745600000, 0x0000000745600000, 0x0000000745800000|  0%| F|  |TAMS 0x0000000745600000, 0x0000000745600000| Untracked 
|  10|0x0000000745800000, 0x0000000745800000, 0x0000000745a00000|  0%| F|  |TAMS 0x0000000745800000, 0x0000000745800000| Untracked 
|  11|0x0000000745a00000, 0x0000000745a00000, 0x0000000745c00000|  0%| F|  |TAMS 0x0000000745a00000, 0x0000000745a00000| Untracked 
|  12|0x0000000745c00000, 0x0000000745c00000, 0x0000000745e00000|  0%| F|  |TAMS 0x0000000745c00000, 0x0000000745c00000| Untracked 
|  13|0x0000000745e00000, 0x0000000745e00000, 0x0000000746000000|  0%| F|  |TAMS 0x0000000745e00000, 0x0000000745e00000| Untracked 
|  14|0x0000000746000000, 0x0000000746000000, 0x0000000746200000|  0%| F|  |TAMS 0x0000000746000000, 0x0000000746000000| Untracked 
|  15|0x0000000746200000, 0x0000000746200000, 0x0000000746400000|  0%| F|  |TAMS 0x0000000746200000, 0x0000000746200000| Untracked 
|  16|0x0000000746400000, 0x0000000746400000, 0x0000000746600000|  0%| F|  |TAMS 0x0000000746400000, 0x0000000746400000| Untracked 
|  17|0x0000000746600000, 0x0000000746600000, 0x0000000746800000|  0%| F|  |TAMS 0x0000000746600000, 0x0000000746600000| Untracked 
|  18|0x0000000746800000, 0x0000000746800000, 0x0000000746a00000|  0%| F|  |TAMS 0x0000000746800000, 0x0000000746800000| Untracked 
|  19|0x0000000746a00000, 0x0000000746a00000, 0x0000000746c00000|  0%| F|  |TAMS 0x0000000746a00000, 0x0000000746a00000| Untracked 
|  20|0x0000000746c00000, 0x0000000746c00000, 0x0000000746e00000|  0%| F|  |TAMS 0x0000000746c00000, 0x0000000746c00000| Untracked 
|  21|0x0000000746e00000, 0x0000000746e00000, 0x0000000747000000|  0%| F|  |TAMS 0x0000000746e00000, 0x0000000746e00000| Untracked 
|  22|0x0000000747000000, 0x0000000747000000, 0x0000000747200000|  0%| F|  |TAMS 0x0000000747000000, 0x0000000747000000| Untracked 
|  23|0x0000000747200000, 0x0000000747200000, 0x0000000747400000|  0%| F|  |TAMS 0x0000000747200000, 0x0000000747200000| Untracked 
|  24|0x0000000747400000, 0x0000000747400000, 0x0000000747600000|  0%| F|  |TAMS 0x0000000747400000, 0x0000000747400000| Untracked 
|  25|0x0000000747600000, 0x0000000747600000, 0x0000000747800000|  0%| F|  |TAMS 0x0000000747600000, 0x0000000747600000| Untracked 
|  26|0x0000000747800000, 0x0000000747800000, 0x0000000747a00000|  0%| F|  |TAMS 0x0000000747800000, 0x0000000747800000| Untracked 
|  27|0x0000000747a00000, 0x0000000747a00000, 0x0000000747c00000|  0%| F|  |TAMS 0x0000000747a00000, 0x0000000747a00000| Untracked 
|  28|0x0000000747c00000, 0x0000000747c00000, 0x0000000747e00000|  0%| F|  |TAMS 0x0000000747c00000, 0x0000000747c00000| Untracked 
|  29|0x0000000747e00000, 0x0000000747e00000, 0x0000000748000000|  0%| F|  |TAMS 0x0000000747e00000, 0x0000000747e00000| Untracked 
|  30|0x0000000748000000, 0x0000000748000000, 0x0000000748200000|  0%| F|  |TAMS 0x0000000748000000, 0x0000000748000000| Untracked 
|  31|0x0000000748200000, 0x0000000748200000, 0x0000000748400000|  0%| F|  |TAMS 0x0000000748200000, 0x0000000748200000| Untracked 
|  32|0x0000000748400000, 0x0000000748400000, 0x0000000748600000|  0%| F|  |TAMS 0x0000000748400000, 0x0000000748400000| Untracked 
|  33|0x0000000748600000, 0x0000000748600000, 0x0000000748800000|  0%| F|  |TAMS 0x0000000748600000, 0x0000000748600000| Untracked 
|  34|0x0000000748800000, 0x0000000748800000, 0x0000000748a00000|  0%| F|  |TAMS 0x0000000748800000, 0x0000000748800000| Untracked 
|  35|0x0000000748a00000, 0x0000000748a00000, 0x0000000748c00000|  0%| F|  |TAMS 0x0000000748a00000, 0x0000000748a00000| Untracked 
|  36|0x0000000748c00000, 0x0000000748c00000, 0x0000000748e00000|  0%| F|  |TAMS 0x0000000748c00000, 0x0000000748c00000| Untracked 
|  37|0x0000000748e00000, 0x0000000748e00000, 0x0000000749000000|  0%| F|  |TAMS 0x0000000748e00000, 0x0000000748e00000| Untracked 
|  38|0x0000000749000000, 0x0000000749000000, 0x0000000749200000|  0%| F|  |TAMS 0x0000000749000000, 0x0000000749000000| Untracked 
|  39|0x0000000749200000, 0x0000000749200000, 0x0000000749400000|  0%| F|  |TAMS 0x0000000749200000, 0x0000000749200000| Untracked 
|  40|0x0000000749400000, 0x0000000749400000, 0x0000000749600000|  0%| F|  |TAMS 0x0000000749400000, 0x0000000749400000| Untracked 
|  41|0x0000000749600000, 0x0000000749600000, 0x0000000749800000|  0%| F|  |TAMS 0x0000000749600000, 0x0000000749600000| Untracked 
|  42|0x0000000749800000, 0x0000000749800000, 0x0000000749a00000|  0%| F|  |TAMS 0x0000000749800000, 0x0000000749800000| Untracked 
|  43|0x0000000749a00000, 0x0000000749a00000, 0x0000000749c00000|  0%| F|  |TAMS 0x0000000749a00000, 0x0000000749a00000| Untracked 
|  44|0x0000000749c00000, 0x0000000749c00000, 0x0000000749e00000|  0%| F|  |TAMS 0x0000000749c00000, 0x0000000749c00000| Untracked 
|  45|0x0000000749e00000, 0x0000000749e00000, 0x000000074a000000|  0%| F|  |TAMS 0x0000000749e00000, 0x0000000749e00000| Untracked 
|  46|0x000000074a000000, 0x000000074a000000, 0x000000074a200000|  0%| F|  |TAMS 0x000000074a000000, 0x000000074a000000| Untracked 
|  47|0x000000074a200000, 0x000000074a200000, 0x000000074a400000|  0%| F|  |TAMS 0x000000074a200000, 0x000000074a200000| Untracked 
|  48|0x000000074a400000, 0x000000074a400000, 0x000000074a600000|  0%| F|  |TAMS 0x000000074a400000, 0x000000074a400000| Untracked 
|  49|0x000000074a600000, 0x000000074a600000, 0x000000074a800000|  0%| F|  |TAMS 0x000000074a600000, 0x000000074a600000| Untracked 
|  50|0x000000074a800000, 0x000000074a800000, 0x000000074aa00000|  0%| F|  |TAMS 0x000000074a800000, 0x000000074a800000| Untracked 
|  51|0x000000074aa00000, 0x000000074aa00000, 0x000000074ac00000|  0%| F|  |TAMS 0x000000074aa00000, 0x000000074aa00000| Untracked 
|  52|0x000000074ac00000, 0x000000074ac00000, 0x000000074ae00000|  0%| F|  |TAMS 0x000000074ac00000, 0x000000074ac00000| Untracked 
|  53|0x000000074ae00000, 0x000000074ae00000, 0x000000074b000000|  0%| F|  |TAMS 0x000000074ae00000, 0x000000074ae00000| Untracked 
|  54|0x000000074b000000, 0x000000074b000000, 0x000000074b200000|  0%| F|  |TAMS 0x000000074b000000, 0x000000074b000000| Untracked 
|  55|0x000000074b200000, 0x000000074b200000, 0x000000074b400000|  0%| F|  |TAMS 0x000000074b200000, 0x000000074b200000| Untracked 
|  56|0x000000074b400000, 0x000000074b400000, 0x000000074b600000|  0%| F|  |TAMS 0x000000074b400000, 0x000000074b400000| Untracked 
|  57|0x000000074b600000, 0x000000074b600000, 0x000000074b800000|  0%| F|  |TAMS 0x000000074b600000, 0x000000074b600000| Untracked 
|  58|0x000000074b800000, 0x000000074b800000, 0x000000074ba00000|  0%| F|  |TAMS 0x000000074b800000, 0x000000074b800000| Untracked 
|  59|0x000000074ba00000, 0x000000074ba00000, 0x000000074bc00000|  0%| F|  |TAMS 0x000000074ba00000, 0x000000074ba00000| Untracked 
|  60|0x000000074bc00000, 0x000000074bc00000, 0x000000074be00000|  0%| F|  |TAMS 0x000000074bc00000, 0x000000074bc00000| Untracked 
|  61|0x000000074be00000, 0x000000074be00000, 0x000000074c000000|  0%| F|  |TAMS 0x000000074be00000, 0x000000074be00000| Untracked 
|  62|0x000000074c000000, 0x000000074c000000, 0x000000074c200000|  0%| F|  |TAMS 0x000000074c000000, 0x000000074c000000| Untracked 
|  63|0x000000074c200000, 0x000000074c200000, 0x000000074c400000|  0%| F|  |TAMS 0x000000074c200000, 0x000000074c200000| Untracked 
|  64|0x000000074c400000, 0x000000074c400000, 0x000000074c600000|  0%| F|  |TAMS 0x000000074c400000, 0x000000074c400000| Untracked 
|  65|0x000000074c600000, 0x000000074c600000, 0x000000074c800000|  0%| F|  |TAMS 0x000000074c600000, 0x000000074c600000| Untracked 
|  66|0x000000074c800000, 0x000000074c800000, 0x000000074ca00000|  0%| F|  |TAMS 0x000000074c800000, 0x000000074c800000| Untracked 
|  67|0x000000074ca00000, 0x000000074ca00000, 0x000000074cc00000|  0%| F|  |TAMS 0x000000074ca00000, 0x000000074ca00000| Untracked 
|  68|0x000000074cc00000, 0x000000074cc00000, 0x000000074ce00000|  0%| F|  |TAMS 0x000000074cc00000, 0x000000074cc00000| Untracked 
|  69|0x000000074ce00000, 0x000000074ce00000, 0x000000074d000000|  0%| F|  |TAMS 0x000000074ce00000, 0x000000074ce00000| Untracked 
|  70|0x000000074d000000, 0x000000074d000000, 0x000000074d200000|  0%| F|  |TAMS 0x000000074d000000, 0x000000074d000000| Untracked 
|  71|0x000000074d200000, 0x000000074d200000, 0x000000074d400000|  0%| F|  |TAMS 0x000000074d200000, 0x000000074d200000| Untracked 
|  72|0x000000074d400000, 0x000000074d400000, 0x000000074d600000|  0%| F|  |TAMS 0x000000074d400000, 0x000000074d400000| Untracked 
|  73|0x000000074d600000, 0x000000074d600000, 0x000000074d800000|  0%| F|  |TAMS 0x000000074d600000, 0x000000074d600000| Untracked 
|  74|0x000000074d800000, 0x000000074d800000, 0x000000074da00000|  0%| F|  |TAMS 0x000000074d800000, 0x000000074d800000| Untracked 
|  75|0x000000074da00000, 0x000000074da00000, 0x000000074dc00000|  0%| F|  |TAMS 0x000000074da00000, 0x000000074da00000| Untracked 
|  76|0x000000074dc00000, 0x000000074dc00000, 0x000000074de00000|  0%| F|  |TAMS 0x000000074dc00000, 0x000000074dc00000| Untracked 
|  77|0x000000074de00000, 0x000000074de00000, 0x000000074e000000|  0%| F|  |TAMS 0x000000074de00000, 0x000000074de00000| Untracked 
|  78|0x000000074e000000, 0x000000074e000000, 0x000000074e200000|  0%| F|  |TAMS 0x000000074e000000, 0x000000074e000000| Untracked 
|  79|0x000000074e200000, 0x000000074e200000, 0x000000074e400000|  0%| F|  |TAMS 0x000000074e200000, 0x000000074e200000| Untracked 
|  80|0x000000074e400000, 0x000000074e400000, 0x000000074e600000|  0%| F|  |TAMS 0x000000074e400000, 0x000000074e400000| Untracked 
|  81|0x000000074e600000, 0x000000074e600000, 0x000000074e800000|  0%| F|  |TAMS 0x000000074e600000, 0x000000074e600000| Untracked 
|  82|0x000000074e800000, 0x000000074e800000, 0x000000074ea00000|  0%| F|  |TAMS 0x000000074e800000, 0x000000074e800000| Untracked 
|  83|0x000000074ea00000, 0x000000074ea00000, 0x000000074ec00000|  0%| F|  |TAMS 0x000000074ea00000, 0x000000074ea00000| Untracked 
|  84|0x000000074ec00000, 0x000000074ec00000, 0x000000074ee00000|  0%| F|  |TAMS 0x000000074ec00000, 0x000000074ec00000| Untracked 
|  85|0x000000074ee00000, 0x000000074ee00000, 0x000000074f000000|  0%| F|  |TAMS 0x000000074ee00000, 0x000000074ee00000| Untracked 
|  86|0x000000074f000000, 0x000000074f000000, 0x000000074f200000|  0%| F|  |TAMS 0x000000074f000000, 0x000000074f000000| Untracked 
|  87|0x000000074f200000, 0x000000074f200000, 0x000000074f400000|  0%| F|  |TAMS 0x000000074f200000, 0x000000074f200000| Untracked 
|  88|0x000000074f400000, 0x000000074f400000, 0x000000074f600000|  0%| F|  |TAMS 0x000000074f400000, 0x000000074f400000| Untracked 
|  89|0x000000074f600000, 0x000000074f600000, 0x000000074f800000|  0%| F|  |TAMS 0x000000074f600000, 0x000000074f600000| Untracked 
|  90|0x000000074f800000, 0x000000074f895b50, 0x000000074fa00000| 29%| S|CS|TAMS 0x000000074f800000, 0x000000074f800000| Complete 
|  91|0x000000074fa00000, 0x000000074fa00000, 0x000000074fc00000|  0%| F|  |TAMS 0x000000074fa00000, 0x000000074fa00000| Untracked 
|  92|0x000000074fc00000, 0x000000074fc00000, 0x000000074fe00000|  0%| F|  |TAMS 0x000000074fc00000, 0x000000074fc00000| Untracked 
|  93|0x000000074fe00000, 0x000000074fefa5d8, 0x0000000750000000| 48%| E|  |TAMS 0x000000074fe00000, 0x000000074fe00000| Complete 

Card table byte_map: [0x0000020635bb0000,0x0000020636190000] _byte_map_base: 0x000002063218e000

Marking Bits (Prev, Next): (CMBitMap*) 0x000002061eae2f40, (CMBitMap*) 0x000002061eae2f80
 Prev Bits: [0x0000020636770000, 0x0000020639660000)
 Next Bits: [0x0000020639660000, 0x000002063c550000)

Polling page: 0x000002061e240000

Metaspace:

Usage:
  Non-class:      3.85 MB used.
      Class:    475.82 KB used.
       Both:      4.32 MB used.

Virtual space:
  Non-class space:       64.00 MB reserved,       3.94 MB (  6%) committed,  1 nodes.
      Class space:        1.00 GB reserved,     512.00 KB ( <1%) committed,  1 nodes.
             Both:        1.06 GB reserved,       4.44 MB ( <1%) committed. 

Chunk freelists:
   Non-Class:  10.09 MB
       Class:  15.44 MB
        Both:  25.53 MB

MaxMetaspaceSize: unlimited
CompressedClassSpaceSize: 1.00 GB
Initial GC threshold: 21.00 MB
Current GC threshold: 21.00 MB
CDS: on
MetaspaceReclaimPolicy: balanced
 - commit_granule_bytes: 65536.
 - commit_granule_words: 8192.
 - virtual_space_node_default_size: 8388608.
 - enlarge_chunks_in_place: 1.
 - new_chunks_are_fully_committed: 0.
 - uncommit_free_chunks: 1.
 - use_allocation_guard: 0.
 - handle_deallocations: 1.


Internal statistics:

num_allocs_failed_limit: 0.
num_arena_births: 84.
num_arena_deaths: 0.
num_vsnodes_births: 2.
num_vsnodes_deaths: 0.
num_space_committed: 71.
num_space_uncommitted: 0.
num_chunks_returned_to_freelist: 0.
num_chunks_taken_from_freelist: 199.
num_chunk_merges: 0.
num_chunk_splits: 124.
num_chunks_enlarged: 94.
num_inconsistent_stats: 0.

CodeHeap 'non-profiled nmethods': size=120000Kb used=355Kb max_used=355Kb free=119644Kb
 bounds [0x000002062e0a0000, 0x000002062e310000, 0x00000206355d0000]
CodeHeap 'profiled nmethods': size=120000Kb used=1654Kb max_used=1654Kb free=118345Kb
 bounds [0x00000206265d0000, 0x0000020626840000, 0x000002062db00000]
CodeHeap 'non-nmethods': size=5760Kb used=1145Kb max_used=1160Kb free=4615Kb
 bounds [0x000002062db00000, 0x000002062dd70000, 0x000002062e0a0000]
 total_blobs=1401 nmethods=969 adapters=345
 compilation: enabled
              stopped_count=0, restarted_count=0
 full_count=0

Compilation events (20 events):
Event: 6.174 Thread 0x000002063ea41eb0 nmethod 958 0x000002062e0f8210 code [0x000002062e0f83a0, 0x000002062e0f84b8]
Event: 6.235 Thread 0x000002063ea41eb0  960       1       java.lang.invoke.InfoFromMemberName::getReferenceKind (5 bytes)
Event: 6.235 Thread 0x000002063ea41eb0 nmethod 960 0x000002062e0f8810 code [0x000002062e0f89a0, 0x000002062e0f8a78]
Event: 6.237 Thread 0x000002063ea41eb0  962       3       jdk.internal.org.objectweb.asm.Label::resolve (219 bytes)
Event: 6.237 Thread 0x000002063ea41eb0 nmethod 962 0x0000020626769010 code [0x00000206267691e0, 0x00000206267696f8]
Event: 6.243 Thread 0x000002063ea41eb0  963       3       java.lang.ref.ReferenceQueue::<init> (21 bytes)
Event: 6.243 Thread 0x000002063ea41eb0 nmethod 963 0x0000020626769990 code [0x0000020626769b40, 0x0000020626769e38]
Event: 6.243 Thread 0x000002063ea41eb0  964       3       java.lang.ref.ReferenceQueue$Lock::<init> (5 bytes)
Event: 6.243 Thread 0x000002063ea41eb0 nmethod 964 0x0000020626769f90 code [0x000002062676a120, 0x000002062676a278]
Event: 6.249 Thread 0x000002063ea41eb0  965       3       jdk.internal.org.objectweb.asm.Attribute::computeAttributesSize (62 bytes)
Event: 6.249 Thread 0x000002063ea41eb0 nmethod 965 0x000002062676a310 code [0x000002062676a4e0, 0x000002062676a7e8]
Event: 6.249 Thread 0x000002063ea41eb0  966       3       jdk.internal.org.objectweb.asm.AnnotationWriter::computeAnnotationsSize (66 bytes)
Event: 6.250 Thread 0x000002063ea41eb0 nmethod 966 0x000002062676a990 code [0x000002062676ab60, 0x000002062676ae78]
Event: 6.250 Thread 0x000002063ea41eb0  967       3       jdk.internal.org.objectweb.asm.Attribute::putAttributes (78 bytes)
Event: 6.250 Thread 0x000002063ea41eb0 nmethod 967 0x000002062676b010 code [0x000002062676b260, 0x000002062676b778]
Event: 6.250 Thread 0x000002063ea41eb0  968       3       jdk.internal.loader.BuiltinClassLoader::defineClass (121 bytes)
Event: 6.251 Thread 0x000002063ea41eb0 nmethod 968 0x000002062676ba10 code [0x000002062676bd00, 0x000002062676d008]
Event: 6.295 Thread 0x000002063ea41eb0  969       3       java.util.jar.JarFile$JarFileEntry::getRealName (5 bytes)
Event: 6.295 Thread 0x000002063ea41eb0 nmethod 969 0x000002062676d590 code [0x000002062676d720, 0x000002062676d838]
Event: 6.303 Thread 0x000002063ea39c30  970       4       sun.net.www.ParseUtil::firstEncodeIndex (86 bytes)

GC Heap History (4 events):
Event: 4.992 GC heap before
{Heap before GC invocations=0 (full 0):
 garbage-first heap   total 192512K, used 10240K [0x0000000744400000, 0x0000000800000000)
  region size 2048K, 6 young (12288K), 0 survivors (0K)
 Metaspace       used 2133K, committed 2304K, reserved 1114112K
  class space    used 186K, committed 256K, reserved 1048576K
}
Event: 5.007 GC heap after
{Heap after GC invocations=1 (full 0):
 garbage-first heap   total 192512K, used 7706K [0x0000000744400000, 0x0000000800000000)
  region size 2048K, 1 young (2048K), 1 survivors (2048K)
 Metaspace       used 2133K, committed 2304K, reserved 1114112K
  class space    used 186K, committed 256K, reserved 1048576K
}
Event: 6.171 GC heap before
{Heap before GC invocations=1 (full 0):
 garbage-first heap   total 192512K, used 13850K [0x0000000744400000, 0x0000000800000000)
  region size 2048K, 4 young (8192K), 1 survivors (2048K)
 Metaspace       used 4178K, committed 4352K, reserved 1114112K
  class space    used 434K, committed 512K, reserved 1048576K
}
Event: 6.174 GC heap after
{Heap after GC invocations=2 (full 0):
 garbage-first heap   total 192512K, used 8301K [0x0000000744400000, 0x0000000800000000)
  region size 2048K, 1 young (2048K), 1 survivors (2048K)
 Metaspace       used 4178K, committed 4352K, reserved 1114112K
  class space    used 434K, committed 512K, reserved 1048576K
}

Dll operation events (10 events):
Event: 0.038 Loaded shared library C:\Users\JUSTINE\.jdks\corretto-17.0.15\bin\java.dll
Event: 0.078 Loaded shared library C:\Users\JUSTINE\.jdks\corretto-17.0.15\bin\jsvml.dll
Event: 0.251 Loaded shared library C:\Users\JUSTINE\.jdks\corretto-17.0.15\bin\zip.dll
Event: 0.256 Loaded shared library C:\Users\JUSTINE\.jdks\corretto-17.0.15\bin\instrument.dll
Event: 0.265 Loaded shared library C:\Users\JUSTINE\.jdks\corretto-17.0.15\bin\net.dll
Event: 0.267 Loaded shared library C:\Users\JUSTINE\.jdks\corretto-17.0.15\bin\nio.dll
Event: 0.272 Loaded shared library C:\Users\JUSTINE\.jdks\corretto-17.0.15\bin\zip.dll
Event: 1.135 Loaded shared library C:\Users\JUSTINE\.jdks\corretto-17.0.15\bin\jimage.dll
Event: 4.377 Loaded shared library C:\Program Files\JetBrains\IntelliJ IDEA Community Edition 2023.2.5\bin\breakgen64.dll
Event: 4.759 Loaded shared library C:\Users\JUSTINE\.jdks\corretto-17.0.15\bin\extnet.dll

Deoptimization events (20 events):
Event: 5.111 Thread 0x000002061ea909e0 DEOPT PACKING pc=0x000002062e0b7464 sp=0x000000de8dcfcef0
Event: 5.111 Thread 0x000002061ea909e0 DEOPT UNPACKING pc=0x000002062db569a3 sp=0x000000de8dcfce78 mode 2
Event: 5.136 Thread 0x000002061ea909e0 DEOPT PACKING pc=0x0000020626617e06 sp=0x000000de8dcfd040
Event: 5.136 Thread 0x000002061ea909e0 DEOPT UNPACKING pc=0x000002062db57143 sp=0x000000de8dcfc4d0 mode 0
Event: 5.217 Thread 0x000002061ea909e0 DEOPT PACKING pc=0x0000020626660dbb sp=0x000000de8dcf8e60
Event: 5.217 Thread 0x000002061ea909e0 DEOPT UNPACKING pc=0x000002062db57143 sp=0x000000de8dcf82b0 mode 0
Event: 5.503 Thread 0x000002061ea909e0 DEOPT PACKING pc=0x0000020626609a38 sp=0x000000de8dcfbfa0
Event: 5.503 Thread 0x000002061ea909e0 DEOPT UNPACKING pc=0x000002062db57143 sp=0x000000de8dcfb418 mode 0
Event: 5.563 Thread 0x000002061ea909e0 Uncommon trap: trap_request=0xffffff6e fr.pc=0x000002062e0e0a90 relative=0x00000000000003f0
Event: 5.563 Thread 0x000002061ea909e0 Uncommon trap: reason=loop_limit_check action=maybe_recompile pc=0x000002062e0e0a90 method=java.lang.StringLatin1.indexOf([BI[BII)I @ 37 c2
Event: 5.563 Thread 0x000002061ea909e0 DEOPT PACKING pc=0x000002062e0e0a90 sp=0x000000de8dcfcbb0
Event: 5.563 Thread 0x000002061ea909e0 DEOPT UNPACKING pc=0x000002062db569a3 sp=0x000000de8dcfcb10 mode 2
Event: 5.614 Thread 0x000002061ea909e0 Uncommon trap: trap_request=0xffffff45 fr.pc=0x000002062e0d0658 relative=0x0000000000000a38
Event: 5.614 Thread 0x000002061ea909e0 Uncommon trap: reason=unstable_if action=reinterpret pc=0x000002062e0d0658 method=java.util.HashMap.hash(Ljava/lang/Object;)I @ 1 c2
Event: 5.614 Thread 0x000002061ea909e0 DEOPT PACKING pc=0x000002062e0d0658 sp=0x000000de8dcfc140
Event: 5.614 Thread 0x000002061ea909e0 DEOPT UNPACKING pc=0x000002062db569a3 sp=0x000000de8dcfc0e0 mode 2
Event: 5.614 Thread 0x000002061ea909e0 Uncommon trap: trap_request=0xffffff45 fr.pc=0x000002062e0d0f98 relative=0x0000000000000098
Event: 5.614 Thread 0x000002061ea909e0 Uncommon trap: reason=unstable_if action=reinterpret pc=0x000002062e0d0f98 method=java.util.HashMap.hash(Ljava/lang/Object;)I @ 1 c2
Event: 5.614 Thread 0x000002061ea909e0 DEOPT PACKING pc=0x000002062e0d0f98 sp=0x000000de8dcfc150
Event: 5.614 Thread 0x000002061ea909e0 DEOPT UNPACKING pc=0x000002062db569a3 sp=0x000000de8dcfc0e8 mode 2

Classes loaded (20 events):
Event: 6.044 Loading class java/util/stream/SpinedBuffer
Event: 6.045 Loading class java/util/stream/AbstractSpinedBuffer
Event: 6.046 Loading class java/util/stream/AbstractSpinedBuffer done
Event: 6.046 Loading class java/util/stream/SpinedBuffer done
Event: 6.046 Loading class java/util/stream/Nodes$SpinedNodeBuilder done
Event: 6.058 Loading class java/util/IdentityHashMap$EntrySet
Event: 6.058 Loading class java/util/IdentityHashMap$EntrySet done
Event: 6.058 Loading class java/util/IdentityHashMap$EntryIterator
Event: 6.058 Loading class java/util/IdentityHashMap$EntryIterator done
Event: 6.058 Loading class java/util/IdentityHashMap$EntryIterator$Entry
Event: 6.058 Loading class java/util/IdentityHashMap$EntryIterator$Entry done
Event: 6.058 Loading class java/util/IdentityHashMap$ValueIterator
Event: 6.058 Loading class java/util/IdentityHashMap$ValueIterator done
Event: 6.087 Loading class java/lang/reflect/UndeclaredThrowableException
Event: 6.100 Loading class java/lang/reflect/UndeclaredThrowableException done
Event: 6.244 Loading class java/util/ComparableTimSort
Event: 6.247 Loading class java/util/ComparableTimSort done
Event: 6.304 Loading class java/lang/NoSuchFieldError
Event: 6.304 Loading class java/lang/NoSuchFieldError done
Event: 6.304 Loading class java/lang/Class$AnnotationData

Classes unloaded (0 events):
No events

Classes redefined (0 events):
No events

Internal exceptions (16 events):
Event: 4.475 Thread 0x00000206842214a0 Exception <a 'java/lang/NoSuchMethodError'{0x000000074f7a8398}: 'java.lang.Object java.lang.invoke.DirectMethodHandle$Holder.invokeStaticInit(java.lang.Object)'> (0x000000074f7a8398) 
thrown [s\src\hotspot\share\interpreter\linkResolver.cpp, line 759]
Event: 4.777 Thread 0x00000206842214a0 Exception <a 'java/lang/NoSuchMethodError'{0x000000074f7b64c8}: 'void java.lang.invoke.DirectMethodHandle$Holder.invokeStatic(java.lang.Object, java.lang.Object)'> (0x000000074f7b64c8) 
thrown [s\src\hotspot\share\interpreter\linkResolver.cpp, line 759]
Event: 4.778 Thread 0x000002061ea909e0 Exception <a 'java/lang/NoSuchMethodError'{0x000000074f47c508}: 'java.lang.Object java.lang.invoke.DirectMethodHandle$Holder.invokeStaticInit(java.lang.Object, java.lang.Object, java.lang.Object)'> (0x000000074f47c508) 
thrown [s\src\hotspot\share\interpreter\linkResolver.cpp, line 759]
Event: 4.948 Thread 0x000002061ea909e0 Exception <a 'java/lang/NoSuchMethodError'{0x000000074f59f3b0}: 'void java.lang.invoke.DirectMethodHandle$Holder.invokeStatic(java.lang.Object, java.lang.Object, java.lang.Object, java.lang.Object)'> (0x000000074f59f3b0) 
thrown [s\src\hotspot\share\interpreter\linkResolver.cpp, line 759]
Event: 5.011 Thread 0x000002061ea909e0 Exception <a 'java/lang/NoSuchMethodError'{0x000000074fe18510}: 'int java.lang.invoke.DirectMethodHandle$Holder.invokeStatic(java.lang.Object)'> (0x000000074fe18510) 
thrown [s\src\hotspot\share\interpreter\linkResolver.cpp, line 759]
Event: 5.012 Thread 0x000002061ea909e0 Exception <a 'java/lang/NoSuchMethodError'{0x000000074fe1b9c0}: 'int java.lang.invoke.DirectMethodHandle$Holder.invokeStaticInit(java.lang.Object)'> (0x000000074fe1b9c0) 
thrown [s\src\hotspot\share\interpreter\linkResolver.cpp, line 759]
Event: 5.054 Thread 0x000002061ea909e0 Exception <a 'java/lang/NoSuchMethodError'{0x000000074fe5c870}: 'void java.lang.invoke.DirectMethodHandle$Holder.invokeStatic(java.lang.Object, java.lang.Object, java.lang.Object)'> (0x000000074fe5c870) 
thrown [s\src\hotspot\share\interpreter\linkResolver.cpp, line 759]
Event: 5.062 Thread 0x000002061ea909e0 Exception <a 'java/lang/NoSuchMethodError'{0x000000074fe7acf8}: 'java.lang.Object java.lang.invoke.DirectMethodHandle$Holder.invokeStatic(java.lang.Object, int, java.lang.Object)'> (0x000000074fe7acf8) 
thrown [s\src\hotspot\share\interpreter\linkResolver.cpp, line 759]
Event: 5.069 Thread 0x000002061ea909e0 Exception <a 'java/lang/NoSuchMethodError'{0x000000074fe83d28}: 'java.lang.Object java.lang.invoke.DirectMethodHandle$Holder.invokeInterface(java.lang.Object, java.lang.Object)'> (0x000000074fe83d28) 
thrown [s\src\hotspot\share\interpreter\linkResolver.cpp, line 759]
Event: 5.307 Thread 0x000002061ea909e0 Exception <a 'java/lang/NoSuchMethodError'{0x000000074fefe388}: 'void java.lang.invoke.DirectMethodHandle$Holder.invokeStaticInit(java.lang.Object, java.lang.Object, java.lang.Object, java.lang.Object)'> (0x000000074fefe388) 
thrown [s\src\hotspot\share\interpreter\linkResolver.cpp, line 759]
Event: 5.560 Thread 0x000002061ea909e0 Exception <a 'java/lang/NoSuchMethodError'{0x000000074fc9fc98}: 'java.lang.Object java.lang.invoke.DirectMethodHandle$Holder.invokeSpecial(java.lang.Object, java.lang.Object, java.lang.Object, long, java.lang.Object)'> (0x000000074fc9fc98) 
thrown [s\src\hotspot\share\interpreter\linkResolver.cpp, line 759]
Event: 5.561 Thread 0x000002061ea909e0 Exception <a 'java/lang/NoSuchMethodError'{0x000000074fca3ae0}: 'java.lang.Object java.lang.invoke.Invokers$Holder.linkToTargetMethod(java.lang.Object, long, java.lang.Object, java.lang.Object)'> (0x000000074fca3ae0) 
thrown [s\src\hotspot\share\interpreter\linkResolver.cpp, line 759]
Event: 5.614 Thread 0x000002061ea909e0 Implicit null exception at 0x000002062e0cfc5e to 0x000002062e0d063c
Event: 5.614 Thread 0x000002061ea909e0 Implicit null exception at 0x000002062e0d0f0f to 0x000002062e0d0f89
Event: 6.102 Thread 0x000002061ea909e0 Exception <a 'java/lang/NoSuchMethodError'{0x000000074fb61be8}: 'int java.lang.invoke.DirectMethodHandle$Holder.invokeStaticInit(java.lang.Object, java.lang.Object)'> (0x000000074fb61be8) 
thrown [s\src\hotspot\share\interpreter\linkResolver.cpp, line 759]
Event: 6.233 Thread 0x000002061ea909e0 Exception <a 'java/lang/NoSuchMethodError'{0x000000074fe1b6b8}: 'void java.lang.invoke.DirectMethodHandle$Holder.invokeInterface(java.lang.Object, java.lang.Object, java.lang.Object, java.lang.Object)'> (0x000000074fe1b6b8) 
thrown [s\src\hotspot\share\interpreter\linkResolver.cpp, line 759]

VM Operations (20 events):
Event: 2.260 Executing VM operation: Cleanup
Event: 2.260 Executing VM operation: Cleanup done
Event: 4.289 Executing VM operation: Cleanup
Event: 4.306 Executing VM operation: Cleanup done
Event: 4.429 Executing VM operation: HandshakeAllThreads
Event: 4.444 Executing VM operation: HandshakeAllThreads done
Event: 4.710 Executing VM operation: HandshakeAllThreads
Event: 4.710 Executing VM operation: HandshakeAllThreads done
Event: 4.926 Executing VM operation: HandshakeAllThreads
Event: 4.926 Executing VM operation: HandshakeAllThreads done
Event: 4.978 Executing VM operation: G1CollectForAllocation
Event: 5.007 Executing VM operation: G1CollectForAllocation done
Event: 5.111 Executing VM operation: HandshakeAllThreads
Event: 5.111 Executing VM operation: HandshakeAllThreads done
Event: 5.241 Executing VM operation: HandshakeAllThreads
Event: 5.241 Executing VM operation: HandshakeAllThreads done
Event: 5.373 Executing VM operation: HandshakeAllThreads
Event: 5.373 Executing VM operation: HandshakeAllThreads done
Event: 6.171 Executing VM operation: G1CollectForAllocation
Event: 6.174 Executing VM operation: G1CollectForAllocation done

Memory protections (0 events):
No events

Nmethod flushes (0 events):
No events

Events (13 events):
Event: 0.079 Thread 0x000002061ea909e0 Thread added: 0x000002061ea909e0
Event: 0.082 Thread 0x000002061ea909e0 Thread added: 0x000002063ea1a240
Event: 0.083 Thread 0x000002061ea909e0 Thread added: 0x000002063ea1b860
Event: 0.095 Thread 0x000002061ea909e0 Thread added: 0x000002063ea2e4f0
Event: 0.095 Thread 0x000002061ea909e0 Thread added: 0x000002063ea30fd0
Event: 0.095 Thread 0x000002061ea909e0 Thread added: 0x000002063ea32130
Event: 0.095 Thread 0x000002061ea909e0 Thread added: 0x000002063ea33fd0
Event: 0.095 Thread 0x000002061ea909e0 Thread added: 0x000002063ea39c30
Event: 0.095 Thread 0x000002061ea909e0 Thread added: 0x000002063ea41eb0
Event: 0.096 Thread 0x000002061ea909e0 Thread added: 0x000002063ea44cc0
Event: 0.216 Thread 0x000002061ea909e0 Thread added: 0x000002063ea02ed0
Event: 4.378 Thread 0x000002061ea909e0 Thread added: 0x00000206842214a0
Event: 4.378 Thread 0x000002061ea909e0 Thread added: 0x0000020684154090


Dynamic libraries:
0x00007ff73b820000 - 0x00007ff73b82e000 	C:\Users\JUSTINE\.jdks\corretto-17.0.15\bin\java.exe
0x00007ffb07490000 - 0x00007ffb07688000 	C:\WINDOWS\SYSTEM32\ntdll.dll
0x00007ffb05dc0000 - 0x00007ffb05e82000 	C:\WINDOWS\System32\KERNEL32.DLL
0x00007ffb04eb0000 - 0x00007ffb051a6000 	C:\WINDOWS\System32\KERNELBASE.dll
0x00007ffb051b0000 - 0x00007ffb052b0000 	C:\WINDOWS\System32\ucrtbase.dll
0x00007ffae5c20000 - 0x00007ffae5c37000 	C:\Users\JUSTINE\.jdks\corretto-17.0.15\bin\jli.dll
0x00007ffb05f00000 - 0x00007ffb060a1000 	C:\WINDOWS\System32\USER32.dll
0x00007ffb04cd0000 - 0x00007ffb04cf2000 	C:\WINDOWS\System32\win32u.dll
0x00007ffb054e0000 - 0x00007ffb0550b000 	C:\WINDOWS\System32\GDI32.dll
0x00007ffb04d90000 - 0x00007ffb04ea9000 	C:\WINDOWS\System32\gdi32full.dll
0x00007ffb05410000 - 0x00007ffb054ad000 	C:\WINDOWS\System32\msvcp_win.dll
0x00007ffaefd50000 - 0x00007ffaefd6b000 	C:\Users\JUSTINE\.jdks\corretto-17.0.15\bin\VCRUNTIME140.dll
0x00007ffaeea60000 - 0x00007ffaeecfb000 	C:\WINDOWS\WinSxS\amd64_microsoft.windows.common-controls_6595b64144ccf1df_6.0.19041.6456_none_60b8a6cb71f64256\COMCTL32.dll
0x00007ffb05ac0000 - 0x00007ffb05b5e000 	C:\WINDOWS\System32\msvcrt.dll
0x00007ffb054b0000 - 0x00007ffb054df000 	C:\WINDOWS\System32\IMM32.DLL
0x00007ffafbf80000 - 0x00007ffafbf8c000 	C:\Users\JUSTINE\.jdks\corretto-17.0.15\bin\vcruntime140_1.dll
0x00007ffad2680000 - 0x00007ffad270d000 	C:\Users\JUSTINE\.jdks\corretto-17.0.15\bin\msvcp140.dll
0x00007ffa8ae20000 - 0x00007ffa8ba8c000 	C:\Users\JUSTINE\.jdks\corretto-17.0.15\bin\server\jvm.dll
0x00007ffb07390000 - 0x00007ffb07441000 	C:\WINDOWS\System32\ADVAPI32.dll
0x00007ffb060b0000 - 0x00007ffb0614f000 	C:\WINDOWS\System32\sechost.dll
0x00007ffb05c80000 - 0x00007ffb05da0000 	C:\WINDOWS\System32\RPCRT4.dll
0x00007ffb04bd0000 - 0x00007ffb04bf7000 	C:\WINDOWS\System32\bcrypt.dll
0x00007ffb05e90000 - 0x00007ffb05efb000 	C:\WINDOWS\System32\WS2_32.dll
0x00007ffb040b0000 - 0x00007ffb040fb000 	C:\WINDOWS\SYSTEM32\POWRPROF.dll
0x00007ffafaf00000 - 0x00007ffafaf27000 	C:\WINDOWS\SYSTEM32\WINMM.dll
0x00007ffaf8080000 - 0x00007ffaf808a000 	C:\WINDOWS\SYSTEM32\VERSION.dll
0x00007ffb03f20000 - 0x00007ffb03f32000 	C:\WINDOWS\SYSTEM32\UMPDC.dll
0x00007ffb03330000 - 0x00007ffb03342000 	C:\WINDOWS\SYSTEM32\kernel.appcore.dll
0x00007ffaefd40000 - 0x00007ffaefd4a000 	C:\Users\JUSTINE\.jdks\corretto-17.0.15\bin\jimage.dll
0x00007ffb02940000 - 0x00007ffb02b41000 	C:\WINDOWS\SYSTEM32\DBGHELP.DLL
0x00007ffaeed30000 - 0x00007ffaeed64000 	C:\WINDOWS\SYSTEM32\dbgcore.DLL
0x00007ffb04d00000 - 0x00007ffb04d82000 	C:\WINDOWS\System32\bcryptPrimitives.dll
0x00007ffaea710000 - 0x00007ffaea71e000 	C:\Users\JUSTINE\.jdks\corretto-17.0.15\bin\instrument.dll
0x00007ffae57f0000 - 0x00007ffae5815000 	C:\Users\JUSTINE\.jdks\corretto-17.0.15\bin\java.dll
0x00007ffacb760000 - 0x00007ffacb837000 	C:\Users\JUSTINE\.jdks\corretto-17.0.15\bin\jsvml.dll
0x00007ffb064c0000 - 0x00007ffb06c30000 	C:\WINDOWS\System32\SHELL32.dll
0x00007ffb02b70000 - 0x00007ffb03315000 	C:\WINDOWS\SYSTEM32\windows.storage.dll
0x00007ffb06f50000 - 0x00007ffb072a4000 	C:\WINDOWS\System32\combase.dll
0x00007ffb04570000 - 0x00007ffb0459b000 	C:\WINDOWS\SYSTEM32\Wldp.dll
0x00007ffb072b0000 - 0x00007ffb0737d000 	C:\WINDOWS\System32\OLEAUT32.dll
0x00007ffb06de0000 - 0x00007ffb06e8d000 	C:\WINDOWS\System32\SHCORE.dll
0x00007ffb06e90000 - 0x00007ffb06eeb000 	C:\WINDOWS\System32\shlwapi.dll
0x00007ffb04a50000 - 0x00007ffb04a74000 	C:\WINDOWS\SYSTEM32\profapi.dll
0x00007ffae5ac0000 - 0x00007ffae5ad8000 	C:\Users\JUSTINE\.jdks\corretto-17.0.15\bin\zip.dll
0x00007ffae5390000 - 0x00007ffae53a9000 	C:\Users\JUSTINE\.jdks\corretto-17.0.15\bin\net.dll
0x00007ffafd830000 - 0x00007ffafd93a000 	C:\WINDOWS\SYSTEM32\WINHTTP.dll
0x00007ffb042b0000 - 0x00007ffb0431a000 	C:\WINDOWS\system32\mswsock.dll
0x00007ffae5370000 - 0x00007ffae5386000 	C:\Users\JUSTINE\.jdks\corretto-17.0.15\bin\nio.dll
0x00007ffae7780000 - 0x00007ffae779a000 	C:\Program Files\JetBrains\IntelliJ IDEA Community Edition 2023.2.5\bin\breakgen64.dll
0x00007ffafa870000 - 0x00007ffafa879000 	C:\Users\JUSTINE\.jdks\corretto-17.0.15\bin\extnet.dll

dbghelp: loaded successfully - version: 4.0.5 - missing functions: none
symbol engine: initialized successfully - sym options: 0x614 - pdb path: .;C:\Users\JUSTINE\.jdks\corretto-17.0.15\bin;C:\WINDOWS\SYSTEM32;C:\WINDOWS\WinSxS\amd64_microsoft.windows.common-controls_6595b64144ccf1df_6.0.19041.6456_none_60b8a6cb71f64256;C:\Users\JUSTINE\.jdks\corretto-17.0.15\bin\server;C:\Program Files\JetBrains\IntelliJ IDEA Community Edition 2023.2.5\bin

VM Arguments:
jvm_args: -javaagent:C:\Program Files\JetBrains\IntelliJ IDEA Community Edition 2023.2.5\lib\idea_rt.jar=63912:C:\Program Files\JetBrains\IntelliJ IDEA Community Edition 2023.2.5\bin -Dfile.encoding=UTF-8 
java_command: Meraki.Hub.Management.System.ManagementSystemApplication
java_class_path (initial): C:\Users\JUSTINE\Documents\Downloads\Management-System\target\classes;C:\Users\JUSTINE\.m2\repository\org\springframework\boot\spring-boot-starter-web\4.0.3\spring-boot-starter-web-4.0.3.jar;C:\Users\JUSTINE\.m2\repository\org\springframework\boot\spring-boot-starter-jackson\4.0.3\spring-boot-starter-jackson-4.0.3.jar;C:\Users\JUSTINE\.m2\repository\org\springframework\boot\spring-boot-jackson\4.0.3\spring-boot-jackson-4.0.3.jar;C:\Users\JUSTINE\.m2\repository\tools\jackson\core\jackson-databind\3.0.4\jackson-databind-3.0.4.jar;C:\Users\JUSTINE\.m2\repository\tools\jackson\core\jackson-core\3.0.4\jackson-core-3.0.4.jar;C:\Users\JUSTINE\.m2\repository\org\springframework\boot\spring-boot-starter-tomcat\4.0.3\spring-boot-starter-tomcat-4.0.3.jar;C:\Users\JUSTINE\.m2\repository\org\springframework\boot\spring-boot-starter-tomcat-runtime\4.0.3\spring-boot-starter-tomcat-runtime-4.0.3.jar;C:\Users\JUSTINE\.m2\repository\org\springframework\boot\spring-boot-web-server\4.0.3\spring-boot-web-server-4.0.3.jar;C:\Users\JUSTINE\.m2\repository\org\apache\tomcat\embed\tomcat-embed-core\11.0.18\tomcat-embed-core-11.0.18.jar;C:\Users\JUSTINE\.m2\repository\org\apache\tomcat\embed\tomcat-embed-el\11.0.18\tomcat-embed-el-11.0.18.jar;C:\Users\JUSTINE\.m2\repository\org\apache\tomcat\embed\tomcat-embed-websocket\11.0.18\tomcat-embed-websocket-11.0.18.jar;C:\Users\JUSTINE\.m2\repository\org\springframework\boot\spring-boot-tomcat\4.0.3\spring-boot-tomcat-4.0.3.jar;C:\Users\JUSTINE\.m2\repository\org\springframework\boot\spring-boot-http-converter\4.0.3\spring-boot-http-converter-4.0.3.jar;C:\Users\JUSTINE\.m2\repository\org\springframework\boot\spring-boot\4.0.3\spring-boot-4.0.3.jar;C:\Users\JUSTINE\.m2\repository\org\springframework\spring-context\7.0.5\spring-context-7.0.5.jar;C:\Users\JUSTINE\.m2\repository\org\springframework\spring-web\7.0.5\spring-web-7.0.5.jar;C:\Users\JUSTINE\.m2\repository\io\micrometer\micrometer-observation\1.16.3\micrometer-obs
Launcher Type: SUN_STANDARD

[Global flags]
     intx CICompilerCount                          = 3                                         {product} {ergonomic}
     uint ConcGCThreads                            = 1                                         {product} {ergonomic}
     uint G1ConcRefinementThreads                  = 4                                         {product} {ergonomic}
   size_t G1HeapRegionSize                         = 2097152                                   {product} {ergonomic}
    uintx GCDrainStackTargetSize                   = 64                                        {product} {ergonomic}
   size_t InitialHeapSize                          = 197132288                                 {product} {ergonomic}
   size_t MarkStackSize                            = 4194304                                   {product} {ergonomic}
   size_t MaxHeapSize                              = 3149922304                                {product} {ergonomic}
   size_t MaxNewSize                               = 1889533952                                {product} {ergonomic}
   size_t MinHeapDeltaBytes                        = 2097152                                   {product} {ergonomic}
   size_t MinHeapSize                              = 8388608                                   {product} {ergonomic}
    uintx NonNMethodCodeHeapSize                   = 5832780                                {pd product} {ergonomic}
    uintx NonProfiledCodeHeapSize                  = 122912730                              {pd product} {ergonomic}
    uintx ProfiledCodeHeapSize                     = 122912730                              {pd product} {ergonomic}
    uintx ReservedCodeCacheSize                    = 251658240                              {pd product} {ergonomic}
     bool SegmentedCodeCache                       = true                                      {product} {ergonomic}
   size_t SoftMaxHeapSize                          = 3149922304                             {manageable} {ergonomic}
     bool UseCompressedClassPointers               = true                           {product lp64_product} {ergonomic}
     bool UseCompressedOops                        = true                           {product lp64_product} {ergonomic}
     bool UseG1GC                                  = true                                      {product} {ergonomic}
     bool UseLargePagesIndividualAllocation        = false                                  {pd product} {ergonomic}

Logging:
Log output configuration:
 #0: stdout all=warning uptime,level,tags
 #1: stderr all=off uptime,level,tags

Environment Variables:
PATH=C:\Program Files (x86)\VMware\VMware Workstation\bin\;C:\OraHome_1;C:\app\JUSTINE\product\11.2.0\client_1\bin;C:\WINDOWS\system32;C:\WINDOWS;C:\WINDOWS\System32\Wbem;C:\WINDOWS\System32\WindowsPowerShell\v1.0\;C:\WINDOWS\System32\OpenSSH\;C:\Program Files\dotnet\;C:\Program Files\Git\cmd;C:\Program Files\MySQL\MySQL Shell 8.0\bin\;C:\Users\JUSTINE\AppData\Local\Microsoft\WindowsApps;C:\Users\JUSTINE\AppData\Local\Programs\Azure Data Studio\bin;C:\Users\JUSTINE\AppData\Local\Programs\Microsoft VS Code\bin;
USERNAME=JUSTINE
OS=Windows_NT
PROCESSOR_IDENTIFIER=Intel64 Family 6 Model 60 Stepping 3, GenuineIntel
TMP=C:\Users\JUSTINE\AppData\Local\Temp
TEMP=C:\Users\JUSTINE\AppData\Local\Temp



Periodic native trim disabled


---------------  S Y S T E M  ---------------

OS:
 Windows 10 , 64 bit Build 19041 (10.0.19041.5915)
OS uptime: 0 days 23:26 hours

CPU: total 4 (initial active 4) (2 cores per cpu, 2 threads per core) family 6 model 60 stepping 3 microcode 0x27, cx8, cmov, fxsr, ht, mmx, sse, sse2, sse3, ssse3, sse4.1, sse4.2, popcnt, lzcnt, tsc, tscinvbit, avx, avx2, aes, erms, clmul, bmi1, bmi2, fma, vzeroupper, clflush
Processor Information for all 4 processors :
  Max Mhz: 2494, Current Mhz: 2494, Mhz Limit: 2494

Memory: 4k page, system-wide physical 12008M (1523M free)
TotalPageFile size 14405M (AvailPageFile size 1M)
current process WorkingSet (physical memory assigned to process): 71M, peak: 71M
current process commit charge ("private bytes"): 279M, peak: 279M

vm_info: OpenJDK 64-Bit Server VM (17.0.15+6-LTS) for windows-amd64 JRE (17.0.15+6-LTS), built on Apr  9 2025 23:33:55 by "Administrator" with MS VC++ 16.10 / 16.11 (VS2019)

END.
