#
# There is insufficient memory for the Java Runtime Environment to continue.
# Native memory allocation (malloc) failed to allocate 3943472 bytes. Error detail: Chunk::new
# Possible reasons:
#   The system is out of physical RAM or swap space
#   This process is running with CompressedOops enabled, and the Java Heap may be blocking the growth of the native heap
# Possible solutions:
#   Reduce memory load on the system
#   Increase physical memory or swap space
#   Check if swap backing store is full
#   Decrease Java heap size (-Xmx/-Xms)
#   Decrease number of Java threads
#   Decrease Java thread stack sizes (-Xss)
#   Set larger code cache with -XX:ReservedCodeCacheSize=
#   JVM is running with Zero Based Compressed Oops mode in which the Java heap is
#     placed in the first 32GB address space. The Java Heap base address is the
#     maximum limit for the native heap growth. Please use -XX:HeapBaseMinAddress
#     to set the Java Heap base and to place the Java Heap above 32GB virtual address.
# This output file may be truncated or incomplete.
#
#  Out of Memory Error (arena.cpp:191), pid=7272, tid=15560
#
# JRE version: OpenJDK Runtime Environment Corretto-17.0.15.6.1 (17.0.15+6) (build 17.0.15+6-LTS)
# Java VM: OpenJDK 64-Bit Server VM Corretto-17.0.15.6.1 (17.0.15+6-LTS, mixed mode, sharing, tiered, compressed oops, compressed class ptrs, g1 gc, windows-amd64)
# No core dump will be written. Minidumps are not enabled by default on client versions of Windows
#

---------------  S U M M A R Y ------------

Command Line: -agentlib:jdwp=transport=dt_socket,address=127.0.0.1:52918,suspend=y,server=n -javaagent:C:\Users\JUSTINE\AppData\Local\JetBrains\IdeaIC2023.2\captureAgent\debugger-agent.jar -Dfile.encoding=UTF-8 Meraki.Hub.Management.System.ManagementSystemApplication

Host: Intel(R) Core(TM) i5-4200M CPU @ 2.50GHz, 4 cores, 11G,  Windows 10 , 64 bit Build 19041 (10.0.19041.5915)
Time: Tue Mar 10 15:16:56 2026 E. Africa Standard Time elapsed time: 24.232828 seconds (0d 0h 0m 24s)

---------------  T H R E A D  ---------------

Current thread (0x000001cf3d5d6b70):  JavaThread "C2 CompilerThread0" daemon [_thread_in_native, id=15560, stack(0x000000c73b600000,0x000000c73b700000)]


Current CompileTask:
C2:  24233 5434       4       org.springframework.core.annotation.TypeMappedAnnotations::scan (66 bytes)

Stack: [0x000000c73b600000,0x000000c73b700000]
Native frames: (J=compiled Java code, j=interpreted, Vv=VM code, C=native code)
V  [jvm.dll+0x681149]
V  [jvm.dll+0x838b5a]
V  [jvm.dll+0x83a61e]
V  [jvm.dll+0x83ac83]
V  [jvm.dll+0x24837f]
V  [jvm.dll+0xaca54]
V  [jvm.dll+0xad09c]
V  [jvm.dll+0x367a37]
V  [jvm.dll+0x1bd4d2]
V  [jvm.dll+0x21aa19]
V  [jvm.dll+0x219d01]
V  [jvm.dll+0x1a59fd]
V  [jvm.dll+0x229a5d]
V  [jvm.dll+0x227bec]
V  [jvm.dll+0x7eda37]
V  [jvm.dll+0x7e7f8c]
V  [jvm.dll+0x680017]
C  [ucrtbase.dll+0x21bb2]
C  [KERNEL32.DLL+0x17374]
C  [ntdll.dll+0x4cc91]


---------------  P R O C E S S  ---------------

Threads class SMR info:
_java_thread_list=0x000001cf05b478d0, length=19, elements={
0x000001cf1d62a0f0, 0x000001cf3d5bd7b0, 0x000001cf3d5be630, 0x000001cf3d5d2030,
0x000001cf3d5d4b00, 0x000001cf3d5d54c0, 0x000001cf3d5d5e80, 0x000001cf3d5d6b70,
0x000001cf3d5d8630, 0x000001cf3d751700, 0x000001cf3d7ee420, 0x000001cf3d864790,
0x000001cf3d89e240, 0x000001cf3d95aea0, 0x000001cf3d8dc850, 0x000001cf0479cf00,
0x000001cf0479b5b0, 0x000001cf0479bac0, 0x000001cf3d930ef0
}

Java Threads: ( => current thread )
  0x000001cf1d62a0f0 JavaThread "main" [_thread_in_vm, id=11160, stack(0x000000c73a900000,0x000000c73aa00000)]
  0x000001cf3d5bd7b0 JavaThread "Reference Handler" daemon [_thread_blocked, id=15828, stack(0x000000c73b000000,0x000000c73b100000)]
  0x000001cf3d5be630 JavaThread "Finalizer" daemon [_thread_blocked, id=4528, stack(0x000000c73b100000,0x000000c73b200000)]
  0x000001cf3d5d2030 JavaThread "Signal Dispatcher" daemon [_thread_blocked, id=14176, stack(0x000000c73b200000,0x000000c73b300000)]
  0x000001cf3d5d4b00 JavaThread "Attach Listener" daemon [_thread_blocked, id=4372, stack(0x000000c73b300000,0x000000c73b400000)]
  0x000001cf3d5d54c0 JavaThread "Service Thread" daemon [_thread_blocked, id=15160, stack(0x000000c73b400000,0x000000c73b500000)]
  0x000001cf3d5d5e80 JavaThread "Monitor Deflation Thread" daemon [_thread_blocked, id=9104, stack(0x000000c73b500000,0x000000c73b600000)]
=>0x000001cf3d5d6b70 JavaThread "C2 CompilerThread0" daemon [_thread_in_native, id=15560, stack(0x000000c73b600000,0x000000c73b700000)]
  0x000001cf3d5d8630 JavaThread "C1 CompilerThread0" daemon [_thread_blocked, id=13656, stack(0x000000c73b700000,0x000000c73b800000)]
  0x000001cf3d751700 JavaThread "Sweeper thread" daemon [_thread_blocked, id=11516, stack(0x000000c73b800000,0x000000c73b900000)]
  0x000001cf3d7ee420 JavaThread "Common-Cleaner" daemon [_thread_blocked, id=11184, stack(0x000000c73b900000,0x000000c73ba00000)]
  0x000001cf3d864790 JavaThread "JDWP Transport Listener: dt_socket" daemon [_thread_blocked, id=9348, stack(0x000000c73ba00000,0x000000c73bb00000)]
  0x000001cf3d89e240 JavaThread "JDWP Event Helper Thread" daemon [_thread_blocked, id=14948, stack(0x000000c73bb00000,0x000000c73bc00000)]
  0x000001cf3d95aea0 JavaThread "JDWP Command Reader" daemon [_thread_in_native, id=11988, stack(0x000000c73bc00000,0x000000c73bd00000)]
  0x000001cf3d8dc850 JavaThread "Notification Thread" daemon [_thread_blocked, id=1624, stack(0x000000c73bd00000,0x000000c73be00000)]
  0x000001cf0479cf00 JavaThread "PostgreSQL-JDBC-Cleaner" daemon [_thread_blocked, id=16596, stack(0x000000c73c400000,0x000000c73c500000)]
  0x000001cf0479b5b0 JavaThread "HikariPool-1:housekeeper" daemon [_thread_blocked, id=6452, stack(0x000000c73c500000,0x000000c73c600000)]
  0x000001cf0479bac0 JavaThread "HikariPool-1:connection-adder" daemon [_thread_blocked, id=16400, stack(0x000000c73c600000,0x000000c73c700000)]
  0x000001cf3d930ef0 JavaThread "C2 CompilerThread1" daemon [_thread_in_native, id=9664, stack(0x000000c73c200000,0x000000c73c300000)]

Other Threads:
  0x000001cf3d5b9980 VMThread "VM Thread" [stack: 0x000000c73af00000,0x000000c73b000000] [id=8852]
  0x000001cf3d892a70 WatcherThread [stack: 0x000000c73be00000,0x000000c73bf00000] [id=16148]
  0x000001cf1d683c10 GCTaskThread "GC Thread#0" [stack: 0x000000c73aa00000,0x000000c73ab00000] [id=10112]
  0x000001cf7f25f020 GCTaskThread "GC Thread#1" [stack: 0x000000c73bf00000,0x000000c73c000000] [id=15004]
  0x000001cf7f245700 GCTaskThread "GC Thread#2" [stack: 0x000000c73c000000,0x000000c73c100000] [id=15916]
  0x000001cf7f2459c0 GCTaskThread "GC Thread#3" [stack: 0x000000c73c100000,0x000000c73c200000] [id=6608]
  0x000001cf1d690720 ConcurrentGCThread "G1 Main Marker" [stack: 0x000000c73ab00000,0x000000c73ac00000] [id=11200]
  0x000001cf1d691140 ConcurrentGCThread "G1 Conc#0" [stack: 0x000000c73ac00000,0x000000c73ad00000] [id=15124]
  0x000001cf1d6cf150 ConcurrentGCThread "G1 Refine#0" [stack: 0x000000c73ad00000,0x000000c73ae00000] [id=4216]
  0x000001cf1d6cfb80 ConcurrentGCThread "G1 Service" [stack: 0x000000c73ae00000,0x000000c73af00000] [id=11364]

Threads with active compile tasks:
C2 CompilerThread0    24372 5434       4       org.springframework.core.annotation.TypeMappedAnnotations::scan (66 bytes)
C2 CompilerThread1    24373 5436       4       org.springframework.core.annotation.AnnotationsScanner::process (55 bytes)

VM state: not at safepoint (normal execution)

VM Mutex/Monitor currently owned by a thread: None

Heap address: 0x0000000744400000, size: 3004 MB, Compressed Oops mode: Zero based, Oop shift amount: 3

CDS archive(s) mapped at: [0x000001cf3e000000-0x000001cf3ebb0000-0x000001cf3ebb0000), size 12255232, SharedBaseAddress: 0x000001cf3e000000, ArchiveRelocationMode: 1.
Compressed class space mapped at: 0x000001cf3f000000-0x000001cf7f000000, reserved size: 1073741824
Narrow klass base: 0x000001cf3e000000, Narrow klass shift: 0, Narrow klass range: 0x100000000

GC Precious Log:
 CPUs: 4 total, 4 available
 Memory: 12008M
 Large Page Support: Disabled
 NUMA Support: Disabled
 Compressed Oops: Enabled (Zero based)
 Heap Region Size: 2M
 Heap Min Capacity: 8M
 Heap Initial Capacity: 188M
 Heap Max Capacity: 3004M
 Pre-touch: Disabled
 Parallel Workers: 4
 Concurrent Workers: 1
 Concurrent Refinement Workers: 4
 Periodic GC: Disabled

Heap:
 garbage-first heap   total 67584K, used 48289K [0x0000000744400000, 0x0000000800000000)
  region size 2048K, 14 young (28672K), 2 survivors (4096K)
 Metaspace       used 67828K, committed 68352K, reserved 1114112K
  class space    used 9224K, committed 9472K, reserved 1048576K

Heap Regions: E=young(eden), S=young(survivor), O=old, HS=humongous(starts), HC=humongous(continues), CS=collection set, F=free, OA=open archive, CA=closed archive, TAMS=top-at-mark-start (previous, next)
|   0|0x0000000744400000, 0x0000000744600000, 0x0000000744600000|100%| O|  |TAMS 0x0000000744600000, 0x0000000744400000| Untracked 
|   1|0x0000000744600000, 0x0000000744800000, 0x0000000744800000|100%| O|  |TAMS 0x0000000744800000, 0x0000000744600000| Untracked 
|   2|0x0000000744800000, 0x00000007449f2600, 0x0000000744a00000| 97%| O|  |TAMS 0x00000007449f2600, 0x0000000744800000| Untracked 
|   3|0x0000000744a00000, 0x0000000744c00000, 0x0000000744c00000|100%| O|  |TAMS 0x0000000744c00000, 0x0000000744a00000| Untracked 
|   4|0x0000000744c00000, 0x0000000744c47400, 0x0000000744e00000| 13%| O|  |TAMS 0x0000000744c47400, 0x0000000744c00000| Untracked 
|   5|0x0000000744e00000, 0x0000000745000000, 0x0000000745000000|100%| O|  |TAMS 0x0000000745000000, 0x0000000744e00000| Untracked 
|   6|0x0000000745000000, 0x0000000745200000, 0x0000000745200000|100%| O|  |TAMS 0x0000000745200000, 0x0000000745000000| Untracked 
|   7|0x0000000745200000, 0x0000000745400000, 0x0000000745400000|100%| O|  |TAMS 0x0000000745400000, 0x0000000745200000| Untracked 
|   8|0x0000000745400000, 0x0000000745600000, 0x0000000745600000|100%| O|  |TAMS 0x0000000745600000, 0x0000000745400000| Untracked 
|   9|0x0000000745600000, 0x0000000745800000, 0x0000000745800000|100%| O|  |TAMS 0x0000000745800000, 0x0000000745600000| Untracked 
|  10|0x0000000745800000, 0x0000000745a00000, 0x0000000745a00000|100%| O|  |TAMS 0x0000000745a00000, 0x0000000745800000| Untracked 
|  11|0x0000000745a00000, 0x0000000745c00000, 0x0000000745c00000|100%| O|  |TAMS 0x0000000745c00000, 0x0000000745a00000| Untracked 
|  12|0x0000000745c00000, 0x0000000745c00000, 0x0000000745e00000|  0%| F|  |TAMS 0x0000000745c00000, 0x0000000745c00000| Untracked 
|  13|0x0000000745e00000, 0x0000000745e00000, 0x0000000746000000|  0%| F|  |TAMS 0x0000000745e00000, 0x0000000745e00000| Untracked 
|  14|0x0000000746000000, 0x0000000746000000, 0x0000000746200000|  0%| F|  |TAMS 0x0000000746000000, 0x0000000746000000| Untracked 
|  15|0x0000000746200000, 0x0000000746200000, 0x0000000746400000|  0%| F|  |TAMS 0x0000000746200000, 0x0000000746200000| Untracked 
|  16|0x0000000746400000, 0x0000000746400000, 0x0000000746600000|  0%| F|  |TAMS 0x0000000746400000, 0x0000000746400000| Untracked 
|  17|0x0000000746600000, 0x00000007466eecc8, 0x0000000746800000| 46%| S|CS|TAMS 0x0000000746600000, 0x0000000746600000| Complete 
|  18|0x0000000746800000, 0x0000000746a00000, 0x0000000746a00000|100%| S|CS|TAMS 0x0000000746800000, 0x0000000746800000| Complete 
|  19|0x0000000746a00000, 0x0000000746a00000, 0x0000000746c00000|  0%| F|  |TAMS 0x0000000746a00000, 0x0000000746a00000| Untracked 
|  20|0x0000000746c00000, 0x0000000746c00000, 0x0000000746e00000|  0%| F|  |TAMS 0x0000000746c00000, 0x0000000746c00000| Untracked 
|  21|0x0000000746e00000, 0x0000000746f8b898, 0x0000000747000000| 77%| E|  |TAMS 0x0000000746e00000, 0x0000000746e00000| Complete 
|  22|0x0000000747000000, 0x0000000747200000, 0x0000000747200000|100%| E|CS|TAMS 0x0000000747000000, 0x0000000747000000| Complete 
|  23|0x0000000747200000, 0x0000000747400000, 0x0000000747400000|100%| E|CS|TAMS 0x0000000747200000, 0x0000000747200000| Complete 
|  24|0x0000000747400000, 0x0000000747600000, 0x0000000747600000|100%| E|CS|TAMS 0x0000000747400000, 0x0000000747400000| Complete 
|  25|0x0000000747600000, 0x0000000747800000, 0x0000000747800000|100%| E|CS|TAMS 0x0000000747600000, 0x0000000747600000| Complete 
|  26|0x0000000747800000, 0x0000000747a00000, 0x0000000747a00000|100%| E|CS|TAMS 0x0000000747800000, 0x0000000747800000| Complete 
|  27|0x0000000747a00000, 0x0000000747c00000, 0x0000000747c00000|100%| E|CS|TAMS 0x0000000747a00000, 0x0000000747a00000| Complete 
|  53|0x000000074ae00000, 0x000000074b000000, 0x000000074b000000|100%| E|CS|TAMS 0x000000074ae00000, 0x000000074ae00000| Complete 
|  54|0x000000074b000000, 0x000000074b200000, 0x000000074b200000|100%| E|CS|TAMS 0x000000074b000000, 0x000000074b000000| Complete 
|  55|0x000000074b200000, 0x000000074b400000, 0x000000074b400000|100%| E|CS|TAMS 0x000000074b200000, 0x000000074b200000| Complete 
|  56|0x000000074b400000, 0x000000074b600000, 0x000000074b600000|100%| E|CS|TAMS 0x000000074b400000, 0x000000074b400000| Complete 
|  93|0x000000074fe00000, 0x0000000750000000, 0x0000000750000000|100%| E|CS|TAMS 0x000000074fe00000, 0x000000074fe00000| Complete 

Card table byte_map: [0x000001cf34750000,0x000001cf34d30000] _byte_map_base: 0x000001cf30d2e000

Marking Bits (Prev, Next): (CMBitMap*) 0x000001cf1d684270, (CMBitMap*) 0x000001cf1d684230
 Prev Bits: [0x000001cf38200000, 0x000001cf3b0f0000)
 Next Bits: [0x000001cf35310000, 0x000001cf38200000)

Polling page: 0x000001cf1b540000

Metaspace:

Usage:
  Non-class:     57.24 MB used.
      Class:      9.01 MB used.
       Both:     66.24 MB used.

Virtual space:
  Non-class space:       64.00 MB reserved,      57.50 MB ( 90%) committed,  1 nodes.
      Class space:        1.00 GB reserved,       9.25 MB ( <1%) committed,  1 nodes.
             Both:        1.06 GB reserved,      66.75 MB (  6%) committed. 

Chunk freelists:
   Non-Class:  6.09 MB
       Class:  6.72 MB
        Both:  12.81 MB

MaxMetaspaceSize: unlimited
CompressedClassSpaceSize: 1.00 GB
Initial GC threshold: 21.00 MB
Current GC threshold: 98.06 MB
CDS: on
MetaspaceReclaimPolicy: balanced
 - commit_granule_bytes: 65536.
 - commit_granule_words: 8192.
 - virtual_space_node_default_size: 8388608.
 - enlarge_chunks_in_place: 1.
 - new_chunks_are_fully_committed: 0.
 - uncommit_free_chunks: 1.
 - use_allocation_guard: 0.
 - handle_deallocations: 1.


Internal statistics:

num_allocs_failed_limit: 9.
num_arena_births: 732.
num_arena_deaths: 0.
num_vsnodes_births: 2.
num_vsnodes_deaths: 0.
num_space_committed: 1068.
num_space_uncommitted: 0.
num_chunks_returned_to_freelist: 9.
num_chunks_taken_from_freelist: 3189.
num_chunk_merges: 9.
num_chunk_splits: 2341.
num_chunks_enlarged: 1879.
num_inconsistent_stats: 0.

CodeHeap 'non-profiled nmethods': size=120000Kb used=3496Kb max_used=3791Kb free=116503Kb
 bounds [0x000001cf2cc40000, 0x000001cf2d020000, 0x000001cf34170000]
CodeHeap 'profiled nmethods': size=120000Kb used=9451Kb max_used=10818Kb free=110548Kb
 bounds [0x000001cf25170000, 0x000001cf25c10000, 0x000001cf2c6a0000]
CodeHeap 'non-nmethods': size=5760Kb used=1401Kb max_used=1456Kb free=4358Kb
 bounds [0x000001cf2c6a0000, 0x000001cf2c910000, 0x000001cf2cc40000]
 total_blobs=5464 nmethods=4798 adapters=578
 compilation: enabled
              stopped_count=0, restarted_count=0
 full_count=0

Compilation events (20 events):
Event: 23.934 Thread 0x000001cf3d5d8630 5563       2       java.lang.Class::privateGetDeclaredFields (64 bytes)
Event: 23.935 Thread 0x000001cf3d5d8630 nmethod 5563 0x000001cf25964a90 code [0x000001cf25964c80, 0x000001cf25965098]
Event: 23.951 Thread 0x000001cf3d5d8630 5565   !   2       org.slf4j.LoggerFactory::getProvider (102 bytes)
Event: 23.952 Thread 0x000001cf3d5d8630 nmethod 5565 0x000001cf25964190 code [0x000001cf259643a0, 0x000001cf25964858]
Event: 23.952 Thread 0x000001cf3d5d8630 5567       1       tools.jackson.databind.type.ClassKey::hashCode (5 bytes)
Event: 23.952 Thread 0x000001cf3d5d8630 nmethod 5567 0x000001cf2cd84190 code [0x000001cf2cd84320, 0x000001cf2cd843f8]
Event: 23.952 Thread 0x000001cf3d5d8630 5566       2       org.slf4j.LoggerFactory::getILoggerFactory (9 bytes)
Event: 23.952 Thread 0x000001cf3d5d8630 nmethod 5566 0x000001cf25922690 code [0x000001cf25922840, 0x000001cf25922958]
Event: 23.994 Thread 0x000001cf3d5d8630 5568   !   2       jdk.proxy2.$Proxy44::annotationType (29 bytes)
Event: 23.995 Thread 0x000001cf3d5d8630 nmethod 5568 0x000001cf258ee890 code [0x000001cf258eea60, 0x000001cf258eed38]
Event: 23.995 Thread 0x000001cf3d5d8630 5569       2       java.util.concurrent.ConcurrentHashMap$KeySetView::iterator (34 bytes)
Event: 23.995 Thread 0x000001cf3d5d8630 nmethod 5569 0x000001cf25403290 code [0x000001cf25403440, 0x000001cf25403628]
Event: 24.029 Thread 0x000001cf3d5d8630 5570       2       org.springframework.core.annotation.AnnotationAwareOrderComparator::findOrder (18 bytes)
Event: 24.029 Thread 0x000001cf3d5d8630 nmethod 5570 0x000001cf25963c10 code [0x000001cf25963de0, 0x000001cf25964068]
Event: 24.029 Thread 0x000001cf3d5d8630 5571       2       java.lang.invoke.DelegatingMethodHandle::whichKind (44 bytes)
Event: 24.030 Thread 0x000001cf3d5d8630 nmethod 5571 0x000001cf251a3890 code [0x000001cf251a3a40, 0x000001cf251a3bb8]
Event: 24.038 Thread 0x000001cf3d5d8630 5573       2       java.util.logging.LogManager$LoggerContext::getGlobalLogger (6 bytes)
Event: 24.038 Thread 0x000001cf3d5d8630 nmethod 5573 0x000001cf25963890 code [0x000001cf25963a20, 0x000001cf25963b38]
Event: 24.099 Thread 0x000001cf3d5d8630 5575       2       java.nio.Buffer::mark (10 bytes)
Event: 24.099 Thread 0x000001cf3d5d8630 nmethod 5575 0x000001cf25a2c690 code [0x000001cf25a2c820, 0x000001cf25a2c938]

GC Heap History (20 events):
Event: 10.428 GC heap before
{Heap before GC invocations=6 (full 0):
 garbage-first heap   total 55296K, used 36363K [0x0000000744400000, 0x0000000800000000)
  region size 2048K, 15 young (30720K), 5 survivors (10240K)
 Metaspace       used 28424K, committed 28864K, reserved 1114112K
  class space    used 3601K, committed 3776K, reserved 1048576K
}
Event: 10.451 GC heap after
{Heap after GC invocations=7 (full 0):
 garbage-first heap   total 55296K, used 17473K [0x0000000744400000, 0x0000000800000000)
  region size 2048K, 2 young (4096K), 2 survivors (4096K)
 Metaspace       used 28424K, committed 28864K, reserved 1114112K
  class space    used 3601K, committed 3776K, reserved 1048576K
}
Event: 11.854 GC heap before
{Heap before GC invocations=7 (full 0):
 garbage-first heap   total 55296K, used 37953K [0x0000000744400000, 0x0000000800000000)
  region size 2048K, 12 young (24576K), 2 survivors (4096K)
 Metaspace       used 31946K, committed 32384K, reserved 1114112K
  class space    used 4055K, committed 4288K, reserved 1048576K
}
Event: 11.868 GC heap after
{Heap after GC invocations=8 (full 0):
 garbage-first heap   total 55296K, used 19182K [0x0000000744400000, 0x0000000800000000)
  region size 2048K, 2 young (4096K), 2 survivors (4096K)
 Metaspace       used 31946K, committed 32384K, reserved 1114112K
  class space    used 4055K, committed 4288K, reserved 1048576K
}
Event: 13.238 GC heap before
{Heap before GC invocations=8 (full 0):
 garbage-first heap   total 55296K, used 35566K [0x0000000744400000, 0x0000000800000000)
  region size 2048K, 11 young (22528K), 2 survivors (4096K)
 Metaspace       used 35477K, committed 35968K, reserved 1114112K
  class space    used 4484K, committed 4736K, reserved 1048576K
}
Event: 13.251 GC heap after
{Heap after GC invocations=9 (full 0):
 garbage-first heap   total 67584K, used 20400K [0x0000000744400000, 0x0000000800000000)
  region size 2048K, 2 young (4096K), 2 survivors (4096K)
 Metaspace       used 35477K, committed 35968K, reserved 1114112K
  class space    used 4484K, committed 4736K, reserved 1048576K
}
Event: 17.796 GC heap before
{Heap before GC invocations=10 (full 0):
 garbage-first heap   total 67584K, used 47024K [0x0000000744400000, 0x0000000800000000)
  region size 2048K, 15 young (30720K), 2 survivors (4096K)
 Metaspace       used 40212K, committed 40704K, reserved 1114112K
  class space    used 5444K, committed 5696K, reserved 1048576K
}
Event: 17.809 GC heap after
{Heap after GC invocations=11 (full 0):
 garbage-first heap   total 67584K, used 22164K [0x0000000744400000, 0x0000000800000000)
  region size 2048K, 2 young (4096K), 2 survivors (4096K)
 Metaspace       used 40212K, committed 40704K, reserved 1114112K
  class space    used 5444K, committed 5696K, reserved 1048576K
}
Event: 17.884 GC heap before
{Heap before GC invocations=11 (full 0):
 garbage-first heap   total 67584K, used 24212K [0x0000000744400000, 0x0000000800000000)
  region size 2048K, 3 young (6144K), 2 survivors (4096K)
 Metaspace       used 40526K, committed 40960K, reserved 1114112K
  class space    used 5493K, committed 5696K, reserved 1048576K
}
Event: 17.895 GC heap after
{Heap after GC invocations=12 (full 0):
 garbage-first heap   total 67584K, used 21741K [0x0000000744400000, 0x0000000800000000)
  region size 2048K, 1 young (2048K), 1 survivors (2048K)
 Metaspace       used 40526K, committed 40960K, reserved 1114112K
  class space    used 5493K, committed 5696K, reserved 1048576K
}
Event: 19.262 GC heap before
{Heap before GC invocations=12 (full 0):
 garbage-first heap   total 67584K, used 46317K [0x0000000744400000, 0x0000000800000000)
  region size 2048K, 14 young (28672K), 1 survivors (2048K)
 Metaspace       used 47205K, committed 47680K, reserved 1114112K
  class space    used 6345K, committed 6592K, reserved 1048576K
}
Event: 19.270 GC heap after
{Heap after GC invocations=13 (full 0):
 garbage-first heap   total 67584K, used 22901K [0x0000000744400000, 0x0000000800000000)
  region size 2048K, 1 young (2048K), 1 survivors (2048K)
 Metaspace       used 47205K, committed 47680K, reserved 1114112K
  class space    used 6345K, committed 6592K, reserved 1048576K
}
Event: 20.153 GC heap before
{Heap before GC invocations=13 (full 0):
 garbage-first heap   total 67584K, used 49525K [0x0000000744400000, 0x0000000800000000)
  region size 2048K, 14 young (28672K), 1 survivors (2048K)
 Metaspace       used 52223K, committed 52736K, reserved 1114112K
  class space    used 6894K, committed 7168K, reserved 1048576K
}
Event: 20.162 GC heap after
{Heap after GC invocations=14 (full 0):
 garbage-first heap   total 67584K, used 23907K [0x0000000744400000, 0x0000000800000000)
  region size 2048K, 2 young (4096K), 2 survivors (4096K)
 Metaspace       used 52223K, committed 52736K, reserved 1114112K
  class space    used 6894K, committed 7168K, reserved 1048576K
}
Event: 21.271 GC heap before
{Heap before GC invocations=14 (full 0):
 garbage-first heap   total 67584K, used 48483K [0x0000000744400000, 0x0000000800000000)
  region size 2048K, 15 young (30720K), 2 survivors (4096K)
 Metaspace       used 58983K, committed 59520K, reserved 1114112K
  class space    used 7935K, committed 8192K, reserved 1048576K
}
Event: 21.281 GC heap after
{Heap after GC invocations=15 (full 0):
 garbage-first heap   total 67584K, used 24806K [0x0000000744400000, 0x0000000800000000)
  region size 2048K, 1 young (2048K), 1 survivors (2048K)
 Metaspace       used 58983K, committed 59520K, reserved 1114112K
  class space    used 7935K, committed 8192K, reserved 1048576K
}
Event: 21.429 GC heap before
{Heap before GC invocations=15 (full 0):
 garbage-first heap   total 67584K, used 26854K [0x0000000744400000, 0x0000000800000000)
  region size 2048K, 3 young (6144K), 1 survivors (2048K)
 Metaspace       used 59602K, committed 60096K, reserved 1114112K
  class space    used 8044K, committed 8256K, reserved 1048576K
}
Event: 21.435 GC heap after
{Heap after GC invocations=16 (full 0):
 garbage-first heap   total 67584K, used 24806K [0x0000000744400000, 0x0000000800000000)
  region size 2048K, 1 young (2048K), 1 survivors (2048K)
 Metaspace       used 59602K, committed 60096K, reserved 1114112K
  class space    used 8044K, committed 8256K, reserved 1048576K
}
Event: 22.627 GC heap before
{Heap before GC invocations=17 (full 0):
 garbage-first heap   total 67584K, used 49382K [0x0000000744400000, 0x0000000800000000)
  region size 2048K, 14 young (28672K), 1 survivors (2048K)
 Metaspace       used 64496K, committed 65024K, reserved 1114112K
  class space    used 8798K, committed 9024K, reserved 1048576K
}
Event: 22.636 GC heap after
{Heap after GC invocations=18 (full 0):
 garbage-first heap   total 67584K, used 25761K [0x0000000744400000, 0x0000000800000000)
  region size 2048K, 2 young (4096K), 2 survivors (4096K)
 Metaspace       used 64496K, committed 65024K, reserved 1114112K
  class space    used 8798K, committed 9024K, reserved 1048576K
}

Dll operation events (12 events):
Event: 0.076 Loaded shared library C:\Users\JUSTINE\.jdks\corretto-17.0.15\bin\java.dll
Event: 0.078 Loaded shared library C:\Users\JUSTINE\.jdks\corretto-17.0.15\bin\zip.dll
Event: 0.104 Loaded shared library C:\Users\JUSTINE\.jdks\corretto-17.0.15\bin\jsvml.dll
Event: 0.416 Loaded shared library C:\Users\JUSTINE\.jdks\corretto-17.0.15\bin\instrument.dll
Event: 0.448 Loaded shared library C:\Users\JUSTINE\.jdks\corretto-17.0.15\bin\net.dll
Event: 0.450 Loaded shared library C:\Users\JUSTINE\.jdks\corretto-17.0.15\bin\nio.dll
Event: 0.456 Loaded shared library C:\Users\JUSTINE\.jdks\corretto-17.0.15\bin\zip.dll
Event: 0.778 Loaded shared library C:\Users\JUSTINE\.jdks\corretto-17.0.15\bin\jimage.dll
Event: 6.933 Loaded shared library C:\Users\JUSTINE\.jdks\corretto-17.0.15\bin\sunmscapi.dll
Event: 11.245 Loaded shared library C:\Users\JUSTINE\.jdks\corretto-17.0.15\bin\management.dll
Event: 11.248 Loaded shared library C:\Users\JUSTINE\.jdks\corretto-17.0.15\bin\management_ext.dll
Event: 18.240 Loaded shared library C:\Users\JUSTINE\.jdks\corretto-17.0.15\bin\extnet.dll

Deoptimization events (20 events):
Event: 23.803 Thread 0x000001cf1d62a0f0 DEOPT PACKING pc=0x000001cf25afa1cc sp=0x000000c73a9fb720
Event: 23.804 Thread 0x000001cf1d62a0f0 DEOPT UNPACKING pc=0x000001cf2c6f7143 sp=0x000000c73a9fac10 mode 1
Event: 23.878 Thread 0x000001cf1d62a0f0 DEOPT PACKING pc=0x000001cf25afcfdc sp=0x000000c73a9fb5f0
Event: 23.878 Thread 0x000001cf1d62a0f0 DEOPT UNPACKING pc=0x000001cf2c6f7143 sp=0x000000c73a9fab18 mode 1
Event: 23.878 Thread 0x000001cf1d62a0f0 DEOPT PACKING pc=0x000001cf25aedde4 sp=0x000000c73a9fb6d0
Event: 23.878 Thread 0x000001cf1d62a0f0 DEOPT UNPACKING pc=0x000001cf2c6f7143 sp=0x000000c73a9fab70 mode 1
Event: 23.878 Thread 0x000001cf1d62a0f0 DEOPT PACKING pc=0x000001cf25afa1cc sp=0x000000c73a9fb720
Event: 23.878 Thread 0x000001cf1d62a0f0 DEOPT UNPACKING pc=0x000001cf2c6f7143 sp=0x000000c73a9fac10 mode 1
Event: 23.907 Thread 0x000001cf1d62a0f0 DEOPT PACKING pc=0x000001cf25ac9b94 sp=0x000000c73a9faf20
Event: 23.907 Thread 0x000001cf1d62a0f0 DEOPT UNPACKING pc=0x000001cf2c6f7143 sp=0x000000c73a9fa498 mode 1
Event: 24.032 Thread 0x000001cf1d62a0f0 DEOPT PACKING pc=0x000001cf2cf31868 sp=0x000000c73a9fd1a0
Event: 24.032 Thread 0x000001cf1d62a0f0 DEOPT UNPACKING pc=0x000001cf2c6f7143 sp=0x000000c73a9fc638 mode 1
Event: 24.097 Thread 0x000001cf1d62a0f0 DEOPT PACKING pc=0x000001cf2cf31868 sp=0x000000c73a9fd2f0
Event: 24.097 Thread 0x000001cf1d62a0f0 DEOPT UNPACKING pc=0x000001cf2c6f7143 sp=0x000000c73a9fc788 mode 1
Event: 24.098 Thread 0x000001cf1d62a0f0 DEOPT PACKING pc=0x000001cf25822755 sp=0x000000c73a9fcff0
Event: 24.098 Thread 0x000001cf1d62a0f0 DEOPT UNPACKING pc=0x000001cf2c6f7143 sp=0x000000c73a9fc520 mode 0
Event: 24.098 Thread 0x000001cf1d62a0f0 DEOPT PACKING pc=0x000001cf25822755 sp=0x000000c73a9fcff0
Event: 24.098 Thread 0x000001cf1d62a0f0 DEOPT UNPACKING pc=0x000001cf2c6f7143 sp=0x000000c73a9fc520 mode 0
Event: 24.099 Thread 0x000001cf1d62a0f0 DEOPT PACKING pc=0x000001cf2cf31868 sp=0x000000c73a9fd4a0
Event: 24.099 Thread 0x000001cf1d62a0f0 DEOPT UNPACKING pc=0x000001cf2c6f7143 sp=0x000000c73a9fc938 mode 1

Classes loaded (20 events):
Event: 24.106 Loading class jakarta/websocket/SendHandler
Event: 24.106 Loading class jakarta/websocket/SendHandler done
Event: 24.107 Loading class org/apache/tomcat/websocket/WsRemoteEndpointImplBase$WsOutputStream
Event: 24.107 Loading class org/apache/tomcat/websocket/WsRemoteEndpointImplBase$WsOutputStream done
Event: 24.109 Loading class org/apache/tomcat/websocket/WsRemoteEndpointImplBase$WsWriter
Event: 24.109 Loading class org/apache/tomcat/websocket/WsRemoteEndpointImplBase$WsWriter done
Event: 24.110 Loading class jakarta/websocket/EncodeException
Event: 24.110 Loading class jakarta/websocket/EncodeException done
Event: 24.111 Loading class org/apache/tomcat/util/buf/Utf8Encoder
Event: 24.111 Loading class org/apache/tomcat/util/buf/Utf8Encoder done
Event: 24.112 Loading class java/nio/channels/CompletionHandler
Event: 24.112 Loading class java/nio/channels/CompletionHandler done
Event: 24.113 Loading class org/apache/tomcat/websocket/server/WsRemoteEndpointImplServer
Event: 24.113 Loading class org/apache/tomcat/websocket/server/WsRemoteEndpointImplServer done
Event: 24.132 Loading class org/apache/tomcat/websocket/server/WsFilter
Event: 24.132 Loading class org/apache/tomcat/websocket/server/WsFilter done
Event: 24.133 Loading class jakarta/servlet/GenericFilter
Event: 24.133 Loading class jakarta/servlet/GenericFilter done
Event: 24.134 Loading class org/apache/tomcat/websocket/server/WsSessionListener
Event: 24.134 Loading class org/apache/tomcat/websocket/server/WsSessionListener done

Classes unloaded (0 events):
No events

Classes redefined (0 events):
No events

Internal exceptions (20 events):
Event: 20.352 Thread 0x000001cf1d62a0f0 Exception <a 'java/lang/IncompatibleClassChangeError'{0x000000074b259d68}: Found class java.lang.Object, but interface was expected> (0x000000074b259d68) 
thrown [s\src\hotspot\share\interpreter\linkResolver.cpp, line 826]
Event: 20.392 Thread 0x000001cf1d62a0f0 Exception <a 'java/lang/NoSuchMethodError'{0x000000074b358e30}: 'java.lang.Object java.lang.invoke.DirectMethodHandle$Holder.invokeStaticInit(java.lang.Object, java.lang.Object, int, java.lang.Object)'> (0x000000074b358e30) 
thrown [s\src\hotspot\share\interpreter\linkResolver.cpp, line 759]
Event: 21.807 Thread 0x000001cf1d62a0f0 Exception <a 'java/lang/NoSuchMethodError'{0x0000000747a66268}: 'void java.lang.invoke.DirectMethodHandle$Holder.invokeStaticInit(java.lang.Object, int, java.lang.Object, java.lang.Object, java.lang.Object, java.lang.Object)'> (0x0000000747a66268) 
thrown [s\src\hotspot\share\interpreter\linkResolver.cpp, line 759]
Event: 21.814 Thread 0x000001cf1d62a0f0 Exception <a 'java/lang/NoSuchMethodError'{0x0000000747a8f118}: 'void java.lang.invoke.DirectMethodHandle$Holder.invokeSpecial(java.lang.Object, java.lang.Object, java.lang.Object, java.lang.Object, java.lang.Object, int, java.lang.Object, java.lang.Object)'> (0x0000000747a8f118) 
thrown [s\src\hotspot\share\interpreter\linkResolver.cpp, line 759]
Event: 21.864 Thread 0x000001cf1d62a0f0 Exception <a 'java/lang/NoSuchMethodError'{0x0000000747bceaf8}: 'int java.lang.invoke.DirectMethodHandle$Holder.invokeStatic(java.lang.Object, java.lang.Object, java.lang.Object, java.lang.Object, java.lang.Object, java.lang.Object)'> (0x0000000747bceaf8) 
thrown [s\src\hotspot\share\interpreter\linkResolver.cpp, line 759]
Event: 21.871 Thread 0x000001cf1d62a0f0 Exception <a 'java/lang/NoSuchMethodError'{0x0000000747bef528}: 'int java.lang.invoke.DirectMethodHandle$Holder.invokeStatic(java.lang.Object, java.lang.Object, java.lang.Object, java.lang.Object, java.lang.Object)'> (0x0000000747bef528) 
thrown [s\src\hotspot\share\interpreter\linkResolver.cpp, line 759]
Event: 21.915 Thread 0x000001cf1d62a0f0 Exception <a 'java/lang/NoSuchMethodError'{0x00000007478e2390}: 'void java.lang.invoke.DirectMethodHandle$Holder.invokeInterface(java.lang.Object, java.lang.Object, int, java.lang.Object)'> (0x00000007478e2390) 
thrown [s\src\hotspot\share\interpreter\linkResolver.cpp, line 759]
Event: 21.924 Thread 0x000001cf1d62a0f0 Exception <a 'java/lang/NoSuchMethodError'{0x000000074791d7d0}: 'java.lang.Object java.lang.invoke.DirectMethodHandle$Holder.newInvokeSpecial(java.lang.Object, java.lang.Object, int, java.lang.Object)'> (0x000000074791d7d0) 
thrown [s\src\hotspot\share\interpreter\linkResolver.cpp, line 759]
Event: 22.053 Thread 0x000001cf1d62a0f0 Exception <a 'java/lang/NoSuchMethodError'{0x0000000747422aa0}: 'int java.lang.invoke.DirectMethodHandle$Holder.invokeStatic(java.lang.Object, int, java.lang.Object)'> (0x0000000747422aa0) 
thrown [s\src\hotspot\share\interpreter\linkResolver.cpp, line 759]
Event: 22.068 Thread 0x000001cf1d62a0f0 Exception <a 'java/lang/NoSuchMethodError'{0x00000007474883f0}: 'java.lang.Object java.lang.invoke.DirectMethodHandle$Holder.newInvokeSpecial(java.lang.Object, java.lang.Object, java.lang.Object, java.lang.Object, java.lang.Object, java.lang.Object, java.lang.Object, java.lang.Object, java.lang.Object, java.lang.Object, java.lang.Object, java.lang.Object)'> (0x00000007474883f0) 
thrown [s\src\hotspot\share\interpreter\linkResolver.cpp, line 759]
Event: 22.069 Thread 0x000001cf1d62a0f0 Exception <a 'java/lang/NoSuchMethodError'{0x000000074748d680}: 'java.lang.Object java.lang.invoke.DirectMethodHandle$Holder.invokeSpecial(java.lang.Object, java.lang.Object, java.lang.Object, java.lang.Object, java.lang.Object, java.lang.Object, java.lang.Object, java.lang.Object, java.lang.Object, java.lang.Object, java.lang.Object, java.lang.Object, java.lang.Object)'> (0x000000074748d680) 
thrown [s\src\hotspot\share\interpreter\linkResolver.cpp, line 759]
Event: 22.069 Thread 0x000001cf1d62a0f0 Exception <a 'java/lang/NoSuchMethodError'{0x0000000747492590}: 'java.lang.Object java.lang.invoke.Invokers$Holder.linkToTargetMethod(java.lang.Object, java.lang.Object, java.lang.Object, java.lang.Object, java.lang.Object, java.lang.Object, java.lang.Object, java.lang.Object, java.lang.Object, java.lang.Object, java.lang.Object, java.lang.Object)'> (0x0000000747492590) 
thrown [s\src\hotspot\share\interpreter\linkResolver.cpp, line 759]
Event: 22.139 Thread 0x000001cf1d62a0f0 Exception <a 'java/lang/IncompatibleClassChangeError'{0x0000000747247900}: Found class java.lang.Object, but interface was expected> (0x0000000747247900) 
thrown [s\src\hotspot\share\interpreter\linkResolver.cpp, line 826]
Event: 22.170 Thread 0x000001cf1d62a0f0 Exception <a 'java/lang/NoSuchMethodError'{0x00000007472fa520}: 'java.lang.Object java.lang.invoke.DirectMethodHandle$Holder.newInvokeSpecial(java.lang.Object, java.lang.Object, int, java.lang.Object, int, java.lang.Object, java.lang.Object)'> (0x00000007472fa520) 
thrown [s\src\hotspot\share\interpreter\linkResolver.cpp, line 759]
Event: 22.747 Thread 0x000001cf1d62a0f0 Exception <a 'java/lang/IncompatibleClassChangeError'{0x000000074b27e598}: Found class java.lang.Object, but interface was expected> (0x000000074b27e598) 
thrown [s\src\hotspot\share\interpreter\linkResolver.cpp, line 826]
Event: 22.913 Thread 0x000001cf1d62a0f0 Exception <a 'java/lang/IncompatibleClassChangeError'{0x000000074b0cea90}: Found class java.lang.Object, but interface was expected> (0x000000074b0cea90) 
thrown [s\src\hotspot\share\interpreter\linkResolver.cpp, line 826]
Event: 23.803 Thread 0x000001cf1d62a0f0 Exception <a 'java/lang/reflect/InvocationTargetException'{0x0000000747593150}> (0x0000000747593150) 
thrown [s\src\hotspot\share\runtime\reflection.cpp, line 1128]
Event: 23.870 Thread 0x000001cf1d62a0f0 Exception <a 'java/lang/IncompatibleClassChangeError'{0x0000000747273e68}: Found class java.lang.Object, but interface was expected> (0x0000000747273e68) 
thrown [s\src\hotspot\share\interpreter\linkResolver.cpp, line 826]
Event: 23.878 Thread 0x000001cf1d62a0f0 Exception <a 'java/lang/reflect/InvocationTargetException'{0x000000074728ef08}> (0x000000074728ef08) 
thrown [s\src\hotspot\share\runtime\reflection.cpp, line 1128]
Event: 24.112 Thread 0x000001cf1d62a0f0 Exception <a 'java/lang/NoSuchMethodError'{0x0000000746ef2f50}: 'long java.lang.invoke.DirectMethodHandle$Holder.invokeVirtual(java.lang.Object, java.lang.Object)'> (0x0000000746ef2f50) 
thrown [s\src\hotspot\share\interpreter\linkResolver.cpp, line 759]

VM Operations (20 events):
Event: 21.551 Executing VM operation: HandshakeAllThreads
Event: 21.551 Executing VM operation: HandshakeAllThreads done
Event: 21.579 Executing VM operation: HandshakeAllThreads
Event: 21.579 Executing VM operation: HandshakeAllThreads done
Event: 21.606 Executing VM operation: HandshakeAllThreads
Event: 21.606 Executing VM operation: HandshakeAllThreads done
Event: 21.728 Executing VM operation: ICBufferFull
Event: 21.728 Executing VM operation: ICBufferFull done
Event: 22.627 Executing VM operation: G1CollectForAllocation
Event: 22.636 Executing VM operation: G1CollectForAllocation done
Event: 23.072 Executing VM operation: HandshakeAllThreads
Event: 23.072 Executing VM operation: HandshakeAllThreads done
Event: 23.399 Executing VM operation: HandshakeAllThreads
Event: 23.399 Executing VM operation: HandshakeAllThreads done
Event: 23.400 Executing VM operation: HandshakeAllThreads
Event: 23.400 Executing VM operation: HandshakeAllThreads done
Event: 24.013 Executing VM operation: HandshakeAllThreads
Event: 24.013 Executing VM operation: HandshakeAllThreads done
Event: 24.013 Executing VM operation: Cleanup
Event: 24.013 Executing VM operation: Cleanup done

Memory protections (0 events):
No events

Nmethod flushes (20 events):
Event: 21.615 Thread 0x000001cf3d751700 flushing  nmethod 0x000001cf25b00590
Event: 21.615 Thread 0x000001cf3d751700 flushing  nmethod 0x000001cf25b01e90
Event: 21.615 Thread 0x000001cf3d751700 flushing  nmethod 0x000001cf25b0fd90
Event: 21.615 Thread 0x000001cf3d751700 flushing  nmethod 0x000001cf25b10e90
Event: 21.615 Thread 0x000001cf3d751700 flushing  nmethod 0x000001cf25b11290
Event: 21.615 Thread 0x000001cf3d751700 flushing  nmethod 0x000001cf25b12e10
Event: 21.615 Thread 0x000001cf3d751700 flushing  nmethod 0x000001cf25b13b90
Event: 21.615 Thread 0x000001cf3d751700 flushing  nmethod 0x000001cf25b14910
Event: 21.615 Thread 0x000001cf3d751700 flushing  nmethod 0x000001cf25b15910
Event: 21.615 Thread 0x000001cf3d751700 flushing  nmethod 0x000001cf25b17010
Event: 21.615 Thread 0x000001cf3d751700 flushing  nmethod 0x000001cf25b18410
Event: 21.615 Thread 0x000001cf3d751700 flushing  nmethod 0x000001cf25b19810
Event: 21.615 Thread 0x000001cf3d751700 flushing  nmethod 0x000001cf25b1b890
Event: 21.615 Thread 0x000001cf3d751700 flushing  nmethod 0x000001cf25b1c110
Event: 21.615 Thread 0x000001cf3d751700 flushing  nmethod 0x000001cf25b1d090
Event: 21.615 Thread 0x000001cf3d751700 flushing  nmethod 0x000001cf25b31390
Event: 21.615 Thread 0x000001cf3d751700 flushing osr nmethod 0x000001cf25b32610
Event: 21.615 Thread 0x000001cf3d751700 flushing  nmethod 0x000001cf25b35b10
Event: 21.616 Thread 0x000001cf3d751700 flushing  nmethod 0x000001cf25b91c10
Event: 21.616 Thread 0x000001cf3d751700 flushing  nmethod 0x000001cf25b9ce90

Events (20 events):
Event: 0.365 Thread 0x000001cf1d62a0f0 Thread added: 0x000001cf3d864790
Event: 0.365 Thread 0x000001cf1d62a0f0 Thread added: 0x000001cf3d89e240
Event: 0.376 Thread 0x000001cf3d864790 Thread added: 0x000001cf3d95aea0
Event: 0.427 Thread 0x000001cf1d62a0f0 Thread added: 0x000001cf3d8dc850
Event: 1.764 Thread 0x000001cf3d5d8630 Thread added: 0x000001cf7f591660
Event: 2.952 Thread 0x000001cf7f591660 Thread exited: 0x000001cf7f591660
Event: 4.975 Thread 0x000001cf3d5d8630 Thread added: 0x000001cf049a3510
Event: 5.408 Thread 0x000001cf1d62a0f0 Thread added: 0x000001cf0484c370
Event: 7.113 Thread 0x000001cf0484c370 Thread exited: 0x000001cf0484c370
Event: 7.369 Thread 0x000001cf1d62a0f0 Thread added: 0x000001cf0479bac0
Event: 7.411 Thread 0x000001cf0479bac0 Thread exited: 0x000001cf0479bac0
Event: 16.685 Thread 0x000001cf049a3510 Thread exited: 0x000001cf049a3510
Event: 17.587 Thread 0x000001cf3d5d6b70 Thread added: 0x000001cf049a3510
Event: 18.594 Thread 0x000001cf1d62a0f0 Thread added: 0x000001cf0479cf00
Event: 18.628 Thread 0x000001cf1d62a0f0 Thread added: 0x000001cf0479b5b0
Event: 18.780 Thread 0x000001cf0479b5b0 Thread added: 0x000001cf0479bac0
Event: 18.960 Thread 0x000001cf049a3510 Thread exited: 0x000001cf049a3510
Event: 20.135 Thread 0x000001cf3d5d8630 Thread added: 0x000001cf05ae7bc0
Event: 21.080 Thread 0x000001cf05ae7bc0 Thread exited: 0x000001cf05ae7bc0
Event: 22.676 Thread 0x000001cf3d5d8630 Thread added: 0x000001cf3d930ef0


Dynamic libraries:
0x00007ff7adad0000 - 0x00007ff7adade000 	C:\Users\JUSTINE\.jdks\corretto-17.0.15\bin\java.exe
0x00007ffb07490000 - 0x00007ffb07688000 	C:\WINDOWS\SYSTEM32\ntdll.dll
0x00007ffb05dc0000 - 0x00007ffb05e82000 	C:\WINDOWS\System32\KERNEL32.DLL
0x00007ffb04eb0000 - 0x00007ffb051a6000 	C:\WINDOWS\System32\KERNELBASE.dll
0x00007ffb051b0000 - 0x00007ffb052b0000 	C:\WINDOWS\System32\ucrtbase.dll
0x00007ffae9740000 - 0x00007ffae9757000 	C:\Users\JUSTINE\.jdks\corretto-17.0.15\bin\jli.dll
0x00007ffaea120000 - 0x00007ffaea13b000 	C:\Users\JUSTINE\.jdks\corretto-17.0.15\bin\VCRUNTIME140.dll
0x00007ffb05f00000 - 0x00007ffb060a1000 	C:\WINDOWS\System32\USER32.dll
0x00007ffb04cd0000 - 0x00007ffb04cf2000 	C:\WINDOWS\System32\win32u.dll
0x00007ffb054e0000 - 0x00007ffb0550b000 	C:\WINDOWS\System32\GDI32.dll
0x00007ffaeea60000 - 0x00007ffaeecfb000 	C:\WINDOWS\WinSxS\amd64_microsoft.windows.common-controls_6595b64144ccf1df_6.0.19041.6456_none_60b8a6cb71f64256\COMCTL32.dll
0x00007ffb04d90000 - 0x00007ffb04ea9000 	C:\WINDOWS\System32\gdi32full.dll
0x00007ffb05410000 - 0x00007ffb054ad000 	C:\WINDOWS\System32\msvcp_win.dll
0x00007ffb05ac0000 - 0x00007ffb05b5e000 	C:\WINDOWS\System32\msvcrt.dll
0x00007ffb054b0000 - 0x00007ffb054df000 	C:\WINDOWS\System32\IMM32.DLL
0x00007ffaf3860000 - 0x00007ffaf386c000 	C:\Users\JUSTINE\.jdks\corretto-17.0.15\bin\vcruntime140_1.dll
0x00007ffad4d00000 - 0x00007ffad4d8d000 	C:\Users\JUSTINE\.jdks\corretto-17.0.15\bin\msvcp140.dll
0x00007ffa8b6c0000 - 0x00007ffa8c32c000 	C:\Users\JUSTINE\.jdks\corretto-17.0.15\bin\server\jvm.dll
0x00007ffb07390000 - 0x00007ffb07441000 	C:\WINDOWS\System32\ADVAPI32.dll
0x00007ffb060b0000 - 0x00007ffb0614f000 	C:\WINDOWS\System32\sechost.dll
0x00007ffb05c80000 - 0x00007ffb05da0000 	C:\WINDOWS\System32\RPCRT4.dll
0x00007ffb04bd0000 - 0x00007ffb04bf7000 	C:\WINDOWS\System32\bcrypt.dll
0x00007ffb05e90000 - 0x00007ffb05efb000 	C:\WINDOWS\System32\WS2_32.dll
0x00007ffb040b0000 - 0x00007ffb040fb000 	C:\WINDOWS\SYSTEM32\POWRPROF.dll
0x00007ffafaf00000 - 0x00007ffafaf27000 	C:\WINDOWS\SYSTEM32\WINMM.dll
0x00007ffaf8080000 - 0x00007ffaf808a000 	C:\WINDOWS\SYSTEM32\VERSION.dll
0x00007ffb03f20000 - 0x00007ffb03f32000 	C:\WINDOWS\SYSTEM32\UMPDC.dll
0x00007ffb03330000 - 0x00007ffb03342000 	C:\WINDOWS\SYSTEM32\kernel.appcore.dll
0x00007ffaec3b0000 - 0x00007ffaec3ba000 	C:\Users\JUSTINE\.jdks\corretto-17.0.15\bin\jimage.dll
0x00007ffb02940000 - 0x00007ffb02b41000 	C:\WINDOWS\SYSTEM32\DBGHELP.DLL
0x00007ffaeed30000 - 0x00007ffaeed64000 	C:\WINDOWS\SYSTEM32\dbgcore.DLL
0x00007ffb04d00000 - 0x00007ffb04d82000 	C:\WINDOWS\System32\bcryptPrimitives.dll
0x00007ffae9700000 - 0x00007ffae973b000 	C:\Users\JUSTINE\.jdks\corretto-17.0.15\bin\jdwp.dll
0x00007ffaea510000 - 0x00007ffaea51e000 	C:\Users\JUSTINE\.jdks\corretto-17.0.15\bin\instrument.dll
0x00007ffae9640000 - 0x00007ffae9665000 	C:\Users\JUSTINE\.jdks\corretto-17.0.15\bin\java.dll
0x00007ffae9690000 - 0x00007ffae96a8000 	C:\Users\JUSTINE\.jdks\corretto-17.0.15\bin\zip.dll
0x00007ffad0f00000 - 0x00007ffad0fd7000 	C:\Users\JUSTINE\.jdks\corretto-17.0.15\bin\jsvml.dll
0x00007ffb064c0000 - 0x00007ffb06c30000 	C:\WINDOWS\System32\SHELL32.dll
0x00007ffb02b70000 - 0x00007ffb03315000 	C:\WINDOWS\SYSTEM32\windows.storage.dll
0x00007ffb06f50000 - 0x00007ffb072a4000 	C:\WINDOWS\System32\combase.dll
0x00007ffb04570000 - 0x00007ffb0459b000 	C:\WINDOWS\SYSTEM32\Wldp.dll
0x00007ffb072b0000 - 0x00007ffb0737d000 	C:\WINDOWS\System32\OLEAUT32.dll
0x00007ffb06de0000 - 0x00007ffb06e8d000 	C:\WINDOWS\System32\SHCORE.dll
0x00007ffb06e90000 - 0x00007ffb06eeb000 	C:\WINDOWS\System32\shlwapi.dll
0x00007ffb04a50000 - 0x00007ffb04a74000 	C:\WINDOWS\SYSTEM32\profapi.dll
0x00007ffae9790000 - 0x00007ffae979c000 	C:\Users\JUSTINE\.jdks\corretto-17.0.15\bin\dt_socket.dll
0x00007ffb03f40000 - 0x00007ffb03f7b000 	C:\WINDOWS\SYSTEM32\IPHLPAPI.DLL
0x00007ffb042b0000 - 0x00007ffb0431a000 	C:\WINDOWS\system32\mswsock.dll
0x00007ffae95c0000 - 0x00007ffae95d9000 	C:\Users\JUSTINE\.jdks\corretto-17.0.15\bin\net.dll
0x00007ffafd830000 - 0x00007ffafd93a000 	C:\WINDOWS\SYSTEM32\WINHTTP.dll
0x00007ffae95a0000 - 0x00007ffae95b6000 	C:\Users\JUSTINE\.jdks\corretto-17.0.15\bin\nio.dll
0x00007ffae96f0000 - 0x00007ffae96fe000 	C:\Users\JUSTINE\.jdks\corretto-17.0.15\bin\sunmscapi.dll
0x00007ffb052b0000 - 0x00007ffb0540d000 	C:\WINDOWS\System32\CRYPT32.dll
0x00007ffb045e0000 - 0x00007ffb04607000 	C:\WINDOWS\SYSTEM32\ncrypt.dll
0x00007ffb045a0000 - 0x00007ffb045db000 	C:\WINDOWS\SYSTEM32\NTASN1.dll
0x00007ffb044a0000 - 0x00007ffb044b8000 	C:\WINDOWS\SYSTEM32\CRYPTSP.dll
0x00007ffb03b60000 - 0x00007ffb03b98000 	C:\WINDOWS\system32\rsaenh.dll
0x00007ffb049d0000 - 0x00007ffb049fe000 	C:\WINDOWS\SYSTEM32\USERENV.dll
0x00007ffb044c0000 - 0x00007ffb044cc000 	C:\WINDOWS\SYSTEM32\CRYPTBASE.dll
0x00007ffb062e0000 - 0x00007ffb062e8000 	C:\WINDOWS\System32\NSI.dll
0x00007ffafad00000 - 0x00007ffafad17000 	C:\WINDOWS\SYSTEM32\dhcpcsvc6.DLL
0x00007ffafaca0000 - 0x00007ffafacbd000 	C:\WINDOWS\SYSTEM32\dhcpcsvc.DLL
0x00007ffb03f90000 - 0x00007ffb0405a000 	C:\WINDOWS\SYSTEM32\DNSAPI.dll
0x00007ffae9560000 - 0x00007ffae9569000 	C:\Users\JUSTINE\.jdks\corretto-17.0.15\bin\management.dll
0x00007ffae9550000 - 0x00007ffae955b000 	C:\Users\JUSTINE\.jdks\corretto-17.0.15\bin\management_ext.dll
0x00007ffb07380000 - 0x00007ffb07388000 	C:\WINDOWS\System32\PSAPI.DLL
0x00007ffaf8070000 - 0x00007ffaf807a000 	C:\Windows\System32\rasadhlp.dll
0x00007ffaf8460000 - 0x00007ffaf84e0000 	C:\WINDOWS\System32\fwpuclnt.dll
0x00007ffae77b0000 - 0x00007ffae77b9000 	C:\Users\JUSTINE\.jdks\corretto-17.0.15\bin\extnet.dll

dbghelp: loaded successfully - version: 4.0.5 - missing functions: none
symbol engine: initialized successfully - sym options: 0x614 - pdb path: .;C:\Users\JUSTINE\.jdks\corretto-17.0.15\bin;C:\WINDOWS\SYSTEM32;C:\WINDOWS\WinSxS\amd64_microsoft.windows.common-controls_6595b64144ccf1df_6.0.19041.6456_none_60b8a6cb71f64256;C:\Users\JUSTINE\.jdks\corretto-17.0.15\bin\server

VM Arguments:
jvm_args: -agentlib:jdwp=transport=dt_socket,address=127.0.0.1:52918,suspend=y,server=n -javaagent:C:\Users\JUSTINE\AppData\Local\JetBrains\IdeaIC2023.2\captureAgent\debugger-agent.jar -Dfile.encoding=UTF-8 
java_command: Meraki.Hub.Management.System.ManagementSystemApplication
java_class_path (initial): C:\Users\JUSTINE\Documents\Downloads\Management-System\target\classes;C:\Users\JUSTINE\.m2\repository\org\springframework\boot\spring-boot-starter-web\4.0.3\spring-boot-starter-web-4.0.3.jar;C:\Users\JUSTINE\.m2\repository\org\springframework\boot\spring-boot-starter-jackson\4.0.3\spring-boot-starter-jackson-4.0.3.jar;C:\Users\JUSTINE\.m2\repository\org\springframework\boot\spring-boot-jackson\4.0.3\spring-boot-jackson-4.0.3.jar;C:\Users\JUSTINE\.m2\repository\tools\jackson\core\jackson-databind\3.0.4\jackson-databind-3.0.4.jar;C:\Users\JUSTINE\.m2\repository\tools\jackson\core\jackson-core\3.0.4\jackson-core-3.0.4.jar;C:\Users\JUSTINE\.m2\repository\org\springframework\boot\spring-boot-starter-tomcat\4.0.3\spring-boot-starter-tomcat-4.0.3.jar;C:\Users\JUSTINE\.m2\repository\org\springframework\boot\spring-boot-starter-tomcat-runtime\4.0.3\spring-boot-starter-tomcat-runtime-4.0.3.jar;C:\Users\JUSTINE\.m2\repository\org\springframework\boot\spring-boot-web-server\4.0.3\spring-boot-web-server-4.0.3.jar;C:\Users\JUSTINE\.m2\repository\org\apache\tomcat\embed\tomcat-embed-core\11.0.18\tomcat-embed-core-11.0.18.jar;C:\Users\JUSTINE\.m2\repository\org\apache\tomcat\embed\tomcat-embed-el\11.0.18\tomcat-embed-el-11.0.18.jar;C:\Users\JUSTINE\.m2\repository\org\apache\tomcat\embed\tomcat-embed-websocket\11.0.18\tomcat-embed-websocket-11.0.18.jar;C:\Users\JUSTINE\.m2\repository\org\springframework\boot\spring-boot-tomcat\4.0.3\spring-boot-tomcat-4.0.3.jar;C:\Users\JUSTINE\.m2\repository\org\springframework\boot\spring-boot-http-converter\4.0.3\spring-boot-http-converter-4.0.3.jar;C:\Users\JUSTINE\.m2\repository\org\springframework\boot\spring-boot\4.0.3\spring-boot-4.0.3.jar;C:\Users\JUSTINE\.m2\repository\org\springframework\spring-context\7.0.5\spring-context-7.0.5.jar;C:\Users\JUSTINE\.m2\repository\org\springframework\spring-web\7.0.5\spring-web-7.0.5.jar;C:\Users\JUSTINE\.m2\repository\io\micrometer\micrometer-observation\1.16.3\micrometer-obs
Launcher Type: SUN_STANDARD

[Global flags]
     intx CICompilerCount                          = 3                                         {product} {ergonomic}
     uint ConcGCThreads                            = 1                                         {product} {ergonomic}
     uint G1ConcRefinementThreads                  = 4                                         {product} {ergonomic}
   size_t G1HeapRegionSize                         = 2097152                                   {product} {ergonomic}
    uintx GCDrainStackTargetSize                   = 64                                        {product} {ergonomic}
   size_t InitialHeapSize                          = 197132288                                 {product} {ergonomic}
   size_t MarkStackSize                            = 4194304                                   {product} {ergonomic}
   size_t MaxHeapSize                              = 3149922304                                {product} {ergonomic}
   size_t MaxNewSize                               = 1889533952                                {product} {ergonomic}
   size_t MinHeapDeltaBytes                        = 2097152                                   {product} {ergonomic}
   size_t MinHeapSize                              = 8388608                                   {product} {ergonomic}
    uintx NonNMethodCodeHeapSize                   = 5832780                                {pd product} {ergonomic}
    uintx NonProfiledCodeHeapSize                  = 122912730                              {pd product} {ergonomic}
    uintx ProfiledCodeHeapSize                     = 122912730                              {pd product} {ergonomic}
    uintx ReservedCodeCacheSize                    = 251658240                              {pd product} {ergonomic}
     bool SegmentedCodeCache                       = true                                      {product} {ergonomic}
   size_t SoftMaxHeapSize                          = 3149922304                             {manageable} {ergonomic}
     bool UseCompressedClassPointers               = true                           {product lp64_product} {ergonomic}
     bool UseCompressedOops                        = true                           {product lp64_product} {ergonomic}
     bool UseG1GC                                  = true                                      {product} {ergonomic}
     bool UseLargePagesIndividualAllocation        = false                                  {pd product} {ergonomic}

Logging:
Log output configuration:
 #0: stdout all=warning uptime,level,tags
 #1: stderr all=off uptime,level,tags

Environment Variables:
PATH=C:\Program Files (x86)\VMware\VMware Workstation\bin\;C:\OraHome_1;C:\app\JUSTINE\product\11.2.0\client_1\bin;C:\WINDOWS\system32;C:\WINDOWS;C:\WINDOWS\System32\Wbem;C:\WINDOWS\System32\WindowsPowerShell\v1.0\;C:\WINDOWS\System32\OpenSSH\;C:\Program Files\dotnet\;C:\Program Files\Git\cmd;C:\Program Files\MySQL\MySQL Shell 8.0\bin\;C:\Users\JUSTINE\AppData\Local\Microsoft\WindowsApps;C:\Users\JUSTINE\AppData\Local\Programs\Azure Data Studio\bin;C:\Users\JUSTINE\AppData\Local\Programs\Microsoft VS Code\bin;
USERNAME=JUSTINE
OS=Windows_NT
PROCESSOR_IDENTIFIER=Intel64 Family 6 Model 60 Stepping 3, GenuineIntel
TMP=C:\Users\JUSTINE\AppData\Local\Temp
TEMP=C:\Users\JUSTINE\AppData\Local\Temp



Periodic native trim disabled


---------------  S Y S T E M  ---------------

OS:
 Windows 10 , 64 bit Build 19041 (10.0.19041.5915)
OS uptime: 1 days 5:30 hours

CPU: total 4 (initial active 4) (2 cores per cpu, 2 threads per core) family 6 model 60 stepping 3 microcode 0x27, cx8, cmov, fxsr, ht, mmx, sse, sse2, sse3, ssse3, sse4.1, sse4.2, popcnt, lzcnt, tsc, tscinvbit, avx, avx2, aes, erms, clmul, bmi1, bmi2, fma, vzeroupper, clflush
Processor Information for all 4 processors :
  Max Mhz: 2494, Current Mhz: 2494, Mhz Limit: 2494

Memory: 4k page, system-wide physical 12008M (1386M free)
TotalPageFile size 14405M (AvailPageFile size 5M)
current process WorkingSet (physical memory assigned to process): 294M, peak: 299M
current process commit charge ("private bytes"): 327M, peak: 331M

vm_info: OpenJDK 64-Bit Server VM (17.0.15+6-LTS) for windows-amd64 JRE (17.0.15+6-LTS), built on Apr  9 2025 23:33:55 by "Administrator" with MS VC++ 16.10 / 16.11 (VS2019)

END.
