#
# There is insufficient memory for the Java Runtime Environment to continue.
# Native memory allocation (malloc) failed to allocate 67936 bytes. Error detail: Chunk::new
# Possible reasons:
#   The system is out of physical RAM or swap space
#   This process is running with CompressedOops enabled, and the Java Heap may be blocking the growth of the native heap
# Possible solutions:
#   Reduce memory load on the system
#   Increase physical memory or swap space
#   Check if swap backing store is full
#   Decrease Java heap size (-Xmx/-Xms)
#   Decrease number of Java threads
#   Decrease Java thread stack sizes (-Xss)
#   Set larger code cache with -XX:ReservedCodeCacheSize=
#   JVM is running with Zero Based Compressed Oops mode in which the Java heap is
#     placed in the first 32GB address space. The Java Heap base address is the
#     maximum limit for the native heap growth. Please use -XX:HeapBaseMinAddress
#     to set the Java Heap base and to place the Java Heap above 32GB virtual address.
# This output file may be truncated or incomplete.
#
#  Out of Memory Error (arena.cpp:191), pid=3904, tid=13040
#
# JRE version: OpenJDK Runtime Environment Corretto-17.0.15.6.1 (17.0.15+6) (build 17.0.15+6-LTS)
# Java VM: OpenJDK 64-Bit Server VM Corretto-17.0.15.6.1 (17.0.15+6-LTS, mixed mode, sharing, tiered, compressed oops, compressed class ptrs, g1 gc, windows-amd64)
# No core dump will be written. Minidumps are not enabled by default on client versions of Windows
#

---------------  S U M M A R Y ------------

Command Line: -javaagent:C:\Program Files\JetBrains\IntelliJ IDEA Community Edition 2023.2.5\lib\idea_rt.jar=63910:C:\Program Files\JetBrains\IntelliJ IDEA Community Edition 2023.2.5\bin -Dfile.encoding=UTF-8 Meraki.Hub.Management.System.ManagementSystemApplication

Host: Intel(R) Core(TM) i5-4200M CPU @ 2.50GHz, 4 cores, 11G,  Windows 10 , 64 bit Build 19041 (10.0.19041.5915)
Time: Tue Mar 10 09:13:32 2026 E. Africa Standard Time elapsed time: 15.250535 seconds (0d 0h 0m 15s)

---------------  T H R E A D  ---------------

Current thread (0x0000017c7fd89b90):  JavaThread "C2 CompilerThread0" daemon [_thread_in_native, id=13040, stack(0x00000017e1600000,0x00000017e1700000)]


Current CompileTask:
C2:  15250  935       4       java.lang.String::startsWith (7 bytes)

Stack: [0x00000017e1600000,0x00000017e1700000]
Native frames: (J=compiled Java code, j=interpreted, Vv=VM code, C=native code)
V  [jvm.dll+0x681149]
V  [jvm.dll+0x838b5a]
V  [jvm.dll+0x83a61e]
V  [jvm.dll+0x83ac83]
V  [jvm.dll+0x24837f]
V  [jvm.dll+0xaca54]
V  [jvm.dll+0xad09c]
V  [jvm.dll+0x2af9ef]
V  [jvm.dll+0x587607]
V  [jvm.dll+0x2231e2]
V  [jvm.dll+0x2235df]
V  [jvm.dll+0x21c6f0]
V  [jvm.dll+0x219bf1]
V  [jvm.dll+0x1a59fd]
V  [jvm.dll+0x229a5d]
V  [jvm.dll+0x227bec]
V  [jvm.dll+0x7eda37]
V  [jvm.dll+0x7e7f8c]
V  [jvm.dll+0x680017]
C  [ucrtbase.dll+0x21bb2]
C  [KERNEL32.DLL+0x17374]
C  [ntdll.dll+0x4cc91]


---------------  P R O C E S S  ---------------

Threads class SMR info:
_java_thread_list=0x0000017c596d3d80, length=13, elements={
0x0000017c73ccc5f0, 0x0000017c7fd6db70, 0x0000017c7fd70a00, 0x0000017c7fd84fa0,
0x0000017c7fd87a70, 0x0000017c7fd88430, 0x0000017c7fd88df0, 0x0000017c7fd89b90,
0x0000017c7fd981b0, 0x0000017c7fd9aee0, 0x0000017c59040000, 0x0000017c592710f0,
0x0000017c592715d0
}

Java Threads: ( => current thread )
  0x0000017c73ccc5f0 JavaThread "main" [_thread_in_vm, id=11876, stack(0x00000017e0900000,0x00000017e0a00000)]
  0x0000017c7fd6db70 JavaThread "Reference Handler" daemon [_thread_blocked, id=15468, stack(0x00000017e1000000,0x00000017e1100000)]
  0x0000017c7fd70a00 JavaThread "Finalizer" daemon [_thread_blocked, id=15564, stack(0x00000017e1100000,0x00000017e1200000)]
  0x0000017c7fd84fa0 JavaThread "Signal Dispatcher" daemon [_thread_blocked, id=7308, stack(0x00000017e1200000,0x00000017e1300000)]
  0x0000017c7fd87a70 JavaThread "Attach Listener" daemon [_thread_blocked, id=1596, stack(0x00000017e1300000,0x00000017e1400000)]
  0x0000017c7fd88430 JavaThread "Service Thread" daemon [_thread_blocked, id=7460, stack(0x00000017e1400000,0x00000017e1500000)]
  0x0000017c7fd88df0 JavaThread "Monitor Deflation Thread" daemon [_thread_blocked, id=16796, stack(0x00000017e1500000,0x00000017e1600000)]
=>0x0000017c7fd89b90 JavaThread "C2 CompilerThread0" daemon [_thread_in_native, id=13040, stack(0x00000017e1600000,0x00000017e1700000)]
  0x0000017c7fd981b0 JavaThread "C1 CompilerThread0" daemon [_thread_blocked, id=15992, stack(0x00000017e1700000,0x00000017e1800000)]
  0x0000017c7fd9aee0 JavaThread "Sweeper thread" daemon [_thread_blocked, id=3052, stack(0x00000017e1800000,0x00000017e1900000)]
  0x0000017c59040000 JavaThread "Common-Cleaner" daemon [_thread_blocked, id=16688, stack(0x00000017e1900000,0x00000017e1a00000)]
  0x0000017c592710f0 JavaThread "Monitor Ctrl-Break" daemon [_thread_in_native, id=15772, stack(0x00000017e1a00000,0x00000017e1b00000)]
  0x0000017c592715d0 JavaThread "Notification Thread" daemon [_thread_blocked, id=3372, stack(0x00000017e1b00000,0x00000017e1c00000)]

Other Threads:
  0x0000017c7fd690d0 VMThread "VM Thread" [stack: 0x00000017e0f00000,0x00000017e1000000] [id=17032]
  0x0000017c593f7740 WatcherThread [stack: 0x00000017e1c00000,0x00000017e1d00000] [id=5476]
  0x0000017c73d22110 GCTaskThread "GC Thread#0" [stack: 0x00000017e0a00000,0x00000017e0b00000] [id=16744]
  0x0000017c59a50660 GCTaskThread "GC Thread#1" [stack: 0x00000017e1d00000,0x00000017e1e00000] [id=14596]
  0x0000017c5966ff70 GCTaskThread "GC Thread#2" [stack: 0x00000017e1e00000,0x00000017e1f00000] [id=15336]
  0x0000017c59bfeb40 GCTaskThread "GC Thread#3" [stack: 0x00000017e1f00000,0x00000017e2000000] [id=11820]
  0x0000017c73d309e0 ConcurrentGCThread "G1 Main Marker" [stack: 0x00000017e0b00000,0x00000017e0c00000] [id=6116]
  0x0000017c73d31400 ConcurrentGCThread "G1 Conc#0" [stack: 0x00000017e0c00000,0x00000017e0d00000] [id=8000]
  0x0000017c73d6ed80 ConcurrentGCThread "G1 Refine#0" [stack: 0x00000017e0d00000,0x00000017e0e00000] [id=17132]
  0x0000017c73d6f7b0 ConcurrentGCThread "G1 Service" [stack: 0x00000017e0e00000,0x00000017e0f00000] [id=1656]

Threads with active compile tasks:
C2 CompilerThread0    15513  935       4       java.lang.String::startsWith (7 bytes)

VM state: not at safepoint (normal execution)

VM Mutex/Monitor currently owned by a thread:  ([mutex/lock_event])
[0x0000017c73cc5940] Metaspace_lock - owner thread: 0x0000017c73ccc5f0

Heap address: 0x0000000744400000, size: 3004 MB, Compressed Oops mode: Zero based, Oop shift amount: 3

CDS archive(s) mapped at: [0x0000017c14000000-0x0000017c14bb0000-0x0000017c14bb0000), size 12255232, SharedBaseAddress: 0x0000017c14000000, ArchiveRelocationMode: 1.
Compressed class space mapped at: 0x0000017c15000000-0x0000017c55000000, reserved size: 1073741824
Narrow klass base: 0x0000017c14000000, Narrow klass shift: 0, Narrow klass range: 0x100000000

GC Precious Log:
 CPUs: 4 total, 4 available
 Memory: 12008M
 Large Page Support: Disabled
 NUMA Support: Disabled
 Compressed Oops: Enabled (Zero based)
 Heap Region Size: 2M
 Heap Min Capacity: 8M
 Heap Initial Capacity: 188M
 Heap Max Capacity: 3004M
 Pre-touch: Disabled
 Parallel Workers: 4
 Concurrent Workers: 1
 Concurrent Refinement Workers: 4
 Periodic GC: Disabled

Heap:
 garbage-first heap   total 192512K, used 10297K [0x0000000744400000, 0x0000000800000000)
  region size 2048K, 4 young (8192K), 1 survivors (2048K)
 Metaspace       used 4229K, committed 4352K, reserved 1114112K
  class space    used 463K, committed 512K, reserved 1048576K

Heap Regions: E=young(eden), S=young(survivor), O=old, HS=humongous(starts), HC=humongous(continues), CS=collection set, F=free, OA=open archive, CA=closed archive, TAMS=top-at-mark-start (previous, next)
|   0|0x0000000744400000, 0x0000000744600000, 0x0000000744600000|100%| O|  |TAMS 0x0000000744400000, 0x0000000744400000| Untracked 
|   1|0x0000000744600000, 0x0000000744800000, 0x0000000744800000|100%| O|  |TAMS 0x0000000744600000, 0x0000000744600000| Untracked 
|   2|0x0000000744800000, 0x000000074480e400, 0x0000000744a00000|  2%| O|  |TAMS 0x0000000744800000, 0x0000000744800000| Untracked 
|   3|0x0000000744a00000, 0x0000000744a00000, 0x0000000744c00000|  0%| F|  |TAMS 0x0000000744a00000, 0x0000000744a00000| Untracked 
|   4|0x0000000744c00000, 0x0000000744c00000, 0x0000000744e00000|  0%| F|  |TAMS 0x0000000744c00000, 0x0000000744c00000| Untracked 
|   5|0x0000000744e00000, 0x0000000744e00000, 0x0000000745000000|  0%| F|  |TAMS 0x0000000744e00000, 0x0000000744e00000| Untracked 
|   6|0x0000000745000000, 0x0000000745000000, 0x0000000745200000|  0%| F|  |TAMS 0x0000000745000000, 0x0000000745000000| Untracked 
|   7|0x0000000745200000, 0x0000000745200000, 0x0000000745400000|  0%| F|  |TAMS 0x0000000745200000, 0x0000000745200000| Untracked 
|   8|0x0000000745400000, 0x0000000745400000, 0x0000000745600000|  0%| F|  |TAMS 0x0000000745400000, 0x0000000745400000| Untracked 
|   9|0x0000000745600000, 0x0000000745600000, 0x0000000745800000|  0%| F|  |TAMS 0x0000000745600000, 0x0000000745600000| Untracked 
|  10|0x0000000745800000, 0x0000000745800000, 0x0000000745a00000|  0%| F|  |TAMS 0x0000000745800000, 0x0000000745800000| Untracked 
|  11|0x0000000745a00000, 0x0000000745a00000, 0x0000000745c00000|  0%| F|  |TAMS 0x0000000745a00000, 0x0000000745a00000| Untracked 
|  12|0x0000000745c00000, 0x0000000745c00000, 0x0000000745e00000|  0%| F|  |TAMS 0x0000000745c00000, 0x0000000745c00000| Untracked 
|  13|0x0000000745e00000, 0x0000000745e00000, 0x0000000746000000|  0%| F|  |TAMS 0x0000000745e00000, 0x0000000745e00000| Untracked 
|  14|0x0000000746000000, 0x0000000746000000, 0x0000000746200000|  0%| F|  |TAMS 0x0000000746000000, 0x0000000746000000| Untracked 
|  15|0x0000000746200000, 0x0000000746200000, 0x0000000746400000|  0%| F|  |TAMS 0x0000000746200000, 0x0000000746200000| Untracked 
|  16|0x0000000746400000, 0x0000000746400000, 0x0000000746600000|  0%| F|  |TAMS 0x0000000746400000, 0x0000000746400000| Untracked 
|  17|0x0000000746600000, 0x0000000746600000, 0x0000000746800000|  0%| F|  |TAMS 0x0000000746600000, 0x0000000746600000| Untracked 
|  18|0x0000000746800000, 0x0000000746800000, 0x0000000746a00000|  0%| F|  |TAMS 0x0000000746800000, 0x0000000746800000| Untracked 
|  19|0x0000000746a00000, 0x0000000746a00000, 0x0000000746c00000|  0%| F|  |TAMS 0x0000000746a00000, 0x0000000746a00000| Untracked 
|  20|0x0000000746c00000, 0x0000000746c00000, 0x0000000746e00000|  0%| F|  |TAMS 0x0000000746c00000, 0x0000000746c00000| Untracked 
|  21|0x0000000746e00000, 0x0000000746e00000, 0x0000000747000000|  0%| F|  |TAMS 0x0000000746e00000, 0x0000000746e00000| Untracked 
|  22|0x0000000747000000, 0x0000000747000000, 0x0000000747200000|  0%| F|  |TAMS 0x0000000747000000, 0x0000000747000000| Untracked 
|  23|0x0000000747200000, 0x0000000747200000, 0x0000000747400000|  0%| F|  |TAMS 0x0000000747200000, 0x0000000747200000| Untracked 
|  24|0x0000000747400000, 0x0000000747400000, 0x0000000747600000|  0%| F|  |TAMS 0x0000000747400000, 0x0000000747400000| Untracked 
|  25|0x0000000747600000, 0x0000000747600000, 0x0000000747800000|  0%| F|  |TAMS 0x0000000747600000, 0x0000000747600000| Untracked 
|  26|0x0000000747800000, 0x0000000747800000, 0x0000000747a00000|  0%| F|  |TAMS 0x0000000747800000, 0x0000000747800000| Untracked 
|  27|0x0000000747a00000, 0x0000000747a00000, 0x0000000747c00000|  0%| F|  |TAMS 0x0000000747a00000, 0x0000000747a00000| Untracked 
|  28|0x0000000747c00000, 0x0000000747c00000, 0x0000000747e00000|  0%| F|  |TAMS 0x0000000747c00000, 0x0000000747c00000| Untracked 
|  29|0x0000000747e00000, 0x0000000747e00000, 0x0000000748000000|  0%| F|  |TAMS 0x0000000747e00000, 0x0000000747e00000| Untracked 
|  30|0x0000000748000000, 0x0000000748000000, 0x0000000748200000|  0%| F|  |TAMS 0x0000000748000000, 0x0000000748000000| Untracked 
|  31|0x0000000748200000, 0x0000000748200000, 0x0000000748400000|  0%| F|  |TAMS 0x0000000748200000, 0x0000000748200000| Untracked 
|  32|0x0000000748400000, 0x0000000748400000, 0x0000000748600000|  0%| F|  |TAMS 0x0000000748400000, 0x0000000748400000| Untracked 
|  33|0x0000000748600000, 0x0000000748600000, 0x0000000748800000|  0%| F|  |TAMS 0x0000000748600000, 0x0000000748600000| Untracked 
|  34|0x0000000748800000, 0x0000000748800000, 0x0000000748a00000|  0%| F|  |TAMS 0x0000000748800000, 0x0000000748800000| Untracked 
|  35|0x0000000748a00000, 0x0000000748a00000, 0x0000000748c00000|  0%| F|  |TAMS 0x0000000748a00000, 0x0000000748a00000| Untracked 
|  36|0x0000000748c00000, 0x0000000748c00000, 0x0000000748e00000|  0%| F|  |TAMS 0x0000000748c00000, 0x0000000748c00000| Untracked 
|  37|0x0000000748e00000, 0x0000000748e00000, 0x0000000749000000|  0%| F|  |TAMS 0x0000000748e00000, 0x0000000748e00000| Untracked 
|  38|0x0000000749000000, 0x0000000749000000, 0x0000000749200000|  0%| F|  |TAMS 0x0000000749000000, 0x0000000749000000| Untracked 
|  39|0x0000000749200000, 0x0000000749200000, 0x0000000749400000|  0%| F|  |TAMS 0x0000000749200000, 0x0000000749200000| Untracked 
|  40|0x0000000749400000, 0x0000000749400000, 0x0000000749600000|  0%| F|  |TAMS 0x0000000749400000, 0x0000000749400000| Untracked 
|  41|0x0000000749600000, 0x0000000749600000, 0x0000000749800000|  0%| F|  |TAMS 0x0000000749600000, 0x0000000749600000| Untracked 
|  42|0x0000000749800000, 0x0000000749800000, 0x0000000749a00000|  0%| F|  |TAMS 0x0000000749800000, 0x0000000749800000| Untracked 
|  43|0x0000000749a00000, 0x0000000749a00000, 0x0000000749c00000|  0%| F|  |TAMS 0x0000000749a00000, 0x0000000749a00000| Untracked 
|  44|0x0000000749c00000, 0x0000000749c00000, 0x0000000749e00000|  0%| F|  |TAMS 0x0000000749c00000, 0x0000000749c00000| Untracked 
|  45|0x0000000749e00000, 0x0000000749e00000, 0x000000074a000000|  0%| F|  |TAMS 0x0000000749e00000, 0x0000000749e00000| Untracked 
|  46|0x000000074a000000, 0x000000074a000000, 0x000000074a200000|  0%| F|  |TAMS 0x000000074a000000, 0x000000074a000000| Untracked 
|  47|0x000000074a200000, 0x000000074a200000, 0x000000074a400000|  0%| F|  |TAMS 0x000000074a200000, 0x000000074a200000| Untracked 
|  48|0x000000074a400000, 0x000000074a400000, 0x000000074a600000|  0%| F|  |TAMS 0x000000074a400000, 0x000000074a400000| Untracked 
|  49|0x000000074a600000, 0x000000074a600000, 0x000000074a800000|  0%| F|  |TAMS 0x000000074a600000, 0x000000074a600000| Untracked 
|  50|0x000000074a800000, 0x000000074a800000, 0x000000074aa00000|  0%| F|  |TAMS 0x000000074a800000, 0x000000074a800000| Untracked 
|  51|0x000000074aa00000, 0x000000074aa00000, 0x000000074ac00000|  0%| F|  |TAMS 0x000000074aa00000, 0x000000074aa00000| Untracked 
|  52|0x000000074ac00000, 0x000000074ac00000, 0x000000074ae00000|  0%| F|  |TAMS 0x000000074ac00000, 0x000000074ac00000| Untracked 
|  53|0x000000074ae00000, 0x000000074ae00000, 0x000000074b000000|  0%| F|  |TAMS 0x000000074ae00000, 0x000000074ae00000| Untracked 
|  54|0x000000074b000000, 0x000000074b000000, 0x000000074b200000|  0%| F|  |TAMS 0x000000074b000000, 0x000000074b000000| Untracked 
|  55|0x000000074b200000, 0x000000074b200000, 0x000000074b400000|  0%| F|  |TAMS 0x000000074b200000, 0x000000074b200000| Untracked 
|  56|0x000000074b400000, 0x000000074b400000, 0x000000074b600000|  0%| F|  |TAMS 0x000000074b400000, 0x000000074b400000| Untracked 
|  57|0x000000074b600000, 0x000000074b600000, 0x000000074b800000|  0%| F|  |TAMS 0x000000074b600000, 0x000000074b600000| Untracked 
|  58|0x000000074b800000, 0x000000074b800000, 0x000000074ba00000|  0%| F|  |TAMS 0x000000074b800000, 0x000000074b800000| Untracked 
|  59|0x000000074ba00000, 0x000000074ba00000, 0x000000074bc00000|  0%| F|  |TAMS 0x000000074ba00000, 0x000000074ba00000| Untracked 
|  60|0x000000074bc00000, 0x000000074bc00000, 0x000000074be00000|  0%| F|  |TAMS 0x000000074bc00000, 0x000000074bc00000| Untracked 
|  61|0x000000074be00000, 0x000000074be00000, 0x000000074c000000|  0%| F|  |TAMS 0x000000074be00000, 0x000000074be00000| Untracked 
|  62|0x000000074c000000, 0x000000074c000000, 0x000000074c200000|  0%| F|  |TAMS 0x000000074c000000, 0x000000074c000000| Untracked 
|  63|0x000000074c200000, 0x000000074c200000, 0x000000074c400000|  0%| F|  |TAMS 0x000000074c200000, 0x000000074c200000| Untracked 
|  64|0x000000074c400000, 0x000000074c400000, 0x000000074c600000|  0%| F|  |TAMS 0x000000074c400000, 0x000000074c400000| Untracked 
|  65|0x000000074c600000, 0x000000074c600000, 0x000000074c800000|  0%| F|  |TAMS 0x000000074c600000, 0x000000074c600000| Untracked 
|  66|0x000000074c800000, 0x000000074c800000, 0x000000074ca00000|  0%| F|  |TAMS 0x000000074c800000, 0x000000074c800000| Untracked 
|  67|0x000000074ca00000, 0x000000074ca00000, 0x000000074cc00000|  0%| F|  |TAMS 0x000000074ca00000, 0x000000074ca00000| Untracked 
|  68|0x000000074cc00000, 0x000000074cc00000, 0x000000074ce00000|  0%| F|  |TAMS 0x000000074cc00000, 0x000000074cc00000| Untracked 
|  69|0x000000074ce00000, 0x000000074ce00000, 0x000000074d000000|  0%| F|  |TAMS 0x000000074ce00000, 0x000000074ce00000| Untracked 
|  70|0x000000074d000000, 0x000000074d000000, 0x000000074d200000|  0%| F|  |TAMS 0x000000074d000000, 0x000000074d000000| Untracked 
|  71|0x000000074d200000, 0x000000074d200000, 0x000000074d400000|  0%| F|  |TAMS 0x000000074d200000, 0x000000074d200000| Untracked 
|  72|0x000000074d400000, 0x000000074d400000, 0x000000074d600000|  0%| F|  |TAMS 0x000000074d400000, 0x000000074d400000| Untracked 
|  73|0x000000074d600000, 0x000000074d600000, 0x000000074d800000|  0%| F|  |TAMS 0x000000074d600000, 0x000000074d600000| Untracked 
|  74|0x000000074d800000, 0x000000074d800000, 0x000000074da00000|  0%| F|  |TAMS 0x000000074d800000, 0x000000074d800000| Untracked 
|  75|0x000000074da00000, 0x000000074da00000, 0x000000074dc00000|  0%| F|  |TAMS 0x000000074da00000, 0x000000074da00000| Untracked 
|  76|0x000000074dc00000, 0x000000074dc00000, 0x000000074de00000|  0%| F|  |TAMS 0x000000074dc00000, 0x000000074dc00000| Untracked 
|  77|0x000000074de00000, 0x000000074de00000, 0x000000074e000000|  0%| F|  |TAMS 0x000000074de00000, 0x000000074de00000| Untracked 
|  78|0x000000074e000000, 0x000000074e000000, 0x000000074e200000|  0%| F|  |TAMS 0x000000074e000000, 0x000000074e000000| Untracked 
|  79|0x000000074e200000, 0x000000074e200000, 0x000000074e400000|  0%| F|  |TAMS 0x000000074e200000, 0x000000074e200000| Untracked 
|  80|0x000000074e400000, 0x000000074e400000, 0x000000074e600000|  0%| F|  |TAMS 0x000000074e400000, 0x000000074e400000| Untracked 
|  81|0x000000074e600000, 0x000000074e600000, 0x000000074e800000|  0%| F|  |TAMS 0x000000074e600000, 0x000000074e600000| Untracked 
|  82|0x000000074e800000, 0x000000074e800000, 0x000000074ea00000|  0%| F|  |TAMS 0x000000074e800000, 0x000000074e800000| Untracked 
|  83|0x000000074ea00000, 0x000000074ea00000, 0x000000074ec00000|  0%| F|  |TAMS 0x000000074ea00000, 0x000000074ea00000| Untracked 
|  84|0x000000074ec00000, 0x000000074ec00000, 0x000000074ee00000|  0%| F|  |TAMS 0x000000074ec00000, 0x000000074ec00000| Untracked 
|  85|0x000000074ee00000, 0x000000074ee00000, 0x000000074f000000|  0%| F|  |TAMS 0x000000074ee00000, 0x000000074ee00000| Untracked 
|  86|0x000000074f000000, 0x000000074f000000, 0x000000074f200000|  0%| F|  |TAMS 0x000000074f000000, 0x000000074f000000| Untracked 
|  87|0x000000074f200000, 0x000000074f400000, 0x000000074f400000|100%| S|CS|TAMS 0x000000074f200000, 0x000000074f200000| Complete 
|  88|0x000000074f400000, 0x000000074f400000, 0x000000074f600000|  0%| F|  |TAMS 0x000000074f400000, 0x000000074f400000| Untracked 
|  89|0x000000074f600000, 0x000000074f600000, 0x000000074f800000|  0%| F|  |TAMS 0x000000074f600000, 0x000000074f600000| Untracked 
|  90|0x000000074f800000, 0x000000074f800000, 0x000000074fa00000|  0%| F|  |TAMS 0x000000074f800000, 0x000000074f800000| Untracked 
|  91|0x000000074fa00000, 0x000000074fbfb9b8, 0x000000074fc00000| 99%| E|  |TAMS 0x000000074fa00000, 0x000000074fa00000| Complete 
|  92|0x000000074fc00000, 0x000000074fe00000, 0x000000074fe00000|100%| E|CS|TAMS 0x000000074fc00000, 0x000000074fc00000| Complete 
|  93|0x000000074fe00000, 0x0000000750000000, 0x0000000750000000|100%| E|CS|TAMS 0x000000074fe00000, 0x000000074fe00000| Complete 

Card table byte_map: [0x0000017c7bdf0000,0x0000017c7c3d0000] _byte_map_base: 0x0000017c783ce000

Marking Bits (Prev, Next): (CMBitMap*) 0x0000017c73d23740, (CMBitMap*) 0x0000017c73d23780
 Prev Bits: [0x0000017c7c9b0000, 0x0000017c7f8a0000)
 Next Bits: [0x0000017c0f000000, 0x0000017c11ef0000)

Polling page: 0x0000017c71bf0000

Metaspace:

Usage:
  Non-class:      3.68 MB used.
      Class:    463.79 KB used.
       Both:      4.13 MB used.

Virtual space:
  Non-class space:       64.00 MB reserved,       3.75 MB (  6%) committed,  1 nodes.
      Class space:        1.00 GB reserved,     512.00 KB ( <1%) committed,  1 nodes.
             Both:        1.06 GB reserved,       4.25 MB ( <1%) committed. 

Chunk freelists:
   Non-Class:  10.11 MB
       Class:  15.45 MB
        Both:  25.56 MB

MaxMetaspaceSize: unlimited
CompressedClassSpaceSize: 1.00 GB
Initial GC threshold: 21.00 MB
Current GC threshold: 21.00 MB
CDS: on
MetaspaceReclaimPolicy: balanced
 - commit_granule_bytes: 65536.
 - commit_granule_words: 8192.
 - virtual_space_node_default_size: 8388608.
 - enlarge_chunks_in_place: 1.
 - new_chunks_are_fully_committed: 0.
 - uncommit_free_chunks: 1.
 - use_allocation_guard: 0.
 - handle_deallocations: 1.


Internal statistics:

num_allocs_failed_limit: 0.
num_arena_births: 82.
num_arena_deaths: 0.
num_vsnodes_births: 2.
num_vsnodes_deaths: 0.
num_space_committed: 68.
num_space_uncommitted: 0.
num_chunks_returned_to_freelist: 0.
num_chunks_taken_from_freelist: 190.
num_chunk_merges: 0.
num_chunk_splits: 121.
num_chunks_enlarged: 91.
num_inconsistent_stats: 0.

CodeHeap 'non-profiled nmethods': size=120000Kb used=327Kb max_used=327Kb free=119672Kb
 bounds [0x0000017c07ad0000, 0x0000017c07d40000, 0x0000017c0f000000]
CodeHeap 'profiled nmethods': size=120000Kb used=1615Kb max_used=1615Kb free=118384Kb
 bounds [0x0000017c00000000, 0x0000017c00270000, 0x0000017c07530000]
CodeHeap 'non-nmethods': size=5760Kb used=1142Kb max_used=1157Kb free=4617Kb
 bounds [0x0000017c07530000, 0x0000017c077a0000, 0x0000017c07ad0000]
 total_blobs=1373 nmethods=942 adapters=344
 compilation: enabled
              stopped_count=0, restarted_count=0
 full_count=0

Compilation events (20 events):
Event: 15.135 Thread 0x0000017c7fd981b0 nmethod 924 0x0000017c00186a10 code [0x0000017c00186ce0, 0x0000017c00187c18]
Event: 15.135 Thread 0x0000017c7fd981b0  925       3       java.lang.Package::isSealed (26 bytes)
Event: 15.135 Thread 0x0000017c7fd981b0 nmethod 925 0x0000017c00188090 code [0x0000017c00188240, 0x0000017c00188558]
Event: 15.135 Thread 0x0000017c7fd981b0  926       3       jdk.internal.loader.BuiltinClassLoader::isSealed (71 bytes)
Event: 15.137 Thread 0x0000017c7fd981b0 nmethod 926 0x0000017c00188690 code [0x0000017c00188ac0, 0x0000017c0018a798]
Event: 15.180 Thread 0x0000017c7fd981b0  927       1       java.util.concurrent.CopyOnWriteArrayList::setArray (6 bytes)
Event: 15.180 Thread 0x0000017c7fd981b0 nmethod 927 0x0000017c07b21110 code [0x0000017c07b212a0, 0x0000017c07b213b8]
Event: 15.181 Thread 0x0000017c7fd981b0  928       3       java.util.zip.ZipUtils::CENATX_PERMS (9 bytes)
Event: 15.181 Thread 0x0000017c7fd981b0 nmethod 928 0x0000017c0018b290 code [0x0000017c0018b420, 0x0000017c0018b5d8]
Event: 15.240 Thread 0x0000017c7fd981b0  929       3       java.lang.invoke.MethodHandles$Lookup::checkAccess (232 bytes)
Event: 15.242 Thread 0x0000017c7fd981b0 nmethod 929 0x0000017c0018b710 code [0x0000017c0018ba00, 0x0000017c0018ca18]
Event: 15.243 Thread 0x0000017c7fd981b0  931       3       java.lang.invoke.MemberName::isCallerSensitive (8 bytes)
Event: 15.243 Thread 0x0000017c7fd981b0 nmethod 931 0x0000017c0018ce90 code [0x0000017c0018d040, 0x0000017c0018d278]
Event: 15.243 Thread 0x0000017c7fd981b0  932       3       java.lang.ref.Reference::<init> (7 bytes)
Event: 15.243 Thread 0x0000017c7fd981b0 nmethod 932 0x0000017c0018d390 code [0x0000017c0018d540, 0x0000017c0018d7f8]
Event: 15.244 Thread 0x0000017c7fd981b0  933       3       java.lang.invoke.MethodHandles$Lookup::checkSymbolicClass (25 bytes)
Event: 15.244 Thread 0x0000017c7fd981b0 nmethod 933 0x0000017c0018d910 code [0x0000017c0018dae0, 0x0000017c0018dd48]
Event: 15.244 Thread 0x0000017c7fd981b0  934       3       jdk.internal.org.objectweb.asm.Label::<init> (5 bytes)
Event: 15.245 Thread 0x0000017c7fd981b0 nmethod 934 0x0000017c0018de90 code [0x0000017c0018e020, 0x0000017c0018e178]
Event: 15.246 Thread 0x0000017c7fd89b90  935       4       java.lang.String::startsWith (7 bytes)

GC Heap History (2 events):
Event: 14.351 GC heap before
{Heap before GC invocations=0 (full 0):
 garbage-first heap   total 192512K, used 10240K [0x0000000744400000, 0x0000000800000000)
  region size 2048K, 6 young (12288K), 0 survivors (0K)
 Metaspace       used 2435K, committed 2496K, reserved 1114112K
  class space    used 233K, committed 256K, reserved 1048576K
}
Event: 14.356 GC heap after
{Heap after GC invocations=1 (full 0):
 garbage-first heap   total 192512K, used 6201K [0x0000000744400000, 0x0000000800000000)
  region size 2048K, 1 young (2048K), 1 survivors (2048K)
 Metaspace       used 2435K, committed 2496K, reserved 1114112K
  class space    used 233K, committed 256K, reserved 1048576K
}

Dll operation events (10 events):
Event: 0.564 Loaded shared library C:\Users\JUSTINE\.jdks\corretto-17.0.15\bin\java.dll
Event: 1.249 Loaded shared library C:\Users\JUSTINE\.jdks\corretto-17.0.15\bin\jsvml.dll
Event: 1.586 Loaded shared library C:\Users\JUSTINE\.jdks\corretto-17.0.15\bin\zip.dll
Event: 1.606 Loaded shared library C:\Users\JUSTINE\.jdks\corretto-17.0.15\bin\instrument.dll
Event: 1.717 Loaded shared library C:\Users\JUSTINE\.jdks\corretto-17.0.15\bin\net.dll
Event: 1.726 Loaded shared library C:\Users\JUSTINE\.jdks\corretto-17.0.15\bin\nio.dll
Event: 1.744 Loaded shared library C:\Users\JUSTINE\.jdks\corretto-17.0.15\bin\zip.dll
Event: 13.386 Loaded shared library C:\Program Files\JetBrains\IntelliJ IDEA Community Edition 2023.2.5\bin\breakgen64.dll
Event: 13.770 Loaded shared library C:\Users\JUSTINE\.jdks\corretto-17.0.15\bin\extnet.dll
Event: 13.798 Loaded shared library C:\Users\JUSTINE\.jdks\corretto-17.0.15\bin\jimage.dll

Deoptimization events (20 events):
Event: 14.122 Thread 0x0000017c73ccc5f0 DEOPT PACKING pc=0x0000017c0006d3bb sp=0x00000017e09fb8a0
Event: 14.122 Thread 0x0000017c73ccc5f0 DEOPT UNPACKING pc=0x0000017c07587143 sp=0x00000017e09facf0 mode 0
Event: 14.143 Thread 0x0000017c73ccc5f0 Uncommon trap: trap_request=0xffffff45 fr.pc=0x0000017c07b00364 relative=0x0000000000000544
Event: 14.143 Thread 0x0000017c73ccc5f0 Uncommon trap: reason=unstable_if action=reinterpret pc=0x0000017c07b00364 method=java.lang.StringLatin1.indexOf([BI[BII)I @ 80 c2
Event: 14.143 Thread 0x0000017c73ccc5f0 DEOPT PACKING pc=0x0000017c07b00364 sp=0x00000017e09fcf90
Event: 14.143 Thread 0x0000017c73ccc5f0 DEOPT UNPACKING pc=0x0000017c075869a3 sp=0x00000017e09fcf18 mode 2
Event: 14.153 Thread 0x0000017c73ccc5f0 Uncommon trap: trap_request=0xffffff45 fr.pc=0x0000017c07ae37e4 relative=0x0000000000000064
Event: 14.153 Thread 0x0000017c73ccc5f0 Uncommon trap: reason=unstable_if action=reinterpret pc=0x0000017c07ae37e4 method=java.io.WinNTFileSystem.isSlash(C)Z @ 9 c2
Event: 14.153 Thread 0x0000017c73ccc5f0 DEOPT PACKING pc=0x0000017c07ae37e4 sp=0x00000017e09fccd0
Event: 14.153 Thread 0x0000017c73ccc5f0 DEOPT UNPACKING pc=0x0000017c075869a3 sp=0x00000017e09fcc58 mode 2
Event: 14.250 Thread 0x0000017c73ccc5f0 DEOPT PACKING pc=0x0000017c000d143b sp=0x00000017e09fb9c0
Event: 14.250 Thread 0x0000017c73ccc5f0 DEOPT UNPACKING pc=0x0000017c07587143 sp=0x00000017e09fae38 mode 0
Event: 14.454 Thread 0x0000017c73ccc5f0 DEOPT PACKING pc=0x0000017c000d143b sp=0x00000017e09f7b80
Event: 14.454 Thread 0x0000017c73ccc5f0 DEOPT UNPACKING pc=0x0000017c07587143 sp=0x00000017e09f6fd0 mode 0
Event: 14.495 Thread 0x0000017c73ccc5f0 DEOPT PACKING pc=0x0000017c000d143b sp=0x00000017e09fbc60
Event: 14.495 Thread 0x0000017c73ccc5f0 DEOPT UNPACKING pc=0x0000017c07587143 sp=0x00000017e09fb0b0 mode 0
Event: 14.592 Thread 0x0000017c73ccc5f0 DEOPT PACKING pc=0x0000017c000d143b sp=0x00000017e09f69c0
Event: 14.592 Thread 0x0000017c73ccc5f0 DEOPT UNPACKING pc=0x0000017c07587143 sp=0x00000017e09f5e10 mode 0
Event: 14.854 Thread 0x0000017c73ccc5f0 DEOPT PACKING pc=0x0000017c000386b8 sp=0x00000017e09fa160
Event: 14.854 Thread 0x0000017c73ccc5f0 DEOPT UNPACKING pc=0x0000017c07587143 sp=0x00000017e09f95d8 mode 0

Classes loaded (20 events):
Event: 15.050 Loading class java/util/stream/Node$OfDouble done
Event: 15.050 Loading class java/util/stream/Nodes$EmptyNode$OfDouble done
Event: 15.050 Loading class java/util/stream/Nodes$SpinedNodeBuilder
Event: 15.051 Loading class java/util/stream/Node$Builder
Event: 15.051 Loading class java/util/stream/Node$Builder done
Event: 15.051 Loading class java/util/stream/SpinedBuffer
Event: 15.052 Loading class java/util/stream/AbstractSpinedBuffer
Event: 15.052 Loading class java/util/stream/AbstractSpinedBuffer done
Event: 15.052 Loading class java/util/stream/SpinedBuffer done
Event: 15.052 Loading class java/util/stream/Nodes$SpinedNodeBuilder done
Event: 15.063 Loading class java/util/IdentityHashMap$EntrySet
Event: 15.063 Loading class java/util/IdentityHashMap$EntrySet done
Event: 15.063 Loading class java/util/IdentityHashMap$EntryIterator
Event: 15.063 Loading class java/util/IdentityHashMap$EntryIterator done
Event: 15.064 Loading class java/util/IdentityHashMap$EntryIterator$Entry
Event: 15.064 Loading class java/util/IdentityHashMap$EntryIterator$Entry done
Event: 15.064 Loading class java/util/IdentityHashMap$ValueIterator
Event: 15.064 Loading class java/util/IdentityHashMap$ValueIterator done
Event: 15.094 Loading class java/lang/reflect/UndeclaredThrowableException
Event: 15.106 Loading class java/lang/reflect/UndeclaredThrowableException done

Classes unloaded (0 events):
No events

Classes redefined (0 events):
No events

Internal exceptions (14 events):
Event: 13.471 Thread 0x0000017c592710f0 Exception <a 'java/lang/NoSuchMethodError'{0x000000074f6630a0}: 'java.lang.Object java.lang.invoke.DirectMethodHandle$Holder.invokeStaticInit(java.lang.Object)'> (0x000000074f6630a0) 
thrown [s\src\hotspot\share\interpreter\linkResolver.cpp, line 759]
Event: 13.788 Thread 0x0000017c592710f0 Exception <a 'java/lang/NoSuchMethodError'{0x000000074f6719a0}: 'void java.lang.invoke.DirectMethodHandle$Holder.invokeStatic(java.lang.Object, java.lang.Object)'> (0x000000074f6719a0) 
thrown [s\src\hotspot\share\interpreter\linkResolver.cpp, line 759]
Event: 13.789 Thread 0x0000017c73ccc5f0 Exception <a 'java/lang/NoSuchMethodError'{0x000000074f73a888}: 'java.lang.Object java.lang.invoke.DirectMethodHandle$Holder.invokeStaticInit(java.lang.Object, java.lang.Object, java.lang.Object)'> (0x000000074f73a888) 
thrown [s\src\hotspot\share\interpreter\linkResolver.cpp, line 759]
Event: 13.953 Thread 0x0000017c73ccc5f0 Exception <a 'java/lang/NoSuchMethodError'{0x000000074f45dd60}: 'void java.lang.invoke.DirectMethodHandle$Holder.invokeStatic(java.lang.Object, java.lang.Object, java.lang.Object, java.lang.Object)'> (0x000000074f45dd60) 
thrown [s\src\hotspot\share\interpreter\linkResolver.cpp, line 759]
Event: 14.029 Thread 0x0000017c73ccc5f0 Exception <a 'java/lang/NoSuchMethodError'{0x000000074f4c6370}: 'int java.lang.invoke.DirectMethodHandle$Holder.invokeStatic(java.lang.Object)'> (0x000000074f4c6370) 
thrown [s\src\hotspot\share\interpreter\linkResolver.cpp, line 759]
Event: 14.033 Thread 0x0000017c73ccc5f0 Exception <a 'java/lang/NoSuchMethodError'{0x000000074f4c9820}: 'int java.lang.invoke.DirectMethodHandle$Holder.invokeStaticInit(java.lang.Object)'> (0x000000074f4c9820) 
thrown [s\src\hotspot\share\interpreter\linkResolver.cpp, line 759]
Event: 14.114 Thread 0x0000017c73ccc5f0 Exception <a 'java/lang/NoSuchMethodError'{0x000000074f50b210}: 'void java.lang.invoke.DirectMethodHandle$Holder.invokeStatic(java.lang.Object, java.lang.Object, java.lang.Object)'> (0x000000074f50b210) 
thrown [s\src\hotspot\share\interpreter\linkResolver.cpp, line 759]
Event: 14.129 Thread 0x0000017c73ccc5f0 Exception <a 'java/lang/NoSuchMethodError'{0x000000074f529840}: 'java.lang.Object java.lang.invoke.DirectMethodHandle$Holder.invokeStatic(java.lang.Object, int, java.lang.Object)'> (0x000000074f529840) 
thrown [s\src\hotspot\share\interpreter\linkResolver.cpp, line 759]
Event: 14.134 Thread 0x0000017c73ccc5f0 Exception <a 'java/lang/NoSuchMethodError'{0x000000074f5324f8}: 'java.lang.Object java.lang.invoke.DirectMethodHandle$Holder.invokeInterface(java.lang.Object, java.lang.Object)'> (0x000000074f5324f8) 
thrown [s\src\hotspot\share\interpreter\linkResolver.cpp, line 759]
Event: 14.250 Thread 0x0000017c73ccc5f0 Exception <a 'java/lang/NoSuchMethodError'{0x000000074f5adf08}: 'void java.lang.invoke.DirectMethodHandle$Holder.invokeStaticInit(java.lang.Object, java.lang.Object, java.lang.Object, java.lang.Object)'> (0x000000074f5adf08) 
thrown [s\src\hotspot\share\interpreter\linkResolver.cpp, line 759]
Event: 14.568 Thread 0x0000017c73ccc5f0 Exception <a 'java/lang/NoSuchMethodError'{0x000000074ff6de48}: 'java.lang.Object java.lang.invoke.DirectMethodHandle$Holder.invokeSpecial(java.lang.Object, java.lang.Object, java.lang.Object, long, java.lang.Object)'> (0x000000074ff6de48) 
thrown [s\src\hotspot\share\interpreter\linkResolver.cpp, line 759]
Event: 14.569 Thread 0x0000017c73ccc5f0 Exception <a 'java/lang/NoSuchMethodError'{0x000000074ff71a18}: 'java.lang.Object java.lang.invoke.Invokers$Holder.linkToTargetMethod(java.lang.Object, long, java.lang.Object, java.lang.Object)'> (0x000000074ff71a18) 
thrown [s\src\hotspot\share\interpreter\linkResolver.cpp, line 759]
Event: 15.109 Thread 0x0000017c73ccc5f0 Exception <a 'java/lang/NoSuchMethodError'{0x000000074fa9f330}: 'int java.lang.invoke.DirectMethodHandle$Holder.invokeStaticInit(java.lang.Object, java.lang.Object)'> (0x000000074fa9f330) 
thrown [s\src\hotspot\share\interpreter\linkResolver.cpp, line 759]
Event: 15.240 Thread 0x0000017c73ccc5f0 Exception <a 'java/lang/NoSuchMethodError'{0x000000074fb58f78}: 'void java.lang.invoke.DirectMethodHandle$Holder.invokeInterface(java.lang.Object, java.lang.Object, java.lang.Object, java.lang.Object)'> (0x000000074fb58f78) 
thrown [s\src\hotspot\share\interpreter\linkResolver.cpp, line 759]

VM Operations (20 events):
Event: 6.576 Executing VM operation: Cleanup
Event: 6.576 Executing VM operation: Cleanup done
Event: 9.619 Executing VM operation: Cleanup
Event: 9.619 Executing VM operation: Cleanup done
Event: 12.645 Executing VM operation: Cleanup
Event: 12.645 Executing VM operation: Cleanup done
Event: 13.419 Executing VM operation: HandshakeAllThreads
Event: 13.451 Executing VM operation: HandshakeAllThreads done
Event: 13.723 Executing VM operation: HandshakeAllThreads
Event: 13.723 Executing VM operation: HandshakeAllThreads done
Event: 13.723 Executing VM operation: Cleanup
Event: 13.723 Executing VM operation: Cleanup done
Event: 13.947 Executing VM operation: HandshakeAllThreads
Event: 13.947 Executing VM operation: HandshakeAllThreads done
Event: 14.144 Executing VM operation: HandshakeAllThreads
Event: 14.144 Executing VM operation: HandshakeAllThreads done
Event: 14.349 Executing VM operation: HandshakeAllThreads
Event: 14.349 Executing VM operation: HandshakeAllThreads done
Event: 14.350 Executing VM operation: G1CollectForAllocation
Event: 14.357 Executing VM operation: G1CollectForAllocation done

Memory protections (0 events):
No events

Nmethod flushes (0 events):
No events

Events (15 events):
Event: 1.259 Thread 0x0000017c73ccc5f0 Thread added: 0x0000017c73ccc5f0
Event: 1.283 Thread 0x0000017c73ccc5f0 Thread added: 0x0000017c7fd6db70
Event: 1.283 Thread 0x0000017c73ccc5f0 Thread added: 0x0000017c7fd70a00
Event: 1.330 Thread 0x0000017c73ccc5f0 Thread added: 0x0000017c7fd84fa0
Event: 1.330 Thread 0x0000017c73ccc5f0 Thread added: 0x0000017c7fd87a70
Event: 1.330 Thread 0x0000017c73ccc5f0 Thread added: 0x0000017c7fd88430
Event: 1.330 Thread 0x0000017c73ccc5f0 Thread added: 0x0000017c7fd88df0
Event: 1.331 Thread 0x0000017c73ccc5f0 Thread added: 0x0000017c7fd89b90
Event: 1.331 Thread 0x0000017c73ccc5f0 Thread added: 0x0000017c7fd981b0
Event: 1.331 Thread 0x0000017c73ccc5f0 Thread added: 0x0000017c7fd9aee0
Event: 1.515 Thread 0x0000017c73ccc5f0 Thread added: 0x0000017c59040000
Event: 13.387 Thread 0x0000017c73ccc5f0 Thread added: 0x0000017c592710f0
Event: 13.387 Thread 0x0000017c73ccc5f0 Thread added: 0x0000017c592715d0
Event: 14.631 Thread 0x0000017c7fd981b0 Thread added: 0x0000017c59bfd0b0
Event: 14.745 Thread 0x0000017c59bfd0b0 Thread exited: 0x0000017c59bfd0b0


Dynamic libraries:
0x00007ff73b820000 - 0x00007ff73b82e000 	C:\Users\JUSTINE\.jdks\corretto-17.0.15\bin\java.exe
0x00007ffb07490000 - 0x00007ffb07688000 	C:\WINDOWS\SYSTEM32\ntdll.dll
0x00007ffb05dc0000 - 0x00007ffb05e82000 	C:\WINDOWS\System32\KERNEL32.DLL
0x00007ffb04eb0000 - 0x00007ffb051a6000 	C:\WINDOWS\System32\KERNELBASE.dll
0x00007ffb051b0000 - 0x00007ffb052b0000 	C:\WINDOWS\System32\ucrtbase.dll
0x00007ffaefd50000 - 0x00007ffaefd6b000 	C:\Users\JUSTINE\.jdks\corretto-17.0.15\bin\VCRUNTIME140.dll
0x00007ffae5c20000 - 0x00007ffae5c37000 	C:\Users\JUSTINE\.jdks\corretto-17.0.15\bin\jli.dll
0x00007ffb05f00000 - 0x00007ffb060a1000 	C:\WINDOWS\System32\USER32.dll
0x00007ffb04cd0000 - 0x00007ffb04cf2000 	C:\WINDOWS\System32\win32u.dll
0x00007ffaeea60000 - 0x00007ffaeecfb000 	C:\WINDOWS\WinSxS\amd64_microsoft.windows.common-controls_6595b64144ccf1df_6.0.19041.6456_none_60b8a6cb71f64256\COMCTL32.dll
0x00007ffb054e0000 - 0x00007ffb0550b000 	C:\WINDOWS\System32\GDI32.dll
0x00007ffb05ac0000 - 0x00007ffb05b5e000 	C:\WINDOWS\System32\msvcrt.dll
0x00007ffb04d90000 - 0x00007ffb04ea9000 	C:\WINDOWS\System32\gdi32full.dll
0x00007ffb05410000 - 0x00007ffb054ad000 	C:\WINDOWS\System32\msvcp_win.dll
0x00007ffb054b0000 - 0x00007ffb054df000 	C:\WINDOWS\System32\IMM32.DLL
0x00007ffafbf80000 - 0x00007ffafbf8c000 	C:\Users\JUSTINE\.jdks\corretto-17.0.15\bin\vcruntime140_1.dll
0x00007ffad2680000 - 0x00007ffad270d000 	C:\Users\JUSTINE\.jdks\corretto-17.0.15\bin\msvcp140.dll
0x00007ffa8ae20000 - 0x00007ffa8ba8c000 	C:\Users\JUSTINE\.jdks\corretto-17.0.15\bin\server\jvm.dll
0x00007ffb07390000 - 0x00007ffb07441000 	C:\WINDOWS\System32\ADVAPI32.dll
0x00007ffb060b0000 - 0x00007ffb0614f000 	C:\WINDOWS\System32\sechost.dll
0x00007ffb05c80000 - 0x00007ffb05da0000 	C:\WINDOWS\System32\RPCRT4.dll
0x00007ffb04bd0000 - 0x00007ffb04bf7000 	C:\WINDOWS\System32\bcrypt.dll
0x00007ffb05e90000 - 0x00007ffb05efb000 	C:\WINDOWS\System32\WS2_32.dll
0x00007ffb040b0000 - 0x00007ffb040fb000 	C:\WINDOWS\SYSTEM32\POWRPROF.dll
0x00007ffafaf00000 - 0x00007ffafaf27000 	C:\WINDOWS\SYSTEM32\WINMM.dll
0x00007ffaf8080000 - 0x00007ffaf808a000 	C:\WINDOWS\SYSTEM32\VERSION.dll
0x00007ffb03f20000 - 0x00007ffb03f32000 	C:\WINDOWS\SYSTEM32\UMPDC.dll
0x00007ffb03330000 - 0x00007ffb03342000 	C:\WINDOWS\SYSTEM32\kernel.appcore.dll
0x00007ffaefd40000 - 0x00007ffaefd4a000 	C:\Users\JUSTINE\.jdks\corretto-17.0.15\bin\jimage.dll
0x00007ffb02940000 - 0x00007ffb02b41000 	C:\WINDOWS\SYSTEM32\DBGHELP.DLL
0x00007ffaeed30000 - 0x00007ffaeed64000 	C:\WINDOWS\SYSTEM32\dbgcore.DLL
0x00007ffb04d00000 - 0x00007ffb04d82000 	C:\WINDOWS\System32\bcryptPrimitives.dll
0x00007ffaea710000 - 0x00007ffaea71e000 	C:\Users\JUSTINE\.jdks\corretto-17.0.15\bin\instrument.dll
0x00007ffae57f0000 - 0x00007ffae5815000 	C:\Users\JUSTINE\.jdks\corretto-17.0.15\bin\java.dll
0x00007ffacb760000 - 0x00007ffacb837000 	C:\Users\JUSTINE\.jdks\corretto-17.0.15\bin\jsvml.dll
0x00007ffb064c0000 - 0x00007ffb06c30000 	C:\WINDOWS\System32\SHELL32.dll
0x00007ffb02b70000 - 0x00007ffb03315000 	C:\WINDOWS\SYSTEM32\windows.storage.dll
0x00007ffb06f50000 - 0x00007ffb072a4000 	C:\WINDOWS\System32\combase.dll
0x00007ffb04570000 - 0x00007ffb0459b000 	C:\WINDOWS\SYSTEM32\Wldp.dll
0x00007ffb072b0000 - 0x00007ffb0737d000 	C:\WINDOWS\System32\OLEAUT32.dll
0x00007ffb06de0000 - 0x00007ffb06e8d000 	C:\WINDOWS\System32\SHCORE.dll
0x00007ffb06e90000 - 0x00007ffb06eeb000 	C:\WINDOWS\System32\shlwapi.dll
0x00007ffb04a50000 - 0x00007ffb04a74000 	C:\WINDOWS\SYSTEM32\profapi.dll
0x00007ffae5ac0000 - 0x00007ffae5ad8000 	C:\Users\JUSTINE\.jdks\corretto-17.0.15\bin\zip.dll
0x00007ffae5390000 - 0x00007ffae53a9000 	C:\Users\JUSTINE\.jdks\corretto-17.0.15\bin\net.dll
0x00007ffafd830000 - 0x00007ffafd93a000 	C:\WINDOWS\SYSTEM32\WINHTTP.dll
0x00007ffb042b0000 - 0x00007ffb0431a000 	C:\WINDOWS\system32\mswsock.dll
0x00007ffae5370000 - 0x00007ffae5386000 	C:\Users\JUSTINE\.jdks\corretto-17.0.15\bin\nio.dll
0x00007ffae7780000 - 0x00007ffae779a000 	C:\Program Files\JetBrains\IntelliJ IDEA Community Edition 2023.2.5\bin\breakgen64.dll
0x00007ffafa870000 - 0x00007ffafa879000 	C:\Users\JUSTINE\.jdks\corretto-17.0.15\bin\extnet.dll

dbghelp: loaded successfully - version: 4.0.5 - missing functions: none
symbol engine: initialized successfully - sym options: 0x614 - pdb path: .;C:\Users\JUSTINE\.jdks\corretto-17.0.15\bin;C:\WINDOWS\SYSTEM32;C:\WINDOWS\WinSxS\amd64_microsoft.windows.common-controls_6595b64144ccf1df_6.0.19041.6456_none_60b8a6cb71f64256;C:\Users\JUSTINE\.jdks\corretto-17.0.15\bin\server;C:\Program Files\JetBrains\IntelliJ IDEA Community Edition 2023.2.5\bin

VM Arguments:
jvm_args: -javaagent:C:\Program Files\JetBrains\IntelliJ IDEA Community Edition 2023.2.5\lib\idea_rt.jar=63910:C:\Program Files\JetBrains\IntelliJ IDEA Community Edition 2023.2.5\bin -Dfile.encoding=UTF-8 
java_command: Meraki.Hub.Management.System.ManagementSystemApplication
java_class_path (initial): C:\Users\JUSTINE\Documents\Downloads\Management-System\target\classes;C:\Users\JUSTINE\.m2\repository\org\springframework\boot\spring-boot-starter-web\4.0.3\spring-boot-starter-web-4.0.3.jar;C:\Users\JUSTINE\.m2\repository\org\springframework\boot\spring-boot-starter-jackson\4.0.3\spring-boot-starter-jackson-4.0.3.jar;C:\Users\JUSTINE\.m2\repository\org\springframework\boot\spring-boot-jackson\4.0.3\spring-boot-jackson-4.0.3.jar;C:\Users\JUSTINE\.m2\repository\tools\jackson\core\jackson-databind\3.0.4\jackson-databind-3.0.4.jar;C:\Users\JUSTINE\.m2\repository\tools\jackson\core\jackson-core\3.0.4\jackson-core-3.0.4.jar;C:\Users\JUSTINE\.m2\repository\org\springframework\boot\spring-boot-starter-tomcat\4.0.3\spring-boot-starter-tomcat-4.0.3.jar;C:\Users\JUSTINE\.m2\repository\org\springframework\boot\spring-boot-starter-tomcat-runtime\4.0.3\spring-boot-starter-tomcat-runtime-4.0.3.jar;C:\Users\JUSTINE\.m2\repository\org\springframework\boot\spring-boot-web-server\4.0.3\spring-boot-web-server-4.0.3.jar;C:\Users\JUSTINE\.m2\repository\org\apache\tomcat\embed\tomcat-embed-core\11.0.18\tomcat-embed-core-11.0.18.jar;C:\Users\JUSTINE\.m2\repository\org\apache\tomcat\embed\tomcat-embed-el\11.0.18\tomcat-embed-el-11.0.18.jar;C:\Users\JUSTINE\.m2\repository\org\apache\tomcat\embed\tomcat-embed-websocket\11.0.18\tomcat-embed-websocket-11.0.18.jar;C:\Users\JUSTINE\.m2\repository\org\springframework\boot\spring-boot-tomcat\4.0.3\spring-boot-tomcat-4.0.3.jar;C:\Users\JUSTINE\.m2\repository\org\springframework\boot\spring-boot-http-converter\4.0.3\spring-boot-http-converter-4.0.3.jar;C:\Users\JUSTINE\.m2\repository\org\springframework\boot\spring-boot\4.0.3\spring-boot-4.0.3.jar;C:\Users\JUSTINE\.m2\repository\org\springframework\spring-context\7.0.5\spring-context-7.0.5.jar;C:\Users\JUSTINE\.m2\repository\org\springframework\spring-web\7.0.5\spring-web-7.0.5.jar;C:\Users\JUSTINE\.m2\repository\io\micrometer\micrometer-observation\1.16.3\micrometer-obs
Launcher Type: SUN_STANDARD

[Global flags]
     intx CICompilerCount                          = 3                                         {product} {ergonomic}
     uint ConcGCThreads                            = 1                                         {product} {ergonomic}
     uint G1ConcRefinementThreads                  = 4                                         {product} {ergonomic}
   size_t G1HeapRegionSize                         = 2097152                                   {product} {ergonomic}
    uintx GCDrainStackTargetSize                   = 64                                        {product} {ergonomic}
   size_t InitialHeapSize                          = 197132288                                 {product} {ergonomic}
   size_t MarkStackSize                            = 4194304                                   {product} {ergonomic}
   size_t MaxHeapSize                              = 3149922304                                {product} {ergonomic}
   size_t MaxNewSize                               = 1889533952                                {product} {ergonomic}
   size_t MinHeapDeltaBytes                        = 2097152                                   {product} {ergonomic}
   size_t MinHeapSize                              = 8388608                                   {product} {ergonomic}
    uintx NonNMethodCodeHeapSize                   = 5832780                                {pd product} {ergonomic}
    uintx NonProfiledCodeHeapSize                  = 122912730                              {pd product} {ergonomic}
    uintx ProfiledCodeHeapSize                     = 122912730                              {pd product} {ergonomic}
    uintx ReservedCodeCacheSize                    = 251658240                              {pd product} {ergonomic}
     bool SegmentedCodeCache                       = true                                      {product} {ergonomic}
   size_t SoftMaxHeapSize                          = 3149922304                             {manageable} {ergonomic}
     bool UseCompressedClassPointers               = true                           {product lp64_product} {ergonomic}
     bool UseCompressedOops                        = true                           {product lp64_product} {ergonomic}
     bool UseG1GC                                  = true                                      {product} {ergonomic}
     bool UseLargePagesIndividualAllocation        = false                                  {pd product} {ergonomic}

Logging:
Log output configuration:
 #0: stdout all=warning uptime,level,tags
 #1: stderr all=off uptime,level,tags

Environment Variables:
PATH=C:\Program Files (x86)\VMware\VMware Workstation\bin\;C:\OraHome_1;C:\app\JUSTINE\product\11.2.0\client_1\bin;C:\WINDOWS\system32;C:\WINDOWS;C:\WINDOWS\System32\Wbem;C:\WINDOWS\System32\WindowsPowerShell\v1.0\;C:\WINDOWS\System32\OpenSSH\;C:\Program Files\dotnet\;C:\Program Files\Git\cmd;C:\Program Files\MySQL\MySQL Shell 8.0\bin\;C:\Users\JUSTINE\AppData\Local\Microsoft\WindowsApps;C:\Users\JUSTINE\AppData\Local\Programs\Azure Data Studio\bin;C:\Users\JUSTINE\AppData\Local\Programs\Microsoft VS Code\bin;
USERNAME=JUSTINE
OS=Windows_NT
PROCESSOR_IDENTIFIER=Intel64 Family 6 Model 60 Stepping 3, GenuineIntel
TMP=C:\Users\JUSTINE\AppData\Local\Temp
TEMP=C:\Users\JUSTINE\AppData\Local\Temp



Periodic native trim disabled


---------------  S Y S T E M  ---------------

OS:
 Windows 10 , 64 bit Build 19041 (10.0.19041.5915)
OS uptime: 0 days 23:26 hours

CPU: total 4 (initial active 4) (2 cores per cpu, 2 threads per core) family 6 model 60 stepping 3 microcode 0x27, cx8, cmov, fxsr, ht, mmx, sse, sse2, sse3, ssse3, sse4.1, sse4.2, popcnt, lzcnt, tsc, tscinvbit, avx, avx2, aes, erms, clmul, bmi1, bmi2, fma, vzeroupper, clflush
Processor Information for all 4 processors :
  Max Mhz: 2494, Current Mhz: 2494, Mhz Limit: 2494

Memory: 4k page, system-wide physical 12008M (1523M free)
TotalPageFile size 14405M (AvailPageFile size 1M)
current process WorkingSet (physical memory assigned to process): 70M, peak: 70M
current process commit charge ("private bytes"): 281M, peak: 281M

vm_info: OpenJDK 64-Bit Server VM (17.0.15+6-LTS) for windows-amd64 JRE (17.0.15+6-LTS), built on Apr  9 2025 23:33:55 by "Administrator" with MS VC++ 16.10 / 16.11 (VS2019)

END.
