#
# There is insufficient memory for the Java Runtime Environment to continue.
# Native memory allocation (malloc) failed to allocate 1722176 bytes. Error detail: Chunk::new
# Possible reasons:
#   The system is out of physical RAM or swap space
#   This process is running with CompressedOops enabled, and the Java Heap may be blocking the growth of the native heap
# Possible solutions:
#   Reduce memory load on the system
#   Increase physical memory or swap space
#   Check if swap backing store is full
#   Decrease Java heap size (-Xmx/-Xms)
#   Decrease number of Java threads
#   Decrease Java thread stack sizes (-Xss)
#   Set larger code cache with -XX:ReservedCodeCacheSize=
#   JVM is running with Zero Based Compressed Oops mode in which the Java heap is
#     placed in the first 32GB address space. The Java Heap base address is the
#     maximum limit for the native heap growth. Please use -XX:HeapBaseMinAddress
#     to set the Java Heap base and to place the Java Heap above 32GB virtual address.
# This output file may be truncated or incomplete.
#
#  Out of Memory Error (arena.cpp:191), pid=14384, tid=14628
#
# JRE version: OpenJDK Runtime Environment Corretto-17.0.15.6.1 (17.0.15+6) (build 17.0.15+6-LTS)
# Java VM: OpenJDK 64-Bit Server VM Corretto-17.0.15.6.1 (17.0.15+6-LTS, mixed mode, sharing, tiered, compressed oops, compressed class ptrs, g1 gc, windows-amd64)
# No core dump will be written. Minidumps are not enabled by default on client versions of Windows
#

---------------  S U M M A R Y ------------

Command Line: -javaagent:C:\Program Files\JetBrains\IntelliJ IDEA Community Edition 2023.2.5\lib\idea_rt.jar=51499:C:\Program Files\JetBrains\IntelliJ IDEA Community Edition 2023.2.5\bin -Dfile.encoding=UTF-8 Meraki.Hub.Management.System.ManagementSystemApplication

Host: Intel(R) Core(TM) i5-4200M CPU @ 2.50GHz, 4 cores, 11G,  Windows 10 , 64 bit Build 19041 (10.0.19041.5915)
Time: Tue Mar 10 12:53:13 2026 E. Africa Standard Time elapsed time: 9.509204 seconds (0d 0h 0m 9s)

---------------  T H R E A D  ---------------

Current thread (0x000001a9477bf460):  JavaThread "C2 CompilerThread1" daemon [_thread_in_native, id=14628, stack(0x0000002ab6800000,0x0000002ab6900000)]


Current CompileTask:
C2:   9509 4719   !   4       jdk.internal.loader.URLClassPath$JarLoader::getResource (354 bytes)

Stack: [0x0000002ab6800000,0x0000002ab6900000]
Native frames: (J=compiled Java code, j=interpreted, Vv=VM code, C=native code)
V  [jvm.dll+0x681149]
V  [jvm.dll+0x838b5a]
V  [jvm.dll+0x83a61e]
V  [jvm.dll+0x83ac83]
V  [jvm.dll+0x24837f]
V  [jvm.dll+0xaca54]
V  [jvm.dll+0xad09c]
V  [jvm.dll+0x367a37]
V  [jvm.dll+0x1bd2e6]
V  [jvm.dll+0x21aa19]
V  [jvm.dll+0x219d01]
V  [jvm.dll+0x1a59fd]
V  [jvm.dll+0x229a5d]
V  [jvm.dll+0x227bec]
V  [jvm.dll+0x7eda37]
V  [jvm.dll+0x7e7f8c]
V  [jvm.dll+0x680017]
C  [ucrtbase.dll+0x21bb2]
C  [KERNEL32.DLL+0x17374]
C  [ntdll.dll+0x4cc91]


---------------  P R O C E S S  ---------------

Threads class SMR info:
_java_thread_list=0x000001a98f5a5a20, length=17, elements={
0x000001a92752b230, 0x000001a9474badb0, 0x000001a9474bc3d0, 0x000001a9474cf870,
0x000001a9474d2340, 0x000001a9474d34a0, 0x000001a9474d4600, 0x000001a9474db9f0,
0x000001a9474dc6b0, 0x000001a9474f45b0, 0x000001a9476e0db0, 0x000001a9477bf460,
0x000001a98d01d5f0, 0x000001a98d01dee0, 0x000001a9905d67c0, 0x000001a99039c7c0,
0x000001a9900040c0
}

Java Threads: ( => current thread )
  0x000001a92752b230 JavaThread "main" [_thread_in_vm, id=520, stack(0x0000002ab5700000,0x0000002ab5800000)]
  0x000001a9474badb0 JavaThread "Reference Handler" daemon [_thread_blocked, id=14876, stack(0x0000002ab5e00000,0x0000002ab5f00000)]
  0x000001a9474bc3d0 JavaThread "Finalizer" daemon [_thread_blocked, id=8212, stack(0x0000002ab5f00000,0x0000002ab6000000)]
  0x000001a9474cf870 JavaThread "Signal Dispatcher" daemon [_thread_blocked, id=14360, stack(0x0000002ab6000000,0x0000002ab6100000)]
  0x000001a9474d2340 JavaThread "Attach Listener" daemon [_thread_blocked, id=15188, stack(0x0000002ab6100000,0x0000002ab6200000)]
  0x000001a9474d34a0 JavaThread "Service Thread" daemon [_thread_blocked, id=8408, stack(0x0000002ab6200000,0x0000002ab6300000)]
  0x000001a9474d4600 JavaThread "Monitor Deflation Thread" daemon [_thread_blocked, id=2240, stack(0x0000002ab6300000,0x0000002ab6400000)]
  0x000001a9474db9f0 JavaThread "C2 CompilerThread0" daemon [_thread_in_native, id=6860, stack(0x0000002ab6400000,0x0000002ab6500000)]
  0x000001a9474dc6b0 JavaThread "C1 CompilerThread0" daemon [_thread_blocked, id=15832, stack(0x0000002ab6500000,0x0000002ab6600000)]
  0x000001a9474f45b0 JavaThread "Sweeper thread" daemon [_thread_blocked, id=15992, stack(0x0000002ab6600000,0x0000002ab6700000)]
  0x000001a9476e0db0 JavaThread "Common-Cleaner" daemon [_thread_blocked, id=8984, stack(0x0000002ab6700000,0x0000002ab6800000)]
=>0x000001a9477bf460 JavaThread "C2 CompilerThread1" daemon [_thread_in_native, id=14628, stack(0x0000002ab6800000,0x0000002ab6900000)]
  0x000001a98d01d5f0 JavaThread "Monitor Ctrl-Break" daemon [_thread_in_native, id=15072, stack(0x0000002ab6900000,0x0000002ab6a00000)]
  0x000001a98d01dee0 JavaThread "Notification Thread" daemon [_thread_blocked, id=6432, stack(0x0000002ab6a00000,0x0000002ab6b00000)]
  0x000001a9905d67c0 JavaThread "PostgreSQL-JDBC-Cleaner" daemon [_thread_blocked, id=5376, stack(0x0000002ab7000000,0x0000002ab7100000)]
  0x000001a99039c7c0 JavaThread "HikariPool-1:housekeeper" daemon [_thread_blocked, id=12376, stack(0x0000002ab7100000,0x0000002ab7200000)]
  0x000001a9900040c0 JavaThread "HikariPool-1:connection-adder" daemon [_thread_blocked, id=14508, stack(0x0000002ab7200000,0x0000002ab7300000)]

Other Threads:
  0x000001a9474b62c0 VMThread "VM Thread" [stack: 0x0000002ab5d00000,0x0000002ab5e00000] [id=12244]
  0x000001a9479a56d0 WatcherThread [stack: 0x0000002ab6b00000,0x0000002ab6c00000] [id=15144]
  0x000001a927581d60 GCTaskThread "GC Thread#0" [stack: 0x0000002ab5800000,0x0000002ab5900000] [id=11500]
  0x000001a98d240d00 GCTaskThread "GC Thread#1" [stack: 0x0000002ab6c00000,0x0000002ab6d00000] [id=13484]
  0x000001a98d274f20 GCTaskThread "GC Thread#2" [stack: 0x0000002ab6d00000,0x0000002ab6e00000] [id=3752]
  0x000001a98d3b0470 GCTaskThread "GC Thread#3" [stack: 0x0000002ab6e00000,0x0000002ab6f00000] [id=7716]
  0x000001a92758e870 ConcurrentGCThread "G1 Main Marker" [stack: 0x0000002ab5900000,0x0000002ab5a00000] [id=15732]
  0x000001a92758fa30 ConcurrentGCThread "G1 Conc#0" [stack: 0x0000002ab5a00000,0x0000002ab5b00000] [id=13916]
  0x000001a9275cdf20 ConcurrentGCThread "G1 Refine#0" [stack: 0x0000002ab5b00000,0x0000002ab5c00000] [id=15804]
  0x000001a9275ce950 ConcurrentGCThread "G1 Service" [stack: 0x0000002ab5c00000,0x0000002ab5d00000] [id=7564]

Threads with active compile tasks:
C2 CompilerThread0     9535 4821       4       java.lang.Class::getMethodsRecursive (99 bytes)
C2 CompilerThread1     9535 4719   !   4       jdk.internal.loader.URLClassPath$JarLoader::getResource (354 bytes)

VM state: not at safepoint (normal execution)

VM Mutex/Monitor currently owned by a thread: None

Heap address: 0x0000000744400000, size: 3004 MB, Compressed Oops mode: Zero based, Oop shift amount: 3

CDS archive(s) mapped at: [0x000001a948000000-0x000001a948bb0000-0x000001a948bb0000), size 12255232, SharedBaseAddress: 0x000001a948000000, ArchiveRelocationMode: 1.
Compressed class space mapped at: 0x000001a949000000-0x000001a989000000, reserved size: 1073741824
Narrow klass base: 0x000001a948000000, Narrow klass shift: 0, Narrow klass range: 0x100000000

GC Precious Log:
 CPUs: 4 total, 4 available
 Memory: 12008M
 Large Page Support: Disabled
 NUMA Support: Disabled
 Compressed Oops: Enabled (Zero based)
 Heap Region Size: 2M
 Heap Min Capacity: 8M
 Heap Initial Capacity: 188M
 Heap Max Capacity: 3004M
 Pre-touch: Disabled
 Parallel Workers: 4
 Concurrent Workers: 1
 Concurrent Refinement Workers: 4
 Periodic GC: Disabled

Heap:
 garbage-first heap   total 73728K, used 51422K [0x0000000744400000, 0x0000000800000000)
  region size 2048K, 17 young (34816K), 2 survivors (4096K)
 Metaspace       used 58315K, committed 58752K, reserved 1114112K
  class space    used 7966K, committed 8192K, reserved 1048576K

Heap Regions: E=young(eden), S=young(survivor), O=old, HS=humongous(starts), HC=humongous(continues), CS=collection set, F=free, OA=open archive, CA=closed archive, TAMS=top-at-mark-start (previous, next)
|   0|0x0000000744400000, 0x0000000744600000, 0x0000000744600000|100%| O|  |TAMS 0x0000000744600000, 0x0000000744400000| Untracked 
|   1|0x0000000744600000, 0x0000000744800000, 0x0000000744800000|100%| O|  |TAMS 0x0000000744800000, 0x0000000744600000| Untracked 
|   2|0x0000000744800000, 0x0000000744a00000, 0x0000000744a00000|100%| O|  |TAMS 0x0000000744a00000, 0x0000000744800000| Untracked 
|   3|0x0000000744a00000, 0x0000000744b98400, 0x0000000744c00000| 79%| O|  |TAMS 0x0000000744b98400, 0x0000000744a00000| Untracked 
|   4|0x0000000744c00000, 0x0000000744e00000, 0x0000000744e00000|100%| O|  |TAMS 0x0000000744e00000, 0x0000000744c00000| Untracked 
|   5|0x0000000744e00000, 0x0000000745000000, 0x0000000745000000|100%| O|  |TAMS 0x0000000745000000, 0x0000000744e00000| Untracked 
|   6|0x0000000745000000, 0x0000000745200000, 0x0000000745200000|100%| O|  |TAMS 0x0000000745200000, 0x0000000745000000| Untracked 
|   7|0x0000000745200000, 0x0000000745400000, 0x0000000745400000|100%| O|  |TAMS 0x0000000745400000, 0x0000000745200000| Untracked 
|   8|0x0000000745400000, 0x0000000745600000, 0x0000000745600000|100%| O|  |TAMS 0x0000000745600000, 0x0000000745400000| Untracked 
|   9|0x0000000745600000, 0x0000000745800000, 0x0000000745800000|100%| O|  |TAMS 0x0000000745707800, 0x0000000745600000| Untracked 
|  10|0x0000000745800000, 0x000000074589f400, 0x0000000745a00000| 31%| O|  |TAMS 0x0000000745800000, 0x0000000745800000| Untracked 
|  11|0x0000000745a00000, 0x0000000745a00000, 0x0000000745c00000|  0%| F|  |TAMS 0x0000000745a00000, 0x0000000745a00000| Untracked 
|  12|0x0000000745c00000, 0x0000000745c00000, 0x0000000745e00000|  0%| F|  |TAMS 0x0000000745c00000, 0x0000000745c00000| Untracked 
|  13|0x0000000745e00000, 0x0000000745e00000, 0x0000000746000000|  0%| F|  |TAMS 0x0000000745e00000, 0x0000000745e00000| Untracked 
|  14|0x0000000746000000, 0x0000000746000000, 0x0000000746200000|  0%| F|  |TAMS 0x0000000746000000, 0x0000000746000000| Untracked 
|  15|0x0000000746200000, 0x0000000746200000, 0x0000000746400000|  0%| F|  |TAMS 0x0000000746200000, 0x0000000746200000| Untracked 
|  16|0x0000000746400000, 0x0000000746400000, 0x0000000746600000|  0%| F|  |TAMS 0x0000000746400000, 0x0000000746400000| Untracked 
|  17|0x0000000746600000, 0x0000000746600000, 0x0000000746800000|  0%| F|  |TAMS 0x0000000746600000, 0x0000000746600000| Untracked 
|  18|0x0000000746800000, 0x0000000746800000, 0x0000000746a00000|  0%| F|  |TAMS 0x0000000746800000, 0x0000000746800000| Untracked 
|  19|0x0000000746a00000, 0x0000000746bbb1f0, 0x0000000746c00000| 86%| E|  |TAMS 0x0000000746a00000, 0x0000000746a00000| Complete 
|  20|0x0000000746c00000, 0x0000000746e00000, 0x0000000746e00000|100%| S|CS|TAMS 0x0000000746c00000, 0x0000000746c00000| Complete 
|  21|0x0000000746e00000, 0x0000000747000000, 0x0000000747000000|100%| S|CS|TAMS 0x0000000746e00000, 0x0000000746e00000| Complete 
|  22|0x0000000747000000, 0x0000000747200000, 0x0000000747200000|100%| E|CS|TAMS 0x0000000747000000, 0x0000000747000000| Complete 
|  23|0x0000000747200000, 0x0000000747400000, 0x0000000747400000|100%| E|CS|TAMS 0x0000000747200000, 0x0000000747200000| Complete 
|  24|0x0000000747400000, 0x0000000747600000, 0x0000000747600000|100%| E|CS|TAMS 0x0000000747400000, 0x0000000747400000| Complete 
|  25|0x0000000747600000, 0x0000000747800000, 0x0000000747800000|100%| E|CS|TAMS 0x0000000747600000, 0x0000000747600000| Complete 
|  26|0x0000000747800000, 0x0000000747a00000, 0x0000000747a00000|100%| E|CS|TAMS 0x0000000747800000, 0x0000000747800000| Complete 
|  27|0x0000000747a00000, 0x0000000747c00000, 0x0000000747c00000|100%| E|CS|TAMS 0x0000000747a00000, 0x0000000747a00000| Complete 
|  28|0x0000000747c00000, 0x0000000747e00000, 0x0000000747e00000|100%| E|CS|TAMS 0x0000000747c00000, 0x0000000747c00000| Complete 
|  29|0x0000000747e00000, 0x0000000748000000, 0x0000000748000000|100%| E|CS|TAMS 0x0000000747e00000, 0x0000000747e00000| Complete 
|  30|0x0000000748000000, 0x0000000748200000, 0x0000000748200000|100%| E|CS|TAMS 0x0000000748000000, 0x0000000748000000| Complete 
|  61|0x000000074be00000, 0x000000074c000000, 0x000000074c000000|100%| E|  |TAMS 0x000000074be00000, 0x000000074be00000| Complete 
|  62|0x000000074c000000, 0x000000074c200000, 0x000000074c200000|100%| E|CS|TAMS 0x000000074c000000, 0x000000074c000000| Complete 
|  63|0x000000074c200000, 0x000000074c400000, 0x000000074c400000|100%| E|CS|TAMS 0x000000074c200000, 0x000000074c200000| Complete 
|  64|0x000000074c400000, 0x000000074c600000, 0x000000074c600000|100%| E|CS|TAMS 0x000000074c400000, 0x000000074c400000| Complete 
|  93|0x000000074fe00000, 0x0000000750000000, 0x0000000750000000|100%| E|CS|TAMS 0x000000074fe00000, 0x000000074fe00000| Complete 

Card table byte_map: [0x000001a93e650000,0x000001a93ec30000] _byte_map_base: 0x000001a93ac2e000

Marking Bits (Prev, Next): (CMBitMap*) 0x000001a927582380, (CMBitMap*) 0x000001a9275823c0
 Prev Bits: [0x000001a93f210000, 0x000001a942100000)
 Next Bits: [0x000001a942100000, 0x000001a944ff0000)

Polling page: 0x000001a9254b0000

Metaspace:

Usage:
  Non-class:     49.19 MB used.
      Class:      7.78 MB used.
       Both:     56.97 MB used.

Virtual space:
  Non-class space:       64.00 MB reserved,      49.44 MB ( 77%) committed,  1 nodes.
      Class space:        1.00 GB reserved,       8.00 MB ( <1%) committed,  1 nodes.
             Both:        1.06 GB reserved,      57.44 MB (  5%) committed. 

Chunk freelists:
   Non-Class:  13.73 MB
       Class:  7.92 MB
        Both:  21.66 MB

MaxMetaspaceSize: unlimited
CompressedClassSpaceSize: 1.00 GB
Initial GC threshold: 21.00 MB
Current GC threshold: 59.06 MB
CDS: on
MetaspaceReclaimPolicy: balanced
 - commit_granule_bytes: 65536.
 - commit_granule_words: 8192.
 - virtual_space_node_default_size: 8388608.
 - enlarge_chunks_in_place: 1.
 - new_chunks_are_fully_committed: 0.
 - uncommit_free_chunks: 1.
 - use_allocation_guard: 0.
 - handle_deallocations: 1.


Internal statistics:

num_allocs_failed_limit: 6.
num_arena_births: 652.
num_arena_deaths: 0.
num_vsnodes_births: 2.
num_vsnodes_deaths: 0.
num_space_committed: 919.
num_space_uncommitted: 0.
num_chunks_returned_to_freelist: 6.
num_chunks_taken_from_freelist: 2765.
num_chunk_merges: 6.
num_chunk_splits: 2022.
num_chunks_enlarged: 1621.
num_inconsistent_stats: 0.

CodeHeap 'non-profiled nmethods': size=120000Kb used=3036Kb max_used=3036Kb free=116963Kb
 bounds [0x000001a936b40000, 0x000001a936e40000, 0x000001a93e070000]
CodeHeap 'profiled nmethods': size=120000Kb used=10243Kb max_used=10243Kb free=109756Kb
 bounds [0x000001a92f070000, 0x000001a92fa80000, 0x000001a9365a0000]
CodeHeap 'non-nmethods': size=5760Kb used=1281Kb max_used=1333Kb free=4478Kb
 bounds [0x000001a9365a0000, 0x000001a936810000, 0x000001a936b40000]
 total_blobs=5466 nmethods=4864 adapters=514
 compilation: enabled
              stopped_count=0, restarted_count=0
 full_count=0

Compilation events (20 events):
Event: 9.489 Thread 0x000001a9474dc6b0 4867       3       net.bytebuddy.matcher.BooleanMatcher::matches (5 bytes)
Event: 9.489 Thread 0x000001a9474dc6b0 nmethod 4867 0x000001a92fa6ad90 code [0x000001a92fa6af20, 0x000001a92fa6b038]
Event: 9.489 Thread 0x000001a9474dc6b0 4868       3       net.bytebuddy.matcher.ErasureMatcher::doMatch (9 bytes)
Event: 9.489 Thread 0x000001a9474dc6b0 nmethod 4868 0x000001a92fa6b110 code [0x000001a92fa6b2e0, 0x000001a92fa6b718]
Event: 9.489 Thread 0x000001a9474dc6b0 4869       3       net.bytebuddy.matcher.ErasureMatcher::doMatch (16 bytes)
Event: 9.489 Thread 0x000001a9474dc6b0 nmethod 4869 0x000001a92fa6b890 code [0x000001a92fa6ba40, 0x000001a92fa6bcf8]
Event: 9.489 Thread 0x000001a9474dc6b0 4870       3       net.bytebuddy.matcher.DeclaringTypeMatcher::doMatch (9 bytes)
Event: 9.489 Thread 0x000001a9474dc6b0 nmethod 4870 0x000001a92fa6be10 code [0x000001a92fa6c000, 0x000001a92fa6c588]
Event: 9.489 Thread 0x000001a9474dc6b0 4871       3       net.bytebuddy.matcher.DeclaringTypeMatcher::doMatch (35 bytes)
Event: 9.490 Thread 0x000001a9474dc6b0 nmethod 4871 0x000001a92fa6c710 code [0x000001a92fa6c8e0, 0x000001a92fa6cce8]
Event: 9.503 Thread 0x000001a9474dc6b0 4872       3       net.bytebuddy.description.type.TypeDescription$Generic$LazyProjection$ForLoadedReturnType::resolve (64 bytes)
Event: 9.505 Thread 0x000001a9474dc6b0 nmethod 4872 0x000001a92fa6ce10 code [0x000001a92fa6d140, 0x000001a92fa6e8c8]
Event: 9.505 Thread 0x000001a9474dc6b0 4875       3       java.util.ArrayList::hashCode (22 bytes)
Event: 9.505 Thread 0x000001a9474dc6b0 nmethod 4875 0x000001a92fa6f010 code [0x000001a92fa6f1e0, 0x000001a92fa6f538]
Event: 9.505 Thread 0x000001a9474dc6b0 4874   !   3       java.util.AbstractList$Itr::next (46 bytes)
Event: 9.506 Thread 0x000001a9474dc6b0 nmethod 4874 0x000001a92fa6f690 code [0x000001a92fa6f8a0, 0x000001a92fa6feb8]
Event: 9.506 Thread 0x000001a9474dc6b0 4873       3       net.bytebuddy.description.type.TypeDescription$Generic$LazyProjection$ForLoadedReturnType::getAnnotationReader (12 bytes)
Event: 9.506 Thread 0x000001a9474dc6b0 nmethod 4873 0x000001a92fa70190 code [0x000001a92fa70340, 0x000001a92fa70638]
Event: 9.506 Thread 0x000001a9474dc6b0 4876       3       java.util.ArrayList::checkForComodification (17 bytes)
Event: 9.506 Thread 0x000001a9474dc6b0 nmethod 4876 0x000001a92fa70790 code [0x000001a92fa70940, 0x000001a92fa70b68]

GC Heap History (20 events):
Event: 0.471 GC heap before
{Heap before GC invocations=0 (full 0):
 garbage-first heap   total 192512K, used 10240K [0x0000000744400000, 0x0000000800000000)
  region size 2048K, 6 young (12288K), 0 survivors (0K)
 Metaspace       used 2132K, committed 2304K, reserved 1114112K
  class space    used 186K, committed 256K, reserved 1048576K
}
Event: 0.476 GC heap after
{Heap after GC invocations=1 (full 0):
 garbage-first heap   total 192512K, used 6908K [0x0000000744400000, 0x0000000800000000)
  region size 2048K, 1 young (2048K), 1 survivors (2048K)
 Metaspace       used 2132K, committed 2304K, reserved 1114112K
  class space    used 186K, committed 256K, reserved 1048576K
}
Event: 0.778 GC heap before
{Heap before GC invocations=1 (full 0):
 garbage-first heap   total 192512K, used 13052K [0x0000000744400000, 0x0000000800000000)
  region size 2048K, 4 young (8192K), 1 survivors (2048K)
 Metaspace       used 4141K, committed 4352K, reserved 1114112K
  class space    used 433K, committed 512K, reserved 1048576K
}
Event: 0.781 GC heap after
{Heap after GC invocations=2 (full 0):
 garbage-first heap   total 192512K, used 8408K [0x0000000744400000, 0x0000000800000000)
  region size 2048K, 1 young (2048K), 1 survivors (2048K)
 Metaspace       used 4141K, committed 4352K, reserved 1114112K
  class space    used 433K, committed 512K, reserved 1048576K
}
Event: 1.744 GC heap before
{Heap before GC invocations=2 (full 0):
 garbage-first heap   total 192512K, used 30936K [0x0000000744400000, 0x0000000800000000)
  region size 2048K, 12 young (24576K), 1 survivors (2048K)
 Metaspace       used 10434K, committed 10688K, reserved 1114112K
  class space    used 1344K, committed 1472K, reserved 1048576K
}
Event: 1.750 GC heap after
{Heap after GC invocations=3 (full 0):
 garbage-first heap   total 192512K, used 10124K [0x0000000744400000, 0x0000000800000000)
  region size 2048K, 2 young (4096K), 2 survivors (4096K)
 Metaspace       used 10434K, committed 10688K, reserved 1114112K
  class space    used 1344K, committed 1472K, reserved 1048576K
}
Event: 3.152 GC heap before
{Heap before GC invocations=3 (full 0):
 garbage-first heap   total 192512K, used 63372K [0x0000000744400000, 0x0000000800000000)
  region size 2048K, 29 young (59392K), 2 survivors (4096K)
 Metaspace       used 21125K, committed 21504K, reserved 1114112K
  class space    used 2635K, committed 2816K, reserved 1048576K
}
Event: 3.163 GC heap after
{Heap after GC invocations=4 (full 0):
 garbage-first heap   total 192512K, used 14781K [0x0000000744400000, 0x0000000800000000)
  region size 2048K, 4 young (8192K), 4 survivors (8192K)
 Metaspace       used 21125K, committed 21504K, reserved 1114112K
  class space    used 2635K, committed 2816K, reserved 1048576K
}
Event: 4.296 GC heap before
{Heap before GC invocations=5 (full 0):
 garbage-first heap   total 61440K, used 43453K [0x0000000744400000, 0x0000000800000000)
  region size 2048K, 18 young (36864K), 4 survivors (8192K)
 Metaspace       used 25278K, committed 25664K, reserved 1114112K
  class space    used 3207K, committed 3392K, reserved 1048576K
}
Event: 4.310 GC heap after
{Heap after GC invocations=6 (full 0):
 garbage-first heap   total 61440K, used 17077K [0x0000000744400000, 0x0000000800000000)
  region size 2048K, 2 young (4096K), 2 survivors (4096K)
 Metaspace       used 25278K, committed 25664K, reserved 1114112K
  class space    used 3207K, committed 3392K, reserved 1048576K
}
Event: 5.177 GC heap before
{Heap before GC invocations=6 (full 0):
 garbage-first heap   total 61440K, used 39605K [0x0000000744400000, 0x0000000800000000)
  region size 2048K, 13 young (26624K), 2 survivors (4096K)
 Metaspace       used 29199K, committed 29696K, reserved 1114112K
  class space    used 3794K, committed 4032K, reserved 1048576K
}
Event: 5.189 GC heap after
{Heap after GC invocations=7 (full 0):
 garbage-first heap   total 61440K, used 19223K [0x0000000744400000, 0x0000000800000000)
  region size 2048K, 2 young (4096K), 2 survivors (4096K)
 Metaspace       used 29199K, committed 29696K, reserved 1114112K
  class space    used 3794K, committed 4032K, reserved 1048576K
}
Event: 6.069 GC heap before
{Heap before GC invocations=7 (full 0):
 garbage-first heap   total 61440K, used 41751K [0x0000000744400000, 0x0000000800000000)
  region size 2048K, 13 young (26624K), 2 survivors (4096K)
 Metaspace       used 34017K, committed 34560K, reserved 1114112K
  class space    used 4348K, committed 4608K, reserved 1048576K
}
Event: 6.078 GC heap after
{Heap after GC invocations=8 (full 0):
 garbage-first heap   total 61440K, used 20945K [0x0000000744400000, 0x0000000800000000)
  region size 2048K, 1 young (2048K), 1 survivors (2048K)
 Metaspace       used 34017K, committed 34560K, reserved 1114112K
  class space    used 4348K, committed 4608K, reserved 1048576K
}
Event: 6.266 GC heap before
{Heap before GC invocations=8 (full 0):
 garbage-first heap   total 61440K, used 25041K [0x0000000744400000, 0x0000000800000000)
  region size 2048K, 4 young (8192K), 1 survivors (2048K)
 Metaspace       used 35523K, committed 35968K, reserved 1114112K
  class space    used 4585K, committed 4800K, reserved 1048576K
}
Event: 6.273 GC heap after
{Heap after GC invocations=9 (full 0):
 garbage-first heap   total 73728K, used 21066K [0x0000000744400000, 0x0000000800000000)
  region size 2048K, 1 young (2048K), 1 survivors (2048K)
 Metaspace       used 35523K, committed 35968K, reserved 1114112K
  class space    used 4585K, committed 4800K, reserved 1048576K
}
Event: 7.491 GC heap before
{Heap before GC invocations=10 (full 0):
 garbage-first heap   total 73728K, used 53834K [0x0000000744400000, 0x0000000800000000)
  region size 2048K, 17 young (34816K), 1 survivors (2048K)
 Metaspace       used 42900K, committed 43392K, reserved 1114112K
  class space    used 5896K, committed 6144K, reserved 1048576K
}
Event: 7.503 GC heap after
{Heap after GC invocations=11 (full 0):
 garbage-first heap   total 73728K, used 23533K [0x0000000744400000, 0x0000000800000000)
  region size 2048K, 3 young (6144K), 3 survivors (6144K)
 Metaspace       used 42900K, committed 43392K, reserved 1114112K
  class space    used 5896K, committed 6144K, reserved 1048576K
}
Event: 8.521 GC heap before
{Heap before GC invocations=11 (full 0):
 garbage-first heap   total 73728K, used 50157K [0x0000000744400000, 0x0000000800000000)
  region size 2048K, 17 young (34816K), 3 survivors (6144K)
 Metaspace       used 50459K, committed 50944K, reserved 1114112K
  class space    used 6735K, committed 6912K, reserved 1048576K
}
Event: 8.533 GC heap after
{Heap after GC invocations=12 (full 0):
 garbage-first heap   total 73728K, used 24798K [0x0000000744400000, 0x0000000800000000)
  region size 2048K, 2 young (4096K), 2 survivors (4096K)
 Metaspace       used 50459K, committed 50944K, reserved 1114112K
  class space    used 6735K, committed 6912K, reserved 1048576K
}

Dll operation events (13 events):
Event: 0.010 Loaded shared library C:\Users\JUSTINE\.jdks\corretto-17.0.15\bin\java.dll
Event: 0.032 Loaded shared library C:\Users\JUSTINE\.jdks\corretto-17.0.15\bin\jsvml.dll
Event: 0.175 Loaded shared library C:\Users\JUSTINE\.jdks\corretto-17.0.15\bin\zip.dll
Event: 0.178 Loaded shared library C:\Users\JUSTINE\.jdks\corretto-17.0.15\bin\instrument.dll
Event: 0.186 Loaded shared library C:\Users\JUSTINE\.jdks\corretto-17.0.15\bin\net.dll
Event: 0.189 Loaded shared library C:\Users\JUSTINE\.jdks\corretto-17.0.15\bin\nio.dll
Event: 0.192 Loaded shared library C:\Users\JUSTINE\.jdks\corretto-17.0.15\bin\zip.dll
Event: 0.322 Loaded shared library C:\Program Files\JetBrains\IntelliJ IDEA Community Edition 2023.2.5\bin\breakgen64.dll
Event: 0.337 Loaded shared library C:\Users\JUSTINE\.jdks\corretto-17.0.15\bin\extnet.dll
Event: 0.371 Loaded shared library C:\Users\JUSTINE\.jdks\corretto-17.0.15\bin\jimage.dll
Event: 2.401 Loaded shared library C:\Users\JUSTINE\.jdks\corretto-17.0.15\bin\sunmscapi.dll
Event: 5.346 Loaded shared library C:\Users\JUSTINE\.jdks\corretto-17.0.15\bin\management.dll
Event: 5.349 Loaded shared library C:\Users\JUSTINE\.jdks\corretto-17.0.15\bin\management_ext.dll

Deoptimization events (20 events):
Event: 8.234 Thread 0x000001a9900040c0 DEOPT PACKING pc=0x000001a936dda0c0 sp=0x0000002ab72fe020
Event: 8.234 Thread 0x000001a9900040c0 DEOPT UNPACKING pc=0x000001a9365f69a3 sp=0x0000002ab72fdf58 mode 2
Event: 8.234 Thread 0x000001a9900040c0 Uncommon trap: trap_request=0xffffff45 fr.pc=0x000001a936de2874 relative=0x00000000000001d4
Event: 8.234 Thread 0x000001a9900040c0 Uncommon trap: reason=unstable_if action=reinterpret pc=0x000001a936de2874 method=sun.security.provider.SHA2.implReset()V @ 8 c2
Event: 8.234 Thread 0x000001a9900040c0 DEOPT PACKING pc=0x000001a936de2874 sp=0x0000002ab72fdfa0
Event: 8.234 Thread 0x000001a9900040c0 DEOPT UNPACKING pc=0x000001a9365f69a3 sp=0x0000002ab72fdf58 mode 2
Event: 8.236 Thread 0x000001a9900040c0 DEOPT PACKING pc=0x000001a92f9d86cb sp=0x0000002ab72fe2e0
Event: 8.236 Thread 0x000001a9900040c0 DEOPT UNPACKING pc=0x000001a9365f7143 sp=0x0000002ab72fd7b0 mode 0
Event: 8.236 Thread 0x000001a9900040c0 Uncommon trap: trap_request=0xffffff45 fr.pc=0x000001a936dc3dcc relative=0x000000000000b28c
Event: 8.236 Thread 0x000001a9900040c0 Uncommon trap: reason=unstable_if action=reinterpret pc=0x000001a936dc3dcc method=sun.security.provider.SHA2.implReset()V @ 8 c2
Event: 8.236 Thread 0x000001a9900040c0 DEOPT PACKING pc=0x000001a936dc3dcc sp=0x0000002ab72fe250
Event: 8.236 Thread 0x000001a9900040c0 DEOPT UNPACKING pc=0x000001a9365f69a3 sp=0x0000002ab72fdfb8 mode 2
Event: 8.707 Thread 0x000001a9900040c0 Uncommon trap: trap_request=0xffffff45 fr.pc=0x000001a936e01130 relative=0x000000000000a550
Event: 8.707 Thread 0x000001a9900040c0 Uncommon trap: reason=unstable_if action=reinterpret pc=0x000001a936e01130 method=sun.security.provider.SHA2.implReset()V @ 8 c2
Event: 8.707 Thread 0x000001a9900040c0 DEOPT PACKING pc=0x000001a936e01130 sp=0x0000002ab72fe230
Event: 8.707 Thread 0x000001a9900040c0 DEOPT UNPACKING pc=0x000001a9365f69a3 sp=0x0000002ab72fdfb8 mode 2
Event: 8.800 Thread 0x000001a92752b230 Uncommon trap: trap_request=0xffffff45 fr.pc=0x000001a936c00b4c relative=0x000000000000004c
Event: 8.800 Thread 0x000001a92752b230 Uncommon trap: reason=unstable_if action=reinterpret pc=0x000001a936c00b4c method=java.lang.StringConcatHelper.stringOf(Ljava/lang/Object;)Ljava/lang/String; @ 1 c2
Event: 8.800 Thread 0x000001a92752b230 DEOPT PACKING pc=0x000001a936c00b4c sp=0x0000002ab57fa030
Event: 8.800 Thread 0x000001a92752b230 DEOPT UNPACKING pc=0x000001a9365f69a3 sp=0x0000002ab57f9fc0 mode 2

Classes loaded (20 events):
Event: 8.227 Loading class java/util/stream/ReduceOps$1ReducingSink
Event: 8.228 Loading class java/util/stream/ReduceOps$1ReducingSink done
Event: 8.249 Loading class java/math/MutableBigInteger
Event: 8.250 Loading class java/math/MutableBigInteger done
Event: 8.653 Loading class javax/naming/RefAddr
Event: 8.654 Loading class javax/naming/RefAddr done
Event: 8.654 Loading class javax/naming/StringRefAddr
Event: 8.654 Loading class javax/naming/StringRefAddr done
Event: 8.719 Loading class java/util/concurrent/CompletionStage
Event: 8.719 Loading class java/util/concurrent/CompletionStage done
Event: 8.720 Loading class java/util/concurrent/CompletableFuture
Event: 8.722 Loading class java/util/concurrent/CompletableFuture done
Event: 8.724 Loading class java/util/concurrent/CompletableFuture$AltResult
Event: 8.724 Loading class java/util/concurrent/CompletableFuture$AltResult done
Event: 8.725 Loading class java/util/concurrent/CompletableFuture$Completion
Event: 8.725 Loading class java/util/concurrent/CompletableFuture$AsynchronousCompletionTask
Event: 8.725 Loading class java/util/concurrent/CompletableFuture$AsynchronousCompletionTask done
Event: 8.725 Loading class java/util/concurrent/CompletableFuture$Completion done
Event: 9.205 Loading class java/util/concurrent/CancellationException
Event: 9.205 Loading class java/util/concurrent/CancellationException done

Classes unloaded (0 events):
No events

Classes redefined (0 events):
No events

Internal exceptions (20 events):
Event: 5.366 Thread 0x000001a92752b230 Exception <a 'java/io/FileNotFoundException'{0x000000074c2a91d0}> (0x000000074c2a91d0) 
thrown [s\src\hotspot\share\prims\jni.cpp, line 516]
Event: 5.442 Thread 0x000001a92752b230 Implicit null exception at 0x000001a936c1f830 to 0x000001a936c22664
Event: 5.452 Thread 0x000001a92752b230 Exception <a 'java/lang/NoSuchMethodError'{0x000000074c12b948}: 'int java.lang.invoke.DirectMethodHandle$Holder.invokeInterface(java.lang.Object, java.lang.Object, java.lang.Object, java.lang.Object)'> (0x000000074c12b948) 
thrown [s\src\hotspot\share\interpreter\linkResolver.cpp, line 759]
Event: 5.711 Thread 0x000001a92752b230 Implicit null exception at 0x000001a936c63f75 to 0x000001a936c64090
Event: 5.833 Thread 0x000001a92752b230 Implicit null exception at 0x000001a936cc16c3 to 0x000001a936cc1a44
Event: 5.934 Thread 0x000001a92752b230 Exception <a 'java/lang/NoSuchMethodError'{0x0000000746f7ce50}: 'java.lang.Object java.lang.invoke.Invokers$Holder.invoke_MT(java.lang.Object, java.lang.Object, java.lang.Object)'> (0x0000000746f7ce50) 
thrown [s\src\hotspot\share\interpreter\linkResolver.cpp, line 759]
Event: 7.227 Thread 0x000001a92752b230 Implicit null exception at 0x000001a936d93785 to 0x000001a936d93d74
Event: 7.232 Thread 0x000001a92752b230 Exception <a 'java/lang/NoSuchMethodError'{0x0000000746c049b0}: 'java.lang.Object java.lang.invoke.DirectMethodHandle$Holder.invokeVirtual(java.lang.Object, java.lang.Object, java.lang.Object, java.lang.Object)'> (0x0000000746c049b0) 
thrown [s\src\hotspot\share\interpreter\linkResolver.cpp, line 759]
Event: 7.255 Thread 0x000001a92752b230 Exception <a 'java/lang/NoSuchMethodError'{0x0000000746ca1430}: 'int java.lang.invoke.DirectMethodHandle$Holder.invokeStaticInit(java.lang.Object, java.lang.Object, java.lang.Object, java.lang.Object)'> (0x0000000746ca1430) 
thrown [s\src\hotspot\share\interpreter\linkResolver.cpp, line 759]
Event: 7.366 Thread 0x000001a92752b230 Exception <a 'sun/nio/fs/WindowsException'{0x0000000746a96fd8}> (0x0000000746a96fd8) 
thrown [s\src\hotspot\share\prims\jni.cpp, line 516]
Event: 7.661 Thread 0x000001a92752b230 Exception <a 'java/lang/NoSuchMethodError'{0x000000074c58aa10}: 'java.lang.Object java.lang.invoke.DirectMethodHandle$Holder.invokeStaticInit(java.lang.Object, java.lang.Object, java.lang.Object, java.lang.Object)'> (0x000000074c58aa10) 
thrown [s\src\hotspot\share\interpreter\linkResolver.cpp, line 759]
Event: 7.772 Thread 0x000001a92752b230 Exception <a 'java/lang/NoSuchMethodError'{0x000000074c020758}: 'java.lang.Object java.lang.invoke.DirectMethodHandle$Holder.newInvokeSpecial(java.lang.Object, java.lang.Object, java.lang.Object, java.lang.Object, java.lang.Object, int, java.lang.Object)'> (0x000000074c020758) 
thrown [s\src\hotspot\share\interpreter\linkResolver.cpp, line 759]
Event: 8.233 Thread 0x000001a92752b230 Exception <a 'java/lang/NoSuchMethodError'{0x0000000747a9c9b0}: 'void java.lang.invoke.DirectMethodHandle$Holder.invokeSpecial(java.lang.Object, java.lang.Object, int, java.lang.Object)'> (0x0000000747a9c9b0) 
thrown [s\src\hotspot\share\interpreter\linkResolver.cpp, line 759]
Event: 8.234 Thread 0x000001a9900040c0 Implicit null exception at 0x000001a936dd9832 to 0x000001a936dda09c
Event: 8.234 Thread 0x000001a9900040c0 Implicit null exception at 0x000001a936de2715 to 0x000001a936de2860
Event: 8.236 Thread 0x000001a9900040c0 Implicit null exception at 0x000001a936db919c to 0x000001a936dc3d10
Event: 8.707 Thread 0x000001a9900040c0 Implicit null exception at 0x000001a936df7610 to 0x000001a936e010a4
Event: 8.800 Thread 0x000001a92752b230 Implicit null exception at 0x000001a936c00b0c to 0x000001a936c00b3c
Event: 8.826 Thread 0x000001a92752b230 Exception <a 'java/lang/IncompatibleClassChangeError'{0x0000000748065c78}: Found class java.lang.Object, but interface was expected> (0x0000000748065c78) 
thrown [s\src\hotspot\share\interpreter\linkResolver.cpp, line 826]
Event: 8.858 Thread 0x000001a92752b230 Exception <a 'java/lang/NoSuchMethodError'{0x000000074812f0b8}: 'java.lang.Object java.lang.invoke.DirectMethodHandle$Holder.invokeStaticInit(java.lang.Object, java.lang.Object, int, java.lang.Object)'> (0x000000074812f0b8) 
thrown [s\src\hotspot\share\interpreter\linkResolver.cpp, line 759]

VM Operations (20 events):
Event: 6.349 Executing VM operation: G1PauseCleanup
Event: 6.349 Executing VM operation: G1PauseCleanup done
Event: 7.351 Executing VM operation: Cleanup
Event: 7.351 Executing VM operation: Cleanup done
Event: 7.362 Executing VM operation: HandshakeAllThreads
Event: 7.362 Executing VM operation: HandshakeAllThreads done
Event: 7.367 Executing VM operation: HandshakeAllThreads
Event: 7.367 Executing VM operation: HandshakeAllThreads done
Event: 7.375 Executing VM operation: HandshakeAllThreads
Event: 7.375 Executing VM operation: HandshakeAllThreads done
Event: 7.491 Executing VM operation: G1CollectForAllocation
Event: 7.503 Executing VM operation: G1CollectForAllocation done
Event: 8.505 Executing VM operation: Cleanup
Event: 8.506 Executing VM operation: Cleanup done
Event: 8.521 Executing VM operation: G1CollectForAllocation
Event: 8.533 Executing VM operation: G1CollectForAllocation done
Event: 9.363 Executing VM operation: HandshakeAllThreads
Event: 9.363 Executing VM operation: HandshakeAllThreads done
Event: 9.417 Executing VM operation: HandshakeAllThreads
Event: 9.417 Executing VM operation: HandshakeAllThreads done

Memory protections (0 events):
No events

Nmethod flushes (0 events):
No events

Events (20 events):
Event: 0.037 Thread 0x000001a92752b230 Thread added: 0x000001a9474badb0
Event: 0.037 Thread 0x000001a92752b230 Thread added: 0x000001a9474bc3d0
Event: 0.048 Thread 0x000001a92752b230 Thread added: 0x000001a9474cf870
Event: 0.048 Thread 0x000001a92752b230 Thread added: 0x000001a9474d2340
Event: 0.048 Thread 0x000001a92752b230 Thread added: 0x000001a9474d34a0
Event: 0.048 Thread 0x000001a92752b230 Thread added: 0x000001a9474d4600
Event: 0.048 Thread 0x000001a92752b230 Thread added: 0x000001a9474db9f0
Event: 0.048 Thread 0x000001a92752b230 Thread added: 0x000001a9474dc6b0
Event: 0.049 Thread 0x000001a92752b230 Thread added: 0x000001a9474f45b0
Event: 0.148 Thread 0x000001a92752b230 Thread added: 0x000001a9476e0db0
Event: 0.229 Thread 0x000001a9474dc6b0 Thread added: 0x000001a9477bf460
Event: 0.322 Thread 0x000001a92752b230 Thread added: 0x000001a98d01d5f0
Event: 0.322 Thread 0x000001a92752b230 Thread added: 0x000001a98d01dee0
Event: 1.759 Thread 0x000001a92752b230 Thread added: 0x000001a98edf3010
Event: 2.513 Thread 0x000001a98edf3010 Thread exited: 0x000001a98edf3010
Event: 2.652 Thread 0x000001a92752b230 Thread added: 0x000001a98efbba40
Event: 2.692 Thread 0x000001a98efbba40 Thread exited: 0x000001a98efbba40
Event: 7.531 Thread 0x000001a92752b230 Thread added: 0x000001a9905d67c0
Event: 7.552 Thread 0x000001a92752b230 Thread added: 0x000001a99039c7c0
Event: 7.678 Thread 0x000001a99039c7c0 Thread added: 0x000001a9900040c0


Dynamic libraries:
0x00007ff7adad0000 - 0x00007ff7adade000 	C:\Users\JUSTINE\.jdks\corretto-17.0.15\bin\java.exe
0x00007ffb07490000 - 0x00007ffb07688000 	C:\WINDOWS\SYSTEM32\ntdll.dll
0x00007ffb05dc0000 - 0x00007ffb05e82000 	C:\WINDOWS\System32\KERNEL32.DLL
0x00007ffb04eb0000 - 0x00007ffb051a6000 	C:\WINDOWS\System32\KERNELBASE.dll
0x00007ffb051b0000 - 0x00007ffb052b0000 	C:\WINDOWS\System32\ucrtbase.dll
0x00007ffaea710000 - 0x00007ffaea72b000 	C:\Users\JUSTINE\.jdks\corretto-17.0.15\bin\VCRUNTIME140.dll
0x00007ffae7780000 - 0x00007ffae7797000 	C:\Users\JUSTINE\.jdks\corretto-17.0.15\bin\jli.dll
0x00007ffb05f00000 - 0x00007ffb060a1000 	C:\WINDOWS\System32\USER32.dll
0x00007ffaeea60000 - 0x00007ffaeecfb000 	C:\WINDOWS\WinSxS\amd64_microsoft.windows.common-controls_6595b64144ccf1df_6.0.19041.6456_none_60b8a6cb71f64256\COMCTL32.dll
0x00007ffb05ac0000 - 0x00007ffb05b5e000 	C:\WINDOWS\System32\msvcrt.dll
0x00007ffb04cd0000 - 0x00007ffb04cf2000 	C:\WINDOWS\System32\win32u.dll
0x00007ffb054e0000 - 0x00007ffb0550b000 	C:\WINDOWS\System32\GDI32.dll
0x00007ffb04d90000 - 0x00007ffb04ea9000 	C:\WINDOWS\System32\gdi32full.dll
0x00007ffb05410000 - 0x00007ffb054ad000 	C:\WINDOWS\System32\msvcp_win.dll
0x00007ffb054b0000 - 0x00007ffb054df000 	C:\WINDOWS\System32\IMM32.DLL
0x00007ffaf9000000 - 0x00007ffaf900c000 	C:\Users\JUSTINE\.jdks\corretto-17.0.15\bin\vcruntime140_1.dll
0x00007ffad05c0000 - 0x00007ffad064d000 	C:\Users\JUSTINE\.jdks\corretto-17.0.15\bin\msvcp140.dll
0x00007ffa8aa40000 - 0x00007ffa8b6ac000 	C:\Users\JUSTINE\.jdks\corretto-17.0.15\bin\server\jvm.dll
0x00007ffb07390000 - 0x00007ffb07441000 	C:\WINDOWS\System32\ADVAPI32.dll
0x00007ffb060b0000 - 0x00007ffb0614f000 	C:\WINDOWS\System32\sechost.dll
0x00007ffb05c80000 - 0x00007ffb05da0000 	C:\WINDOWS\System32\RPCRT4.dll
0x00007ffb04bd0000 - 0x00007ffb04bf7000 	C:\WINDOWS\System32\bcrypt.dll
0x00007ffb05e90000 - 0x00007ffb05efb000 	C:\WINDOWS\System32\WS2_32.dll
0x00007ffb040b0000 - 0x00007ffb040fb000 	C:\WINDOWS\SYSTEM32\POWRPROF.dll
0x00007ffafaf00000 - 0x00007ffafaf27000 	C:\WINDOWS\SYSTEM32\WINMM.dll
0x00007ffaf8080000 - 0x00007ffaf808a000 	C:\WINDOWS\SYSTEM32\VERSION.dll
0x00007ffb03f20000 - 0x00007ffb03f32000 	C:\WINDOWS\SYSTEM32\UMPDC.dll
0x00007ffb03330000 - 0x00007ffb03342000 	C:\WINDOWS\SYSTEM32\kernel.appcore.dll
0x00007ffaf4730000 - 0x00007ffaf473a000 	C:\Users\JUSTINE\.jdks\corretto-17.0.15\bin\jimage.dll
0x00007ffb02940000 - 0x00007ffb02b41000 	C:\WINDOWS\SYSTEM32\DBGHELP.DLL
0x00007ffaeed30000 - 0x00007ffaeed64000 	C:\WINDOWS\SYSTEM32\dbgcore.DLL
0x00007ffb04d00000 - 0x00007ffb04d82000 	C:\WINDOWS\System32\bcryptPrimitives.dll
0x00007ffaf3860000 - 0x00007ffaf386e000 	C:\Users\JUSTINE\.jdks\corretto-17.0.15\bin\instrument.dll
0x00007ffae5c80000 - 0x00007ffae5ca5000 	C:\Users\JUSTINE\.jdks\corretto-17.0.15\bin\java.dll
0x00007ffacd3e0000 - 0x00007ffacd4b7000 	C:\Users\JUSTINE\.jdks\corretto-17.0.15\bin\jsvml.dll
0x00007ffb064c0000 - 0x00007ffb06c30000 	C:\WINDOWS\System32\SHELL32.dll
0x00007ffb02b70000 - 0x00007ffb03315000 	C:\WINDOWS\SYSTEM32\windows.storage.dll
0x00007ffb06f50000 - 0x00007ffb072a4000 	C:\WINDOWS\System32\combase.dll
0x00007ffb04570000 - 0x00007ffb0459b000 	C:\WINDOWS\SYSTEM32\Wldp.dll
0x00007ffb072b0000 - 0x00007ffb0737d000 	C:\WINDOWS\System32\OLEAUT32.dll
0x00007ffb06de0000 - 0x00007ffb06e8d000 	C:\WINDOWS\System32\SHCORE.dll
0x00007ffb06e90000 - 0x00007ffb06eeb000 	C:\WINDOWS\System32\shlwapi.dll
0x00007ffb04a50000 - 0x00007ffb04a74000 	C:\WINDOWS\SYSTEM32\profapi.dll
0x00007ffae7260000 - 0x00007ffae7278000 	C:\Users\JUSTINE\.jdks\corretto-17.0.15\bin\zip.dll
0x00007ffae5c60000 - 0x00007ffae5c79000 	C:\Users\JUSTINE\.jdks\corretto-17.0.15\bin\net.dll
0x00007ffafd830000 - 0x00007ffafd93a000 	C:\WINDOWS\SYSTEM32\WINHTTP.dll
0x00007ffb042b0000 - 0x00007ffb0431a000 	C:\WINDOWS\system32\mswsock.dll
0x00007ffae5c40000 - 0x00007ffae5c56000 	C:\Users\JUSTINE\.jdks\corretto-17.0.15\bin\nio.dll
0x00007ffae5ac0000 - 0x00007ffae5ada000 	C:\Program Files\JetBrains\IntelliJ IDEA Community Edition 2023.2.5\bin\breakgen64.dll
0x00007ffaea0f0000 - 0x00007ffaea0f9000 	C:\Users\JUSTINE\.jdks\corretto-17.0.15\bin\extnet.dll
0x00007ffafc240000 - 0x00007ffafc24e000 	C:\Users\JUSTINE\.jdks\corretto-17.0.15\bin\sunmscapi.dll
0x00007ffb052b0000 - 0x00007ffb0540d000 	C:\WINDOWS\System32\CRYPT32.dll
0x00007ffb045e0000 - 0x00007ffb04607000 	C:\WINDOWS\SYSTEM32\ncrypt.dll
0x00007ffb045a0000 - 0x00007ffb045db000 	C:\WINDOWS\SYSTEM32\NTASN1.dll
0x00007ffb044a0000 - 0x00007ffb044b8000 	C:\WINDOWS\SYSTEM32\CRYPTSP.dll
0x00007ffb03b60000 - 0x00007ffb03b98000 	C:\WINDOWS\system32\rsaenh.dll
0x00007ffb049d0000 - 0x00007ffb049fe000 	C:\WINDOWS\SYSTEM32\USERENV.dll
0x00007ffb044c0000 - 0x00007ffb044cc000 	C:\WINDOWS\SYSTEM32\CRYPTBASE.dll
0x00007ffb03f40000 - 0x00007ffb03f7b000 	C:\WINDOWS\SYSTEM32\IPHLPAPI.DLL
0x00007ffb062e0000 - 0x00007ffb062e8000 	C:\WINDOWS\System32\NSI.dll
0x00007ffafad00000 - 0x00007ffafad17000 	C:\WINDOWS\SYSTEM32\dhcpcsvc6.DLL
0x00007ffafaca0000 - 0x00007ffafacbd000 	C:\WINDOWS\SYSTEM32\dhcpcsvc.DLL
0x00007ffb03f90000 - 0x00007ffb0405a000 	C:\WINDOWS\SYSTEM32\DNSAPI.dll
0x00007ffafc230000 - 0x00007ffafc239000 	C:\Users\JUSTINE\.jdks\corretto-17.0.15\bin\management.dll
0x00007ffaea1a0000 - 0x00007ffaea1ab000 	C:\Users\JUSTINE\.jdks\corretto-17.0.15\bin\management_ext.dll
0x00007ffb07380000 - 0x00007ffb07388000 	C:\WINDOWS\System32\PSAPI.DLL
0x00007ffaf8070000 - 0x00007ffaf807a000 	C:\Windows\System32\rasadhlp.dll
0x00007ffaf8460000 - 0x00007ffaf84e0000 	C:\WINDOWS\System32\fwpuclnt.dll

dbghelp: loaded successfully - version: 4.0.5 - missing functions: none
symbol engine: initialized successfully - sym options: 0x614 - pdb path: .;C:\Users\JUSTINE\.jdks\corretto-17.0.15\bin;C:\WINDOWS\SYSTEM32;C:\WINDOWS\WinSxS\amd64_microsoft.windows.common-controls_6595b64144ccf1df_6.0.19041.6456_none_60b8a6cb71f64256;C:\Users\JUSTINE\.jdks\corretto-17.0.15\bin\server;C:\Program Files\JetBrains\IntelliJ IDEA Community Edition 2023.2.5\bin

VM Arguments:
jvm_args: -javaagent:C:\Program Files\JetBrains\IntelliJ IDEA Community Edition 2023.2.5\lib\idea_rt.jar=51499:C:\Program Files\JetBrains\IntelliJ IDEA Community Edition 2023.2.5\bin -Dfile.encoding=UTF-8 
java_command: Meraki.Hub.Management.System.ManagementSystemApplication
java_class_path (initial): C:\Users\JUSTINE\Documents\Downloads\Management-System\target\classes;C:\Users\JUSTINE\.m2\repository\org\springframework\boot\spring-boot-starter-web\4.0.3\spring-boot-starter-web-4.0.3.jar;C:\Users\JUSTINE\.m2\repository\org\springframework\boot\spring-boot-starter-jackson\4.0.3\spring-boot-starter-jackson-4.0.3.jar;C:\Users\JUSTINE\.m2\repository\org\springframework\boot\spring-boot-jackson\4.0.3\spring-boot-jackson-4.0.3.jar;C:\Users\JUSTINE\.m2\repository\tools\jackson\core\jackson-databind\3.0.4\jackson-databind-3.0.4.jar;C:\Users\JUSTINE\.m2\repository\tools\jackson\core\jackson-core\3.0.4\jackson-core-3.0.4.jar;C:\Users\JUSTINE\.m2\repository\org\springframework\boot\spring-boot-starter-tomcat\4.0.3\spring-boot-starter-tomcat-4.0.3.jar;C:\Users\JUSTINE\.m2\repository\org\springframework\boot\spring-boot-starter-tomcat-runtime\4.0.3\spring-boot-starter-tomcat-runtime-4.0.3.jar;C:\Users\JUSTINE\.m2\repository\org\springframework\boot\spring-boot-web-server\4.0.3\spring-boot-web-server-4.0.3.jar;C:\Users\JUSTINE\.m2\repository\org\apache\tomcat\embed\tomcat-embed-core\11.0.18\tomcat-embed-core-11.0.18.jar;C:\Users\JUSTINE\.m2\repository\org\apache\tomcat\embed\tomcat-embed-el\11.0.18\tomcat-embed-el-11.0.18.jar;C:\Users\JUSTINE\.m2\repository\org\apache\tomcat\embed\tomcat-embed-websocket\11.0.18\tomcat-embed-websocket-11.0.18.jar;C:\Users\JUSTINE\.m2\repository\org\springframework\boot\spring-boot-tomcat\4.0.3\spring-boot-tomcat-4.0.3.jar;C:\Users\JUSTINE\.m2\repository\org\springframework\boot\spring-boot-http-converter\4.0.3\spring-boot-http-converter-4.0.3.jar;C:\Users\JUSTINE\.m2\repository\org\springframework\boot\spring-boot\4.0.3\spring-boot-4.0.3.jar;C:\Users\JUSTINE\.m2\repository\org\springframework\spring-context\7.0.5\spring-context-7.0.5.jar;C:\Users\JUSTINE\.m2\repository\org\springframework\spring-web\7.0.5\spring-web-7.0.5.jar;C:\Users\JUSTINE\.m2\repository\io\micrometer\micrometer-observation\1.16.3\micrometer-obs
Launcher Type: SUN_STANDARD

[Global flags]
     intx CICompilerCount                          = 3                                         {product} {ergonomic}
     uint ConcGCThreads                            = 1                                         {product} {ergonomic}
     uint G1ConcRefinementThreads                  = 4                                         {product} {ergonomic}
   size_t G1HeapRegionSize                         = 2097152                                   {product} {ergonomic}
    uintx GCDrainStackTargetSize                   = 64                                        {product} {ergonomic}
   size_t InitialHeapSize                          = 197132288                                 {product} {ergonomic}
   size_t MarkStackSize                            = 4194304                                   {product} {ergonomic}
   size_t MaxHeapSize                              = 3149922304                                {product} {ergonomic}
   size_t MaxNewSize                               = 1889533952                                {product} {ergonomic}
   size_t MinHeapDeltaBytes                        = 2097152                                   {product} {ergonomic}
   size_t MinHeapSize                              = 8388608                                   {product} {ergonomic}
    uintx NonNMethodCodeHeapSize                   = 5832780                                {pd product} {ergonomic}
    uintx NonProfiledCodeHeapSize                  = 122912730                              {pd product} {ergonomic}
    uintx ProfiledCodeHeapSize                     = 122912730                              {pd product} {ergonomic}
    uintx ReservedCodeCacheSize                    = 251658240                              {pd product} {ergonomic}
     bool SegmentedCodeCache                       = true                                      {product} {ergonomic}
   size_t SoftMaxHeapSize                          = 3149922304                             {manageable} {ergonomic}
     bool UseCompressedClassPointers               = true                           {product lp64_product} {ergonomic}
     bool UseCompressedOops                        = true                           {product lp64_product} {ergonomic}
     bool UseG1GC                                  = true                                      {product} {ergonomic}
     bool UseLargePagesIndividualAllocation        = false                                  {pd product} {ergonomic}

Logging:
Log output configuration:
 #0: stdout all=warning uptime,level,tags
 #1: stderr all=off uptime,level,tags

Environment Variables:
PATH=C:\Program Files (x86)\VMware\VMware Workstation\bin\;C:\OraHome_1;C:\app\JUSTINE\product\11.2.0\client_1\bin;C:\WINDOWS\system32;C:\WINDOWS;C:\WINDOWS\System32\Wbem;C:\WINDOWS\System32\WindowsPowerShell\v1.0\;C:\WINDOWS\System32\OpenSSH\;C:\Program Files\dotnet\;C:\Program Files\Git\cmd;C:\Program Files\MySQL\MySQL Shell 8.0\bin\;C:\Users\JUSTINE\AppData\Local\Microsoft\WindowsApps;C:\Users\JUSTINE\AppData\Local\Programs\Azure Data Studio\bin;C:\Users\JUSTINE\AppData\Local\Programs\Microsoft VS Code\bin;
USERNAME=JUSTINE
OS=Windows_NT
PROCESSOR_IDENTIFIER=Intel64 Family 6 Model 60 Stepping 3, GenuineIntel
TMP=C:\Users\JUSTINE\AppData\Local\Temp
TEMP=C:\Users\JUSTINE\AppData\Local\Temp



Periodic native trim disabled


---------------  S Y S T E M  ---------------

OS:
 Windows 10 , 64 bit Build 19041 (10.0.19041.5915)
OS uptime: 1 days 3:06 hours

CPU: total 4 (initial active 4) (2 cores per cpu, 2 threads per core) family 6 model 60 stepping 3 microcode 0x27, cx8, cmov, fxsr, ht, mmx, sse, sse2, sse3, ssse3, sse4.1, sse4.2, popcnt, lzcnt, tsc, tscinvbit, avx, avx2, aes, erms, clmul, bmi1, bmi2, fma, vzeroupper, clflush
Processor Information for all 4 processors :
  Max Mhz: 2494, Current Mhz: 2494, Mhz Limit: 2494

Memory: 4k page, system-wide physical 12008M (1190M free)
TotalPageFile size 14405M (AvailPageFile size 4M)
current process WorkingSet (physical memory assigned to process): 259M, peak: 259M
current process commit charge ("private bytes"): 292M, peak: 331M

vm_info: OpenJDK 64-Bit Server VM (17.0.15+6-LTS) for windows-amd64 JRE (17.0.15+6-LTS), built on Apr  9 2025 23:33:55 by "Administrator" with MS VC++ 16.10 / 16.11 (VS2019)

END.
