#
# There is insufficient memory for the Java Runtime Environment to continue.
# Native memory allocation (malloc) failed to allocate 1162336 bytes. Error detail: Chunk::new
# Possible reasons:
#   The system is out of physical RAM or swap space
#   This process is running with CompressedOops enabled, and the Java Heap may be blocking the growth of the native heap
# Possible solutions:
#   Reduce memory load on the system
#   Increase physical memory or swap space
#   Check if swap backing store is full
#   Decrease Java heap size (-Xmx/-Xms)
#   Decrease number of Java threads
#   Decrease Java thread stack sizes (-Xss)
#   Set larger code cache with -XX:ReservedCodeCacheSize=
#   JVM is running with Zero Based Compressed Oops mode in which the Java heap is
#     placed in the first 32GB address space. The Java Heap base address is the
#     maximum limit for the native heap growth. Please use -XX:HeapBaseMinAddress
#     to set the Java Heap base and to place the Java Heap above 32GB virtual address.
# This output file may be truncated or incomplete.
#
#  Out of Memory Error (arena.cpp:191), pid=780, tid=15380
#
# JRE version: OpenJDK Runtime Environment Corretto-17.0.15.6.1 (17.0.15+6) (build 17.0.15+6-LTS)
# Java VM: OpenJDK 64-Bit Server VM Corretto-17.0.15.6.1 (17.0.15+6-LTS, mixed mode, sharing, tiered, compressed oops, compressed class ptrs, g1 gc, windows-amd64)
# No core dump will be written. Minidumps are not enabled by default on client versions of Windows
#

---------------  S U M M A R Y ------------

Command Line: -javaagent:C:\Program Files\JetBrains\IntelliJ IDEA Community Edition 2023.2.5\lib\idea_rt.jar=51470:C:\Program Files\JetBrains\IntelliJ IDEA Community Edition 2023.2.5\bin -Dfile.encoding=UTF-8 Meraki.Hub.Management.System.ManagementSystemApplication

Host: Intel(R) Core(TM) i5-4200M CPU @ 2.50GHz, 4 cores, 11G,  Windows 10 , 64 bit Build 19041 (10.0.19041.5915)
Time: Tue Mar 10 12:49:56 2026 E. Africa Standard Time elapsed time: 23.416240 seconds (0d 0h 0m 23s)

---------------  T H R E A D  ---------------

Current thread (0x000001b5173ba010):  JavaThread "C2 CompilerThread1" daemon [_thread_in_native, id=15380, stack(0x000000645f300000,0x000000645f400000)]


Current CompileTask:
C2:  23416 5918       4       org.antlr.v4.runtime.atn.PredictionContext::mergeArrays (809 bytes)

Stack: [0x000000645f300000,0x000000645f400000]
Native frames: (J=compiled Java code, j=interpreted, Vv=VM code, C=native code)
V  [jvm.dll+0x681149]
V  [jvm.dll+0x838b5a]
V  [jvm.dll+0x83a61e]
V  [jvm.dll+0x83ac83]
V  [jvm.dll+0x24837f]
V  [jvm.dll+0xaca54]
V  [jvm.dll+0xad09c]
V  [jvm.dll+0x2af9ef]
V  [jvm.dll+0x587607]
V  [jvm.dll+0x2231e2]
V  [jvm.dll+0x21c442]
V  [jvm.dll+0x219bf1]
V  [jvm.dll+0x1a59fd]
V  [jvm.dll+0x229a5d]
V  [jvm.dll+0x227bec]
V  [jvm.dll+0x7eda37]
V  [jvm.dll+0x7e7f8c]
V  [jvm.dll+0x680017]
C  [ucrtbase.dll+0x21bb2]
C  [KERNEL32.DLL+0x17374]
C  [ntdll.dll+0x4cc91]


---------------  P R O C E S S  ---------------

Threads class SMR info:
_java_thread_list=0x000001b514f1d370, length=19, elements={
0x000001b4ae31a6e0, 0x000001b4ce2af850, 0x000001b4ce2b1420, 0x000001b4ce2c3780,
0x000001b4ce2c6250, 0x000001b4ce2c6c10, 0x000001b4ce2c75d0, 0x000001b4ce2ca2d0,
0x000001b4ce2d8e90, 0x000001b4ce2e9870, 0x000001b4ce298630, 0x000001b4ce64d3e0,
0x000001b4ce746170, 0x000001b515b98d30, 0x000001b516811470, 0x000001b51680fed0,
0x000001b5168103e0, 0x000001b51680f9c0, 0x000001b5173ba010
}

Java Threads: ( => current thread )
  0x000001b4ae31a6e0 JavaThread "main" [_thread_in_native, id=11308, stack(0x000000645d600000,0x000000645d700000)]
  0x000001b4ce2af850 JavaThread "Reference Handler" daemon [_thread_blocked, id=6556, stack(0x000000645dd00000,0x000000645de00000)]
  0x000001b4ce2b1420 JavaThread "Finalizer" daemon [_thread_blocked, id=14888, stack(0x000000645de00000,0x000000645df00000)]
  0x000001b4ce2c3780 JavaThread "Signal Dispatcher" daemon [_thread_blocked, id=11788, stack(0x000000645df00000,0x000000645e000000)]
  0x000001b4ce2c6250 JavaThread "Attach Listener" daemon [_thread_blocked, id=5428, stack(0x000000645e000000,0x000000645e100000)]
  0x000001b4ce2c6c10 JavaThread "Service Thread" daemon [_thread_blocked, id=15792, stack(0x000000645e100000,0x000000645e200000)]
  0x000001b4ce2c75d0 JavaThread "Monitor Deflation Thread" daemon [_thread_blocked, id=17168, stack(0x000000645e200000,0x000000645e300000)]
  0x000001b4ce2ca2d0 JavaThread "C2 CompilerThread0" daemon [_thread_in_native, id=14444, stack(0x000000645e300000,0x000000645e400000)]
  0x000001b4ce2d8e90 JavaThread "C1 CompilerThread0" daemon [_thread_blocked, id=7592, stack(0x000000645e400000,0x000000645e500000)]
  0x000001b4ce2e9870 JavaThread "Sweeper thread" daemon [_thread_blocked, id=12164, stack(0x000000645e500000,0x000000645e600000)]
  0x000001b4ce298630 JavaThread "Common-Cleaner" daemon [_thread_blocked, id=10744, stack(0x000000645e600000,0x000000645e700000)]
  0x000001b4ce64d3e0 JavaThread "Monitor Ctrl-Break" daemon [_thread_in_native, id=8868, stack(0x000000645e700000,0x000000645e800000)]
  0x000001b4ce746170 JavaThread "Notification Thread" daemon [_thread_blocked, id=13828, stack(0x000000645e800000,0x000000645e900000)]
  0x000001b515b98d30 JavaThread "PostgreSQL-JDBC-Cleaner" daemon [_thread_blocked, id=10204, stack(0x000000645ef00000,0x000000645f000000)]
  0x000001b516811470 JavaThread "HikariPool-1:housekeeper" daemon [_thread_blocked, id=2104, stack(0x000000645f000000,0x000000645f100000)]
  0x000001b51680fed0 JavaThread "Catalina-utility-1" [_thread_blocked, id=10220, stack(0x000000645ed00000,0x000000645ee00000)]
  0x000001b5168103e0 JavaThread "Catalina-utility-2" [_thread_blocked, id=14296, stack(0x000000645f100000,0x000000645f200000)]
  0x000001b51680f9c0 JavaThread "container-0" [_thread_blocked, id=16028, stack(0x000000645f200000,0x000000645f300000)]
=>0x000001b5173ba010 JavaThread "C2 CompilerThread1" daemon [_thread_in_native, id=15380, stack(0x000000645f300000,0x000000645f400000)]

Other Threads:
  0x000001b4ce2aadb0 VMThread "VM Thread" [stack: 0x000000645dc00000,0x000000645dd00000] [id=4668]
  0x000001b4ce64d8c0 WatcherThread [stack: 0x000000645e900000,0x000000645ea00000] [id=11944]
  0x000001b4ae371590 GCTaskThread "GC Thread#0" [stack: 0x000000645d700000,0x000000645d800000] [id=12088]
  0x000001b51427e440 GCTaskThread "GC Thread#1" [stack: 0x000000645ea00000,0x000000645eb00000] [id=16932]
  0x000001b51427e700 GCTaskThread "GC Thread#2" [stack: 0x000000645eb00000,0x000000645ec00000] [id=9660]
  0x000001b51427e9c0 GCTaskThread "GC Thread#3" [stack: 0x000000645ec00000,0x000000645ed00000] [id=10360]
  0x000001b4ae37e0a0 ConcurrentGCThread "G1 Main Marker" [stack: 0x000000645d800000,0x000000645d900000] [id=8032]
  0x000001b4ae37f260 ConcurrentGCThread "G1 Conc#0" [stack: 0x000000645d900000,0x000000645da00000] [id=7656]
  0x000001b4ce1720c0 ConcurrentGCThread "G1 Refine#0" [stack: 0x000000645da00000,0x000000645db00000] [id=7624]
  0x000001b4ce172a00 ConcurrentGCThread "G1 Service" [stack: 0x000000645db00000,0x000000645dc00000] [id=14088]

Threads with active compile tasks:
C2 CompilerThread0    23540 5903       4       org.antlr.v4.runtime.atn.PredictionContext::getCachedContext (261 bytes)
C2 CompilerThread1    23540 5918       4       org.antlr.v4.runtime.atn.PredictionContext::mergeArrays (809 bytes)

VM state: not at safepoint (normal execution)

VM Mutex/Monitor currently owned by a thread: None

Heap address: 0x0000000744400000, size: 3004 MB, Compressed Oops mode: Zero based, Oop shift amount: 3

CDS archive(s) mapped at: [0x000001b4cf000000-0x000001b4cfbb0000-0x000001b4cfbb0000), size 12255232, SharedBaseAddress: 0x000001b4cf000000, ArchiveRelocationMode: 1.
Compressed class space mapped at: 0x000001b4d0000000-0x000001b510000000, reserved size: 1073741824
Narrow klass base: 0x000001b4cf000000, Narrow klass shift: 0, Narrow klass range: 0x100000000

GC Precious Log:
 CPUs: 4 total, 4 available
 Memory: 12008M
 Large Page Support: Disabled
 NUMA Support: Disabled
 Compressed Oops: Enabled (Zero based)
 Heap Region Size: 2M
 Heap Min Capacity: 8M
 Heap Initial Capacity: 188M
 Heap Max Capacity: 3004M
 Pre-touch: Disabled
 Parallel Workers: 4
 Concurrent Workers: 1
 Concurrent Refinement Workers: 4
 Periodic GC: Disabled

Heap:
 garbage-first heap   total 67584K, used 38407K [0x0000000744400000, 0x0000000800000000)
  region size 2048K, 7 young (14336K), 2 survivors (4096K)
 Metaspace       used 72566K, committed 73152K, reserved 1114112K
  class space    used 10331K, committed 10624K, reserved 1048576K

Heap Regions: E=young(eden), S=young(survivor), O=old, HS=humongous(starts), HC=humongous(continues), CS=collection set, F=free, OA=open archive, CA=closed archive, TAMS=top-at-mark-start (previous, next)
|   0|0x0000000744400000, 0x0000000744600000, 0x0000000744600000|100%| O|  |TAMS 0x0000000744600000, 0x0000000744400000| Untracked 
|   1|0x0000000744600000, 0x0000000744800000, 0x0000000744800000|100%| O|  |TAMS 0x0000000744800000, 0x0000000744600000| Untracked 
|   2|0x0000000744800000, 0x0000000744a00000, 0x0000000744a00000|100%| O|  |TAMS 0x0000000744a00000, 0x0000000744800000| Untracked 
|   3|0x0000000744a00000, 0x0000000744c00000, 0x0000000744c00000|100%| O|  |TAMS 0x0000000744c00000, 0x0000000744a00000| Untracked 
|   4|0x0000000744c00000, 0x0000000744e00000, 0x0000000744e00000|100%| O|  |TAMS 0x0000000744e00000, 0x0000000744c00000| Untracked 
|   5|0x0000000744e00000, 0x0000000745000000, 0x0000000745000000|100%| O|  |TAMS 0x0000000745000000, 0x0000000744e00000| Untracked 
|   6|0x0000000745000000, 0x0000000745200000, 0x0000000745200000|100%| O|  |TAMS 0x0000000745200000, 0x0000000745000000| Untracked 
|   7|0x0000000745200000, 0x0000000745400000, 0x0000000745400000|100%| O|  |TAMS 0x0000000745400000, 0x0000000745200000| Untracked 
|   8|0x0000000745400000, 0x0000000745600000, 0x0000000745600000|100%| O|  |TAMS 0x000000074555e800, 0x0000000745400000| Untracked 
|   9|0x0000000745600000, 0x0000000745800000, 0x0000000745800000|100%| O|  |TAMS 0x0000000745800000, 0x0000000745600000| Untracked 
|  10|0x0000000745800000, 0x0000000745a00000, 0x0000000745a00000|100%| O|  |TAMS 0x0000000745a00000, 0x0000000745800000| Untracked 
|  11|0x0000000745a00000, 0x0000000745a00000, 0x0000000745c00000|  0%| F|  |TAMS 0x0000000745a00000, 0x0000000745a00000| Untracked 
|  12|0x0000000745c00000, 0x0000000745e00000, 0x0000000745e00000|100%| O|  |TAMS 0x0000000745c00000, 0x0000000745c00000| Untracked 
|  13|0x0000000745e00000, 0x0000000746000000, 0x0000000746000000|100%| O|  |TAMS 0x0000000745e00000, 0x0000000745e00000| Untracked 
|  14|0x0000000746000000, 0x0000000746161e00, 0x0000000746200000| 69%| O|  |TAMS 0x0000000746000000, 0x0000000746000000| Untracked 
|  15|0x0000000746200000, 0x0000000746200000, 0x0000000746400000|  0%| F|  |TAMS 0x0000000746200000, 0x0000000746200000| Untracked 
|  16|0x0000000746400000, 0x0000000746400000, 0x0000000746600000|  0%| F|  |TAMS 0x0000000746400000, 0x0000000746400000| Untracked 
|  17|0x0000000746600000, 0x0000000746600000, 0x0000000746800000|  0%| F|  |TAMS 0x0000000746600000, 0x0000000746600000| Untracked 
|  18|0x0000000746800000, 0x0000000746800000, 0x0000000746a00000|  0%| F|  |TAMS 0x0000000746800000, 0x0000000746800000| Untracked 
|  19|0x0000000746a00000, 0x0000000746a1fef0, 0x0000000746c00000|  6%| S|CS|TAMS 0x0000000746a00000, 0x0000000746a00000| Complete 
|  20|0x0000000746c00000, 0x0000000746e00000, 0x0000000746e00000|100%| S|CS|TAMS 0x0000000746c00000, 0x0000000746c00000| Complete 
|  21|0x0000000746e00000, 0x0000000746e00000, 0x0000000747000000|  0%| F|  |TAMS 0x0000000746e00000, 0x0000000746e00000| Untracked 
|  22|0x0000000747000000, 0x0000000747000000, 0x0000000747200000|  0%| F|  |TAMS 0x0000000747000000, 0x0000000747000000| Untracked 
|  23|0x0000000747200000, 0x0000000747200000, 0x0000000747400000|  0%| F|  |TAMS 0x0000000747200000, 0x0000000747200000| Untracked 
|  24|0x0000000747400000, 0x0000000747400000, 0x0000000747600000|  0%| F|  |TAMS 0x0000000747400000, 0x0000000747400000| Untracked 
|  25|0x0000000747600000, 0x0000000747600000, 0x0000000747800000|  0%| F|  |TAMS 0x0000000747600000, 0x0000000747600000| Untracked 
|  26|0x0000000747800000, 0x0000000747800000, 0x0000000747a00000|  0%| F|  |TAMS 0x0000000747800000, 0x0000000747800000| Untracked 
|  27|0x0000000747a00000, 0x0000000747a00000, 0x0000000747c00000|  0%| F|  |TAMS 0x0000000747a00000, 0x0000000747a00000| Untracked 
|  28|0x0000000747c00000, 0x0000000747cd3d58, 0x0000000747e00000| 41%| E|  |TAMS 0x0000000747c00000, 0x0000000747c00000| Complete 
|  61|0x000000074be00000, 0x000000074c000000, 0x000000074c000000|100%| E|CS|TAMS 0x000000074be00000, 0x000000074be00000| Complete 
|  62|0x000000074c000000, 0x000000074c200000, 0x000000074c200000|100%| E|CS|TAMS 0x000000074c000000, 0x000000074c000000| Complete 
|  63|0x000000074c200000, 0x000000074c400000, 0x000000074c400000|100%| E|CS|TAMS 0x000000074c200000, 0x000000074c200000| Complete 
|  64|0x000000074c400000, 0x000000074c600000, 0x000000074c600000|100%| E|CS|TAMS 0x000000074c400000, 0x000000074c400000| Complete 

Card table byte_map: [0x000001b4c5440000,0x000001b4c5a20000] _byte_map_base: 0x000001b4c1a1e000

Marking Bits (Prev, Next): (CMBitMap*) 0x000001b4ae371bb0, (CMBitMap*) 0x000001b4ae371bf0
 Prev Bits: [0x000001b4c6000000, 0x000001b4c8ef0000)
 Next Bits: [0x000001b4c8ef0000, 0x000001b4cbde0000)

Polling page: 0x000001b4ac2c0000

Metaspace:

Usage:
  Non-class:     60.78 MB used.
      Class:     10.09 MB used.
       Both:     70.87 MB used.

Virtual space:
  Non-class space:       64.00 MB reserved,      61.06 MB ( 95%) committed,  1 nodes.
      Class space:        1.00 GB reserved,      10.38 MB (  1%) committed,  1 nodes.
             Both:        1.06 GB reserved,      71.44 MB (  7%) committed. 

Chunk freelists:
   Non-Class:  2.34 MB
       Class:  5.59 MB
        Both:  7.94 MB

MaxMetaspaceSize: unlimited
CompressedClassSpaceSize: 1.00 GB
Initial GC threshold: 21.00 MB
Current GC threshold: 107.31 MB
CDS: on
MetaspaceReclaimPolicy: balanced
 - commit_granule_bytes: 65536.
 - commit_granule_words: 8192.
 - virtual_space_node_default_size: 8388608.
 - enlarge_chunks_in_place: 1.
 - new_chunks_are_fully_committed: 0.
 - uncommit_free_chunks: 1.
 - use_allocation_guard: 0.
 - handle_deallocations: 1.


Internal statistics:

num_allocs_failed_limit: 12.
num_arena_births: 776.
num_arena_deaths: 0.
num_vsnodes_births: 2.
num_vsnodes_deaths: 0.
num_space_committed: 1143.
num_space_uncommitted: 0.
num_chunks_returned_to_freelist: 12.
num_chunks_taken_from_freelist: 3402.
num_chunk_merges: 12.
num_chunk_splits: 2529.
num_chunks_enlarged: 2061.
num_inconsistent_stats: 0.

CodeHeap 'non-profiled nmethods': size=120000Kb used=4279Kb max_used=4279Kb free=115720Kb
 bounds [0x000001b4bd930000, 0x000001b4bdd60000, 0x000001b4c4e60000]
CodeHeap 'profiled nmethods': size=120000Kb used=10526Kb max_used=10526Kb free=109473Kb
 bounds [0x000001b4b5e60000, 0x000001b4b68b0000, 0x000001b4bd390000]
CodeHeap 'non-nmethods': size=5760Kb used=1344Kb max_used=1414Kb free=4415Kb
 bounds [0x000001b4bd390000, 0x000001b4bd600000, 0x000001b4bd930000]
 total_blobs=5881 nmethods=5208 adapters=582
 compilation: enabled
              stopped_count=0, restarted_count=0
 full_count=0

Compilation events (20 events):
Event: 23.303 Thread 0x000001b4ce2d8e90 5917       3       org.antlr.v4.runtime.atn.PredictionContext::mergeSingletons (392 bytes)
Event: 23.305 Thread 0x000001b4ce2d8e90 nmethod 5917 0x000001b4b68a4210 code [0x000001b4b68a45c0, 0x000001b4b68a66f8]
Event: 23.309 Thread 0x000001b4ce2d8e90 5919       3       org.antlr.v4.runtime.CommonTokenStream::LT (75 bytes)
Event: 23.310 Thread 0x000001b4ce2d8e90 nmethod 5919 0x000001b4b68a6f10 code [0x000001b4b68a7140, 0x000001b4b68a7b58]
Event: 23.314 Thread 0x000001b4ce2d8e90 5920       1       org.antlr.v4.runtime.atn.ActionTransition::isEpsilon (2 bytes)
Event: 23.314 Thread 0x000001b4ce2d8e90 nmethod 5920 0x000001b4bdd51b90 code [0x000001b4bdd51d20, 0x000001b4bdd51df8]
Event: 23.314 Thread 0x000001b5173ba010 nmethod 5902 0x000001b4bdd51e90 code [0x000001b4bdd520c0, 0x000001b4bdd533e8]
Event: 23.314 Thread 0x000001b5173ba010 5918       4       org.antlr.v4.runtime.atn.PredictionContext::mergeArrays (809 bytes)
Event: 23.363 Thread 0x000001b4ce2d8e90 5923       1       org.antlr.v4.runtime.atn.ActionTransition::getSerializationType (3 bytes)
Event: 23.363 Thread 0x000001b4ce2d8e90 nmethod 5923 0x000001b4bdd53d90 code [0x000001b4bdd53f20, 0x000001b4bdd53ff8]
Event: 23.365 Thread 0x000001b4ce2d8e90 5924       3       org.antlr.v4.runtime.dfa.DFAState::hashCode (26 bytes)
Event: 23.365 Thread 0x000001b4ce2d8e90 nmethod 5924 0x000001b4b68a7d90 code [0x000001b4b68a7f60, 0x000001b4b68a81e8]
Event: 23.367 Thread 0x000001b4ce2d8e90 5925       1       org.antlr.v4.runtime.atn.PlusBlockStartState::getStateType (2 bytes)
Event: 23.367 Thread 0x000001b4ce2d8e90 nmethod 5925 0x000001b4bdd54090 code [0x000001b4bdd54220, 0x000001b4bdd542f8]
Event: 23.372 Thread 0x000001b4ce2d8e90 5926       3       org.antlr.v4.runtime.BufferedTokenStream::sync (55 bytes)
Event: 23.372 Thread 0x000001b4ce2d8e90 nmethod 5926 0x000001b4b68a8310 code [0x000001b4b68a84e0, 0x000001b4b68a8858]
Event: 23.372 Thread 0x000001b4ce2d8e90 5927       3       org.antlr.v4.runtime.atn.LexerATNConfig::<init> (29 bytes)
Event: 23.373 Thread 0x000001b4ce2d8e90 nmethod 5927 0x000001b4b68a8990 code [0x000001b4b68a8b60, 0x000001b4b68a9088]
Event: 23.382 Thread 0x000001b4ce2d8e90 5930       3       org.antlr.v4.runtime.atn.PredictionContext::mergeRoot (156 bytes)
Event: 23.383 Thread 0x000001b4ce2d8e90 nmethod 5930 0x000001b4b68a9210 code [0x000001b4b68a9460, 0x000001b4b68aa238]

GC Heap History (20 events):
Event: 12.187 GC heap before
{Heap before GC invocations=11 (full 0):
 garbage-first heap   total 55296K, used 38914K [0x0000000744400000, 0x0000000800000000)
  region size 2048K, 11 young (22528K), 2 survivors (4096K)
 Metaspace       used 38998K, committed 39488K, reserved 1114112K
  class space    used 5282K, committed 5504K, reserved 1048576K
}
Event: 12.198 GC heap after
{Heap after GC invocations=12 (full 0):
 garbage-first heap   total 55296K, used 22038K [0x0000000744400000, 0x0000000800000000)
  region size 2048K, 2 young (4096K), 2 survivors (4096K)
 Metaspace       used 38998K, committed 39488K, reserved 1114112K
  class space    used 5282K, committed 5504K, reserved 1048576K
}
Event: 12.326 GC heap before
{Heap before GC invocations=12 (full 0):
 garbage-first heap   total 55296K, used 24086K [0x0000000744400000, 0x0000000800000000)
  region size 2048K, 3 young (6144K), 2 survivors (4096K)
 Metaspace       used 39417K, committed 39936K, reserved 1114112K
  class space    used 5364K, committed 5632K, reserved 1048576K
}
Event: 12.337 GC heap after
{Heap after GC invocations=13 (full 0):
 garbage-first heap   total 55296K, used 21732K [0x0000000744400000, 0x0000000800000000)
  region size 2048K, 1 young (2048K), 1 survivors (2048K)
 Metaspace       used 39417K, committed 39936K, reserved 1114112K
  class space    used 5364K, committed 5632K, reserved 1048576K
}
Event: 13.475 GC heap before
{Heap before GC invocations=13 (full 0):
 garbage-first heap   total 55296K, used 40164K [0x0000000744400000, 0x0000000800000000)
  region size 2048K, 10 young (20480K), 1 survivors (2048K)
 Metaspace       used 44720K, committed 45184K, reserved 1114112K
  class space    used 6096K, committed 6336K, reserved 1048576K
}
Event: 13.482 GC heap after
{Heap after GC invocations=14 (full 0):
 garbage-first heap   total 67584K, used 22636K [0x0000000744400000, 0x0000000800000000)
  region size 2048K, 1 young (2048K), 1 survivors (2048K)
 Metaspace       used 44720K, committed 45184K, reserved 1114112K
  class space    used 6096K, committed 6336K, reserved 1048576K
}
Event: 14.541 GC heap before
{Heap before GC invocations=14 (full 0):
 garbage-first heap   total 67584K, used 49260K [0x0000000744400000, 0x0000000800000000)
  region size 2048K, 14 young (28672K), 1 survivors (2048K)
 Metaspace       used 51117K, committed 51584K, reserved 1114112K
  class space    used 6825K, committed 7040K, reserved 1048576K
}
Event: 14.547 GC heap after
{Heap after GC invocations=15 (full 0):
 garbage-first heap   total 67584K, used 24074K [0x0000000744400000, 0x0000000800000000)
  region size 2048K, 2 young (4096K), 2 survivors (4096K)
 Metaspace       used 51117K, committed 51584K, reserved 1114112K
  class space    used 6825K, committed 7040K, reserved 1048576K
}
Event: 16.035 GC heap before
{Heap before GC invocations=15 (full 0):
 garbage-first heap   total 67584K, used 50698K [0x0000000744400000, 0x0000000800000000)
  region size 2048K, 15 young (30720K), 2 survivors (4096K)
 Metaspace       used 58643K, committed 59072K, reserved 1114112K
  class space    used 8004K, committed 8192K, reserved 1048576K
}
Event: 16.045 GC heap after
{Heap after GC invocations=16 (full 0):
 garbage-first heap   total 67584K, used 25094K [0x0000000744400000, 0x0000000800000000)
  region size 2048K, 2 young (4096K), 2 survivors (4096K)
 Metaspace       used 58643K, committed 59072K, reserved 1114112K
  class space    used 8004K, committed 8192K, reserved 1048576K
}
Event: 16.395 GC heap before
{Heap before GC invocations=16 (full 0):
 garbage-first heap   total 67584K, used 33286K [0x0000000744400000, 0x0000000800000000)
  region size 2048K, 7 young (14336K), 2 survivors (4096K)
 Metaspace       used 59864K, committed 60288K, reserved 1114112K
  class space    used 8170K, committed 8384K, reserved 1048576K
}
Event: 16.402 GC heap after
{Heap after GC invocations=17 (full 0):
 garbage-first heap   total 67584K, used 25474K [0x0000000744400000, 0x0000000800000000)
  region size 2048K, 1 young (2048K), 1 survivors (2048K)
 Metaspace       used 59864K, committed 60288K, reserved 1114112K
  class space    used 8170K, committed 8384K, reserved 1048576K
}
Event: 20.123 GC heap before
{Heap before GC invocations=18 (full 0):
 garbage-first heap   total 67584K, used 52098K [0x0000000744400000, 0x0000000800000000)
  region size 2048K, 14 young (28672K), 1 survivors (2048K)
 Metaspace       used 64899K, committed 65408K, reserved 1114112K
  class space    used 8993K, committed 9216K, reserved 1048576K
}
Event: 20.133 GC heap after
{Heap after GC invocations=19 (full 0):
 garbage-first heap   total 67584K, used 26971K [0x0000000744400000, 0x0000000800000000)
  region size 2048K, 2 young (4096K), 2 survivors (4096K)
 Metaspace       used 64899K, committed 65408K, reserved 1114112K
  class space    used 8993K, committed 9216K, reserved 1048576K
}
Event: 22.010 GC heap before
{Heap before GC invocations=20 (full 0):
 garbage-first heap   total 67584K, used 49499K [0x0000000744400000, 0x0000000800000000)
  region size 2048K, 14 young (28672K), 2 survivors (4096K)
 Metaspace       used 68787K, committed 69376K, reserved 1114112K
  class space    used 9605K, committed 9920K, reserved 1048576K
}
Event: 22.024 GC heap after
{Heap after GC invocations=21 (full 0):
 garbage-first heap   total 67584K, used 28408K [0x0000000744400000, 0x0000000800000000)
  region size 2048K, 2 young (4096K), 2 survivors (4096K)
 Metaspace       used 68787K, committed 69376K, reserved 1114112K
  class space    used 9605K, committed 9920K, reserved 1048576K
}
Event: 22.198 GC heap before
{Heap before GC invocations=21 (full 0):
 garbage-first heap   total 67584K, used 30456K [0x0000000744400000, 0x0000000800000000)
  region size 2048K, 3 young (6144K), 2 survivors (4096K)
 Metaspace       used 69340K, committed 69952K, reserved 1114112K
  class space    used 9743K, committed 10048K, reserved 1048576K
}
Event: 22.207 GC heap after
{Heap after GC invocations=22 (full 0):
 garbage-first heap   total 67584K, used 28513K [0x0000000744400000, 0x0000000800000000)
  region size 2048K, 1 young (2048K), 1 survivors (2048K)
 Metaspace       used 69340K, committed 69952K, reserved 1114112K
  class space    used 9743K, committed 10048K, reserved 1048576K
}
Event: 23.096 GC heap before
{Heap before GC invocations=22 (full 0):
 garbage-first heap   total 67584K, used 51041K [0x0000000744400000, 0x0000000800000000)
  region size 2048K, 12 young (24576K), 1 survivors (2048K)
 Metaspace       used 71836K, committed 72384K, reserved 1114112K
  class space    used 10241K, committed 10496K, reserved 1048576K
}
Event: 23.100 GC heap after
{Heap after GC invocations=23 (full 0):
 garbage-first heap   total 67584K, used 30215K [0x0000000744400000, 0x0000000800000000)
  region size 2048K, 2 young (4096K), 2 survivors (4096K)
 Metaspace       used 71836K, committed 72384K, reserved 1114112K
  class space    used 10241K, committed 10496K, reserved 1048576K
}

Dll operation events (13 events):
Event: 0.013 Loaded shared library C:\Users\JUSTINE\.jdks\corretto-17.0.15\bin\java.dll
Event: 0.040 Loaded shared library C:\Users\JUSTINE\.jdks\corretto-17.0.15\bin\jsvml.dll
Event: 0.239 Loaded shared library C:\Users\JUSTINE\.jdks\corretto-17.0.15\bin\zip.dll
Event: 0.242 Loaded shared library C:\Users\JUSTINE\.jdks\corretto-17.0.15\bin\instrument.dll
Event: 0.251 Loaded shared library C:\Users\JUSTINE\.jdks\corretto-17.0.15\bin\net.dll
Event: 0.254 Loaded shared library C:\Users\JUSTINE\.jdks\corretto-17.0.15\bin\nio.dll
Event: 0.258 Loaded shared library C:\Users\JUSTINE\.jdks\corretto-17.0.15\bin\zip.dll
Event: 0.533 Loaded shared library C:\Program Files\JetBrains\IntelliJ IDEA Community Edition 2023.2.5\bin\breakgen64.dll
Event: 0.559 Loaded shared library C:\Users\JUSTINE\.jdks\corretto-17.0.15\bin\extnet.dll
Event: 0.590 Loaded shared library C:\Users\JUSTINE\.jdks\corretto-17.0.15\bin\jimage.dll
Event: 3.988 Loaded shared library C:\Users\JUSTINE\.jdks\corretto-17.0.15\bin\sunmscapi.dll
Event: 8.969 Loaded shared library C:\Users\JUSTINE\.jdks\corretto-17.0.15\bin\management.dll
Event: 9.071 Loaded shared library C:\Users\JUSTINE\.jdks\corretto-17.0.15\bin\management_ext.dll

Deoptimization events (20 events):
Event: 23.362 Thread 0x000001b4ae31a6e0 Uncommon trap: trap_request=0xffffffd6 fr.pc=0x000001b4bdd531a4 relative=0x00000000000010e4
Event: 23.362 Thread 0x000001b4ae31a6e0 Uncommon trap: reason=array_check action=maybe_recompile pc=0x000001b4bdd531a4 method=org.antlr.v4.runtime.misc.Array2DHashSet.getOrAddImpl(Ljava/lang/Object;)Ljava/lang/Object; @ 133 c2
Event: 23.362 Thread 0x000001b4ae31a6e0 DEOPT PACKING pc=0x000001b4bdd531a4 sp=0x000000645d6f7420
Event: 23.362 Thread 0x000001b4ae31a6e0 DEOPT UNPACKING pc=0x000001b4bd3e69a3 sp=0x000000645d6f73f0 mode 2
Event: 23.362 Thread 0x000001b4ae31a6e0 Uncommon trap: trap_request=0xffffffd6 fr.pc=0x000001b4bdd531a4 relative=0x00000000000010e4
Event: 23.362 Thread 0x000001b4ae31a6e0 Uncommon trap: reason=array_check action=maybe_recompile pc=0x000001b4bdd531a4 method=org.antlr.v4.runtime.misc.Array2DHashSet.getOrAddImpl(Ljava/lang/Object;)Ljava/lang/Object; @ 133 c2
Event: 23.362 Thread 0x000001b4ae31a6e0 DEOPT PACKING pc=0x000001b4bdd531a4 sp=0x000000645d6f9670
Event: 23.362 Thread 0x000001b4ae31a6e0 DEOPT UNPACKING pc=0x000001b4bd3e69a3 sp=0x000000645d6f9640 mode 2
Event: 23.380 Thread 0x000001b4ae31a6e0 Uncommon trap: trap_request=0xffffffc6 fr.pc=0x000001b4bdd352d0 relative=0x0000000000000a10
Event: 23.380 Thread 0x000001b4ae31a6e0 Uncommon trap: reason=bimorphic_or_optimized_type_check action=maybe_recompile pc=0x000001b4bdd352d0 method=org.antlr.v4.runtime.atn.PredictionContext.merge(Lorg/antlr/v4/runtime/atn/PredictionContext;Lorg/antlr/v4/runtime/atn/PredictionContext;ZLorg/antl
Event: 23.380 Thread 0x000001b4ae31a6e0 DEOPT PACKING pc=0x000001b4bdd352d0 sp=0x000000645d6f9890
Event: 23.380 Thread 0x000001b4ae31a6e0 DEOPT UNPACKING pc=0x000001b4bd3e69a3 sp=0x000000645d6f9868 mode 2
Event: 23.380 Thread 0x000001b4ae31a6e0 Uncommon trap: trap_request=0xffffff45 fr.pc=0x000001b4bdd3be70 relative=0x0000000000000070
Event: 23.380 Thread 0x000001b4ae31a6e0 Uncommon trap: reason=unstable_if action=reinterpret pc=0x000001b4bdd3be70 method=org.antlr.v4.runtime.atn.PredictionContext.mergeRoot(Lorg/antlr/v4/runtime/atn/SingletonPredictionContext;Lorg/antlr/v4/runtime/atn/SingletonPredictionContext;Z)Lorg/antlr/v
Event: 23.380 Thread 0x000001b4ae31a6e0 DEOPT PACKING pc=0x000001b4bdd3be70 sp=0x000000645d6f97a0
Event: 23.380 Thread 0x000001b4ae31a6e0 DEOPT UNPACKING pc=0x000001b4bd3e69a3 sp=0x000000645d6f9708 mode 2
Event: 23.380 Thread 0x000001b4ae31a6e0 Uncommon trap: trap_request=0xffffffc6 fr.pc=0x000001b4bdd352d0 relative=0x0000000000000a10
Event: 23.380 Thread 0x000001b4ae31a6e0 Uncommon trap: reason=bimorphic_or_optimized_type_check action=maybe_recompile pc=0x000001b4bdd352d0 method=org.antlr.v4.runtime.atn.PredictionContext.merge(Lorg/antlr/v4/runtime/atn/PredictionContext;Lorg/antlr/v4/runtime/atn/PredictionContext;ZLorg/antl
Event: 23.380 Thread 0x000001b4ae31a6e0 DEOPT PACKING pc=0x000001b4bdd352d0 sp=0x000000645d6f9890
Event: 23.380 Thread 0x000001b4ae31a6e0 DEOPT UNPACKING pc=0x000001b4bd3e69a3 sp=0x000000645d6f9868 mode 2

Classes loaded (20 events):
Event: 21.540 Loading class java/io/OptionalDataException
Event: 21.540 Loading class java/io/OptionalDataException done
Event: 21.541 Loading class jdk/internal/reflect/SerializationConstructorAccessorImpl
Event: 21.541 Loading class jdk/internal/reflect/SerializationConstructorAccessorImpl done
Event: 21.584 Loading class java/util/regex/Pattern$Neg
Event: 21.584 Loading class java/util/regex/Pattern$Neg done
Event: 21.588 Loading class java/util/regex/Pattern$Bound
Event: 21.602 Loading class java/util/regex/Pattern$Bound done
Event: 21.603 Loading class java/util/regex/Pattern$LookBehindEndNode
Event: 21.603 Loading class java/util/regex/Pattern$LookBehindEndNode done
Event: 21.603 Loading class java/util/regex/Pattern$NotBehind
Event: 21.604 Loading class java/util/regex/Pattern$NotBehind done
Event: 21.604 Loading class java/util/regex/Pattern$Behind
Event: 21.604 Loading class java/util/regex/Pattern$Behind done
Event: 21.732 Loading class java/util/EmptyStackException
Event: 21.732 Loading class java/util/EmptyStackException done
Event: 22.215 Loading class java/io/InvalidClassException
Event: 22.215 Loading class java/io/InvalidClassException done
Event: 22.263 Loading class java/util/ArrayList$ListItr
Event: 22.279 Loading class java/util/ArrayList$ListItr done

Classes unloaded (0 events):
No events

Classes redefined (0 events):
No events

Internal exceptions (20 events):
Event: 16.562 Thread 0x000001b4ae31a6e0 Exception <a 'java/lang/NoSuchMethodError'{0x000000074c234770}: 'void java.lang.invoke.DirectMethodHandle$Holder.invokeInterface(java.lang.Object, java.lang.Object, int, java.lang.Object)'> (0x000000074c234770) 
thrown [s\src\hotspot\share\interpreter\linkResolver.cpp, line 759]
Event: 16.577 Thread 0x000001b4ae31a6e0 Exception <a 'java/lang/NoSuchMethodError'{0x000000074c268368}: 'java.lang.Object java.lang.invoke.DirectMethodHandle$Holder.newInvokeSpecial(java.lang.Object, java.lang.Object, int, java.lang.Object)'> (0x000000074c268368) 
thrown [s\src\hotspot\share\interpreter\linkResolver.cpp, line 759]
Event: 17.008 Thread 0x000001b4ae31a6e0 Exception <a 'java/lang/NoSuchMethodError'{0x000000074c0d1660}: 'int java.lang.invoke.DirectMethodHandle$Holder.invokeStatic(java.lang.Object, int, java.lang.Object)'> (0x000000074c0d1660) 
thrown [s\src\hotspot\share\interpreter\linkResolver.cpp, line 759]
Event: 17.018 Thread 0x000001b4ae31a6e0 Exception <a 'java/lang/NoSuchMethodError'{0x000000074c12f418}: 'java.lang.Object java.lang.invoke.DirectMethodHandle$Holder.newInvokeSpecial(java.lang.Object, java.lang.Object, java.lang.Object, java.lang.Object, java.lang.Object, java.lang.Object, java.lang.Object, java.lang.Object, java.lang.Object, java.lang.Object, java.lang.Object, java.lang.Object)'> (0x000000074c12f418) 
thrown [s\src\hotspot\share\interpreter\linkResolver.cpp, line 759]
Event: 17.019 Thread 0x000001b4ae31a6e0 Exception <a 'java/lang/NoSuchMethodError'{0x000000074c1346a8}: 'java.lang.Object java.lang.invoke.DirectMethodHandle$Holder.invokeSpecial(java.lang.Object, java.lang.Object, java.lang.Object, java.lang.Object, java.lang.Object, java.lang.Object, java.lang.Object, java.lang.Object, java.lang.Object, java.lang.Object, java.lang.Object, java.lang.Object, java.lang.Object)'> (0x000000074c1346a8) 
thrown [s\src\hotspot\share\interpreter\linkResolver.cpp, line 759]
Event: 17.019 Thread 0x000001b4ae31a6e0 Exception <a 'java/lang/NoSuchMethodError'{0x000000074c1395b8}: 'java.lang.Object java.lang.invoke.Invokers$Holder.linkToTargetMethod(java.lang.Object, java.lang.Object, java.lang.Object, java.lang.Object, java.lang.Object, java.lang.Object, java.lang.Object, java.lang.Object, java.lang.Object, java.lang.Object, java.lang.Object, java.lang.Object)'> (0x000000074c1395b8) 
thrown [s\src\hotspot\share\interpreter\linkResolver.cpp, line 759]
Event: 17.364 Thread 0x000001b4ae31a6e0 Exception <a 'java/lang/IncompatibleClassChangeError'{0x000000074bead7f8}: Found class java.lang.Object, but interface was expected> (0x000000074bead7f8) 
thrown [s\src\hotspot\share\interpreter\linkResolver.cpp, line 826]
Event: 17.426 Thread 0x000001b4ae31a6e0 Exception <a 'java/lang/NoSuchMethodError'{0x000000074bf48dc8}: 'java.lang.Object java.lang.invoke.DirectMethodHandle$Holder.newInvokeSpecial(java.lang.Object, java.lang.Object, int, java.lang.Object, int, java.lang.Object, java.lang.Object)'> (0x000000074bf48dc8) 
thrown [s\src\hotspot\share\interpreter\linkResolver.cpp, line 759]
Event: 18.877 Thread 0x000001b4ae31a6e0 Exception <a 'java/lang/IncompatibleClassChangeError'{0x00000007470d6b90}: Found class java.lang.Object, but interface was expected> (0x00000007470d6b90) 
thrown [s\src\hotspot\share\interpreter\linkResolver.cpp, line 826]
Event: 19.693 Thread 0x000001b4ae31a6e0 Exception <a 'java/lang/IncompatibleClassChangeError'{0x0000000746edf0d8}: Found class java.lang.Object, but interface was expected> (0x0000000746edf0d8) 
thrown [s\src\hotspot\share\interpreter\linkResolver.cpp, line 826]
Event: 20.323 Thread 0x000001b4ae31a6e0 Exception <a 'java/lang/reflect/InvocationTargetException'{0x000000074c021780}> (0x000000074c021780) 
thrown [s\src\hotspot\share\runtime\reflection.cpp, line 1128]
Event: 20.350 Thread 0x000001b4ae31a6e0 Exception <a 'java/lang/IncompatibleClassChangeError'{0x000000074c0e10e8}: Found class java.lang.Object, but interface was expected> (0x000000074c0e10e8) 
thrown [s\src\hotspot\share\interpreter\linkResolver.cpp, line 826]
Event: 20.356 Thread 0x000001b4ae31a6e0 Exception <a 'java/lang/reflect/InvocationTargetException'{0x000000074c0f9338}> (0x000000074c0f9338) 
thrown [s\src\hotspot\share\runtime\reflection.cpp, line 1128]
Event: 21.161 Thread 0x000001b4ae31a6e0 Exception <a 'java/lang/NoSuchMethodError'{0x0000000747d26248}: 'long java.lang.invoke.DirectMethodHandle$Holder.invokeVirtual(java.lang.Object, java.lang.Object)'> (0x0000000747d26248) 
thrown [s\src\hotspot\share\interpreter\linkResolver.cpp, line 759]
Event: 21.241 Thread 0x000001b4ae31a6e0 Exception <a 'java/lang/NoSuchMethodError'{0x0000000747a8c2d0}: 'void java.lang.invoke.DirectMethodHandle$Holder.invokeVirtual(java.lang.Object, java.lang.Object, long)'> (0x0000000747a8c2d0) 
thrown [s\src\hotspot\share\interpreter\linkResolver.cpp, line 759]
Event: 21.286 Thread 0x000001b4ae31a6e0 Exception <a 'java/lang/reflect/InvocationTargetException'{0x00000007478c01f0}> (0x00000007478c01f0) 
thrown [s\src\hotspot\share\runtime\reflection.cpp, line 1128]
Event: 21.508 Thread 0x000001b4ae31a6e0 Exception <a 'java/lang/NoSuchMethodError'{0x00000007474a3d38}: 'int java.lang.invoke.DirectMethodHandle$Holder.invokeStaticInit(java.lang.Object, int, java.lang.Object, java.lang.Object, java.lang.Object, java.lang.Object)'> (0x00000007474a3d38) 
thrown [s\src\hotspot\share\interpreter\linkResolver.cpp, line 759]
Event: 21.571 Thread 0x000001b4ae31a6e0 Exception <a 'java/lang/reflect/InvocationTargetException'{0x0000000747288990}> (0x0000000747288990) 
thrown [s\src\hotspot\share\runtime\reflection.cpp, line 1128]
Event: 21.574 Thread 0x000001b4ae31a6e0 Exception <a 'java/lang/reflect/InvocationTargetException'{0x0000000747296008}> (0x0000000747296008) 
thrown [s\src\hotspot\share\runtime\reflection.cpp, line 1128]
Event: 21.614 Thread 0x000001b4ae31a6e0 Exception <a 'java/lang/IncompatibleClassChangeError'{0x000000074730df28}: Found class java.lang.Object, but interface was expected> (0x000000074730df28) 
thrown [s\src\hotspot\share\interpreter\linkResolver.cpp, line 826]

VM Operations (20 events):
Event: 20.775 Executing VM operation: HandshakeAllThreads
Event: 20.775 Executing VM operation: HandshakeAllThreads done
Event: 21.175 Executing VM operation: HandshakeAllThreads
Event: 21.175 Executing VM operation: HandshakeAllThreads done
Event: 22.010 Executing VM operation: G1CollectForAllocation
Event: 22.024 Executing VM operation: G1CollectForAllocation done
Event: 22.198 Executing VM operation: G1CollectForAllocation
Event: 22.207 Executing VM operation: G1CollectForAllocation done
Event: 22.280 Executing VM operation: HandshakeAllThreads
Event: 22.280 Executing VM operation: HandshakeAllThreads done
Event: 22.288 Executing VM operation: HandshakeAllThreads
Event: 22.288 Executing VM operation: HandshakeAllThreads done
Event: 22.358 Executing VM operation: HandshakeAllThreads
Event: 22.358 Executing VM operation: HandshakeAllThreads done
Event: 22.520 Executing VM operation: HandshakeAllThreads
Event: 22.520 Executing VM operation: HandshakeAllThreads done
Event: 22.541 Executing VM operation: ICBufferFull
Event: 22.541 Executing VM operation: ICBufferFull done
Event: 23.096 Executing VM operation: G1CollectForAllocation
Event: 23.100 Executing VM operation: G1CollectForAllocation done

Memory protections (0 events):
No events

Nmethod flushes (20 events):
Event: 14.447 Thread 0x000001b4ce2e9870 flushing  nmethod 0x000001b4b6787d90
Event: 14.447 Thread 0x000001b4ce2e9870 flushing  nmethod 0x000001b4b678dc10
Event: 14.447 Thread 0x000001b4ce2e9870 flushing  nmethod 0x000001b4b6799d10
Event: 14.447 Thread 0x000001b4ce2e9870 flushing  nmethod 0x000001b4b67e4c90
Event: 14.447 Thread 0x000001b4ce2e9870 flushing  nmethod 0x000001b4b67e5c10
Event: 14.447 Thread 0x000001b4ce2e9870 flushing  nmethod 0x000001b4b67e6010
Event: 14.447 Thread 0x000001b4ce2e9870 flushing  nmethod 0x000001b4b67e8f90
Event: 14.447 Thread 0x000001b4ce2e9870 flushing  nmethod 0x000001b4b67e9e90
Event: 14.447 Thread 0x000001b4ce2e9870 flushing  nmethod 0x000001b4b67eb510
Event: 14.447 Thread 0x000001b4ce2e9870 flushing  nmethod 0x000001b4b67ec410
Event: 14.447 Thread 0x000001b4ce2e9870 flushing  nmethod 0x000001b4b67ed790
Event: 14.447 Thread 0x000001b4ce2e9870 flushing  nmethod 0x000001b4b67f0910
Event: 14.447 Thread 0x000001b4ce2e9870 flushing  nmethod 0x000001b4b67f1f90
Event: 14.447 Thread 0x000001b4ce2e9870 flushing osr nmethod 0x000001b4b67fa090
Event: 14.447 Thread 0x000001b4ce2e9870 flushing  nmethod 0x000001b4b680e510
Event: 14.448 Thread 0x000001b4ce2e9870 flushing  nmethod 0x000001b4b681cb10
Event: 22.368 Thread 0x000001b4ce2e9870 flushing  nmethod 0x000001b4b67ee110
Event: 22.368 Thread 0x000001b4ce2e9870 flushing  nmethod 0x000001b4b67f0e90
Event: 22.368 Thread 0x000001b4ce2e9870 flushing  nmethod 0x000001b4b67f1710
Event: 22.368 Thread 0x000001b4ce2e9870 flushing  nmethod 0x000001b4b67fc610

Events (20 events):
Event: 4.862 Thread 0x000001b514c72580 Thread exited: 0x000001b514c72580
Event: 4.905 Thread 0x000001b514aed660 Thread exited: 0x000001b514aed660
Event: 5.743 Thread 0x000001b4ce2d8e90 Thread added: 0x000001b515dcbdc0
Event: 13.174 Thread 0x000001b4ae31a6e0 Thread added: 0x000001b515b98d30
Event: 13.195 Thread 0x000001b4ae31a6e0 Thread added: 0x000001b516811470
Event: 13.509 Thread 0x000001b516811470 Thread added: 0x000001b517ae20b0
Event: 15.019 Thread 0x000001b515dcbdc0 Thread exited: 0x000001b515dcbdc0
Event: 16.061 Thread 0x000001b4ce2d8e90 Thread added: 0x000001b515dcbdc0
Event: 16.491 Thread 0x000001b515dcbdc0 Thread exited: 0x000001b515dcbdc0
Event: 18.218 Thread 0x000001b4ce2d8e90 Thread added: 0x000001b516a6e030
Event: 19.679 Thread 0x000001b516a6e030 Thread exited: 0x000001b516a6e030
Event: 19.927 Thread 0x000001b517ae20b0 Thread exited: 0x000001b517ae20b0
Event: 20.011 Thread 0x000001b4ce2d8e90 Thread added: 0x000001b516a6e030
Event: 20.273 Thread 0x000001b516a6e030 Thread exited: 0x000001b516a6e030
Event: 20.398 Thread 0x000001b4ce2d8e90 Thread added: 0x000001b5173ba010
Event: 21.179 Thread 0x000001b5173ba010 Thread exited: 0x000001b5173ba010
Event: 21.185 Thread 0x000001b4ae31a6e0 Thread added: 0x000001b51680fed0
Event: 21.198 Thread 0x000001b4ae31a6e0 Thread added: 0x000001b5168103e0
Event: 21.224 Thread 0x000001b4ae31a6e0 Thread added: 0x000001b51680f9c0
Event: 21.298 Thread 0x000001b4ce2d8e90 Thread added: 0x000001b5173ba010


Dynamic libraries:
0x00007ff7adad0000 - 0x00007ff7adade000 	C:\Users\JUSTINE\.jdks\corretto-17.0.15\bin\java.exe
0x00007ffb07490000 - 0x00007ffb07688000 	C:\WINDOWS\SYSTEM32\ntdll.dll
0x00007ffb05dc0000 - 0x00007ffb05e82000 	C:\WINDOWS\System32\KERNEL32.DLL
0x00007ffb04eb0000 - 0x00007ffb051a6000 	C:\WINDOWS\System32\KERNELBASE.dll
0x00007ffb051b0000 - 0x00007ffb052b0000 	C:\WINDOWS\System32\ucrtbase.dll
0x00007ffafbf80000 - 0x00007ffafbf97000 	C:\Users\JUSTINE\.jdks\corretto-17.0.15\bin\jli.dll
0x00007ffafb270000 - 0x00007ffafb28b000 	C:\Users\JUSTINE\.jdks\corretto-17.0.15\bin\VCRUNTIME140.dll
0x00007ffb05f00000 - 0x00007ffb060a1000 	C:\WINDOWS\System32\USER32.dll
0x00007ffb04cd0000 - 0x00007ffb04cf2000 	C:\WINDOWS\System32\win32u.dll
0x00007ffaeea60000 - 0x00007ffaeecfb000 	C:\WINDOWS\WinSxS\amd64_microsoft.windows.common-controls_6595b64144ccf1df_6.0.19041.6456_none_60b8a6cb71f64256\COMCTL32.dll
0x00007ffb05ac0000 - 0x00007ffb05b5e000 	C:\WINDOWS\System32\msvcrt.dll
0x00007ffb054e0000 - 0x00007ffb0550b000 	C:\WINDOWS\System32\GDI32.dll
0x00007ffb04d90000 - 0x00007ffb04ea9000 	C:\WINDOWS\System32\gdi32full.dll
0x00007ffb05410000 - 0x00007ffb054ad000 	C:\WINDOWS\System32\msvcp_win.dll
0x00007ffb054b0000 - 0x00007ffb054df000 	C:\WINDOWS\System32\IMM32.DLL
0x00007ffafb220000 - 0x00007ffafb22c000 	C:\Users\JUSTINE\.jdks\corretto-17.0.15\bin\vcruntime140_1.dll
0x00007ffad26e0000 - 0x00007ffad276d000 	C:\Users\JUSTINE\.jdks\corretto-17.0.15\bin\msvcp140.dll
0x00007ffa8b6c0000 - 0x00007ffa8c32c000 	C:\Users\JUSTINE\.jdks\corretto-17.0.15\bin\server\jvm.dll
0x00007ffb07390000 - 0x00007ffb07441000 	C:\WINDOWS\System32\ADVAPI32.dll
0x00007ffb060b0000 - 0x00007ffb0614f000 	C:\WINDOWS\System32\sechost.dll
0x00007ffb05c80000 - 0x00007ffb05da0000 	C:\WINDOWS\System32\RPCRT4.dll
0x00007ffb04bd0000 - 0x00007ffb04bf7000 	C:\WINDOWS\System32\bcrypt.dll
0x00007ffb05e90000 - 0x00007ffb05efb000 	C:\WINDOWS\System32\WS2_32.dll
0x00007ffb040b0000 - 0x00007ffb040fb000 	C:\WINDOWS\SYSTEM32\POWRPROF.dll
0x00007ffafaf00000 - 0x00007ffafaf27000 	C:\WINDOWS\SYSTEM32\WINMM.dll
0x00007ffaf8080000 - 0x00007ffaf808a000 	C:\WINDOWS\SYSTEM32\VERSION.dll
0x00007ffb03f20000 - 0x00007ffb03f32000 	C:\WINDOWS\SYSTEM32\UMPDC.dll
0x00007ffb03330000 - 0x00007ffb03342000 	C:\WINDOWS\SYSTEM32\kernel.appcore.dll
0x00007ffafaed0000 - 0x00007ffafaeda000 	C:\Users\JUSTINE\.jdks\corretto-17.0.15\bin\jimage.dll
0x00007ffb02940000 - 0x00007ffb02b41000 	C:\WINDOWS\SYSTEM32\DBGHELP.DLL
0x00007ffaeed30000 - 0x00007ffaeed64000 	C:\WINDOWS\SYSTEM32\dbgcore.DLL
0x00007ffb04d00000 - 0x00007ffb04d82000 	C:\WINDOWS\System32\bcryptPrimitives.dll
0x00007ffafaec0000 - 0x00007ffafaece000 	C:\Users\JUSTINE\.jdks\corretto-17.0.15\bin\instrument.dll
0x00007ffaea740000 - 0x00007ffaea765000 	C:\Users\JUSTINE\.jdks\corretto-17.0.15\bin\java.dll
0x00007ffad1870000 - 0x00007ffad1947000 	C:\Users\JUSTINE\.jdks\corretto-17.0.15\bin\jsvml.dll
0x00007ffb064c0000 - 0x00007ffb06c30000 	C:\WINDOWS\System32\SHELL32.dll
0x00007ffb02b70000 - 0x00007ffb03315000 	C:\WINDOWS\SYSTEM32\windows.storage.dll
0x00007ffb06f50000 - 0x00007ffb072a4000 	C:\WINDOWS\System32\combase.dll
0x00007ffb04570000 - 0x00007ffb0459b000 	C:\WINDOWS\SYSTEM32\Wldp.dll
0x00007ffb072b0000 - 0x00007ffb0737d000 	C:\WINDOWS\System32\OLEAUT32.dll
0x00007ffb06de0000 - 0x00007ffb06e8d000 	C:\WINDOWS\System32\SHCORE.dll
0x00007ffb06e90000 - 0x00007ffb06eeb000 	C:\WINDOWS\System32\shlwapi.dll
0x00007ffb04a50000 - 0x00007ffb04a74000 	C:\WINDOWS\SYSTEM32\profapi.dll
0x00007ffae7780000 - 0x00007ffae7798000 	C:\Users\JUSTINE\.jdks\corretto-17.0.15\bin\zip.dll
0x00007ffae7260000 - 0x00007ffae7279000 	C:\Users\JUSTINE\.jdks\corretto-17.0.15\bin\net.dll
0x00007ffafd830000 - 0x00007ffafd93a000 	C:\WINDOWS\SYSTEM32\WINHTTP.dll
0x00007ffb042b0000 - 0x00007ffb0431a000 	C:\WINDOWS\system32\mswsock.dll
0x00007ffae5c50000 - 0x00007ffae5c66000 	C:\Users\JUSTINE\.jdks\corretto-17.0.15\bin\nio.dll
0x00007ffae5ac0000 - 0x00007ffae5ada000 	C:\Program Files\JetBrains\IntelliJ IDEA Community Edition 2023.2.5\bin\breakgen64.dll
0x00007ffaec3b0000 - 0x00007ffaec3b9000 	C:\Users\JUSTINE\.jdks\corretto-17.0.15\bin\extnet.dll
0x00007ffaea4b0000 - 0x00007ffaea4be000 	C:\Users\JUSTINE\.jdks\corretto-17.0.15\bin\sunmscapi.dll
0x00007ffb052b0000 - 0x00007ffb0540d000 	C:\WINDOWS\System32\CRYPT32.dll
0x00007ffb045e0000 - 0x00007ffb04607000 	C:\WINDOWS\SYSTEM32\ncrypt.dll
0x00007ffb045a0000 - 0x00007ffb045db000 	C:\WINDOWS\SYSTEM32\NTASN1.dll
0x00007ffb044a0000 - 0x00007ffb044b8000 	C:\WINDOWS\SYSTEM32\CRYPTSP.dll
0x00007ffb03b60000 - 0x00007ffb03b98000 	C:\WINDOWS\system32\rsaenh.dll
0x00007ffb049d0000 - 0x00007ffb049fe000 	C:\WINDOWS\SYSTEM32\USERENV.dll
0x00007ffb044c0000 - 0x00007ffb044cc000 	C:\WINDOWS\SYSTEM32\CRYPTBASE.dll
0x00007ffb03f40000 - 0x00007ffb03f7b000 	C:\WINDOWS\SYSTEM32\IPHLPAPI.DLL
0x00007ffb062e0000 - 0x00007ffb062e8000 	C:\WINDOWS\System32\NSI.dll
0x00007ffafad00000 - 0x00007ffafad17000 	C:\WINDOWS\SYSTEM32\dhcpcsvc6.DLL
0x00007ffafaca0000 - 0x00007ffafacbd000 	C:\WINDOWS\SYSTEM32\dhcpcsvc.DLL
0x00007ffb03f90000 - 0x00007ffb0405a000 	C:\WINDOWS\SYSTEM32\DNSAPI.dll
0x00007ffafaeb0000 - 0x00007ffafaeb9000 	C:\Users\JUSTINE\.jdks\corretto-17.0.15\bin\management.dll
0x00007ffafa870000 - 0x00007ffafa87b000 	C:\Users\JUSTINE\.jdks\corretto-17.0.15\bin\management_ext.dll
0x00007ffb07380000 - 0x00007ffb07388000 	C:\WINDOWS\System32\PSAPI.DLL
0x00007ffaf8070000 - 0x00007ffaf807a000 	C:\Windows\System32\rasadhlp.dll
0x00007ffaf8460000 - 0x00007ffaf84e0000 	C:\WINDOWS\System32\fwpuclnt.dll

dbghelp: loaded successfully - version: 4.0.5 - missing functions: none
symbol engine: initialized successfully - sym options: 0x614 - pdb path: .;C:\Users\JUSTINE\.jdks\corretto-17.0.15\bin;C:\WINDOWS\SYSTEM32;C:\WINDOWS\WinSxS\amd64_microsoft.windows.common-controls_6595b64144ccf1df_6.0.19041.6456_none_60b8a6cb71f64256;C:\Users\JUSTINE\.jdks\corretto-17.0.15\bin\server;C:\Program Files\JetBrains\IntelliJ IDEA Community Edition 2023.2.5\bin

VM Arguments:
jvm_args: -javaagent:C:\Program Files\JetBrains\IntelliJ IDEA Community Edition 2023.2.5\lib\idea_rt.jar=51470:C:\Program Files\JetBrains\IntelliJ IDEA Community Edition 2023.2.5\bin -Dfile.encoding=UTF-8 
java_command: Meraki.Hub.Management.System.ManagementSystemApplication
java_class_path (initial): C:\Users\JUSTINE\Documents\Downloads\Management-System\target\classes;C:\Users\JUSTINE\.m2\repository\org\springframework\boot\spring-boot-starter-web\4.0.3\spring-boot-starter-web-4.0.3.jar;C:\Users\JUSTINE\.m2\repository\org\springframework\boot\spring-boot-starter-jackson\4.0.3\spring-boot-starter-jackson-4.0.3.jar;C:\Users\JUSTINE\.m2\repository\org\springframework\boot\spring-boot-jackson\4.0.3\spring-boot-jackson-4.0.3.jar;C:\Users\JUSTINE\.m2\repository\tools\jackson\core\jackson-databind\3.0.4\jackson-databind-3.0.4.jar;C:\Users\JUSTINE\.m2\repository\tools\jackson\core\jackson-core\3.0.4\jackson-core-3.0.4.jar;C:\Users\JUSTINE\.m2\repository\org\springframework\boot\spring-boot-starter-tomcat\4.0.3\spring-boot-starter-tomcat-4.0.3.jar;C:\Users\JUSTINE\.m2\repository\org\springframework\boot\spring-boot-starter-tomcat-runtime\4.0.3\spring-boot-starter-tomcat-runtime-4.0.3.jar;C:\Users\JUSTINE\.m2\repository\org\springframework\boot\spring-boot-web-server\4.0.3\spring-boot-web-server-4.0.3.jar;C:\Users\JUSTINE\.m2\repository\org\apache\tomcat\embed\tomcat-embed-core\11.0.18\tomcat-embed-core-11.0.18.jar;C:\Users\JUSTINE\.m2\repository\org\apache\tomcat\embed\tomcat-embed-el\11.0.18\tomcat-embed-el-11.0.18.jar;C:\Users\JUSTINE\.m2\repository\org\apache\tomcat\embed\tomcat-embed-websocket\11.0.18\tomcat-embed-websocket-11.0.18.jar;C:\Users\JUSTINE\.m2\repository\org\springframework\boot\spring-boot-tomcat\4.0.3\spring-boot-tomcat-4.0.3.jar;C:\Users\JUSTINE\.m2\repository\org\springframework\boot\spring-boot-http-converter\4.0.3\spring-boot-http-converter-4.0.3.jar;C:\Users\JUSTINE\.m2\repository\org\springframework\boot\spring-boot\4.0.3\spring-boot-4.0.3.jar;C:\Users\JUSTINE\.m2\repository\org\springframework\spring-context\7.0.5\spring-context-7.0.5.jar;C:\Users\JUSTINE\.m2\repository\org\springframework\spring-web\7.0.5\spring-web-7.0.5.jar;C:\Users\JUSTINE\.m2\repository\io\micrometer\micrometer-observation\1.16.3\micrometer-obs
Launcher Type: SUN_STANDARD

[Global flags]
     intx CICompilerCount                          = 3                                         {product} {ergonomic}
     uint ConcGCThreads                            = 1                                         {product} {ergonomic}
     uint G1ConcRefinementThreads                  = 4                                         {product} {ergonomic}
   size_t G1HeapRegionSize                         = 2097152                                   {product} {ergonomic}
    uintx GCDrainStackTargetSize                   = 64                                        {product} {ergonomic}
   size_t InitialHeapSize                          = 197132288                                 {product} {ergonomic}
   size_t MarkStackSize                            = 4194304                                   {product} {ergonomic}
   size_t MaxHeapSize                              = 3149922304                                {product} {ergonomic}
   size_t MaxNewSize                               = 1889533952                                {product} {ergonomic}
   size_t MinHeapDeltaBytes                        = 2097152                                   {product} {ergonomic}
   size_t MinHeapSize                              = 8388608                                   {product} {ergonomic}
    uintx NonNMethodCodeHeapSize                   = 5832780                                {pd product} {ergonomic}
    uintx NonProfiledCodeHeapSize                  = 122912730                              {pd product} {ergonomic}
    uintx ProfiledCodeHeapSize                     = 122912730                              {pd product} {ergonomic}
    uintx ReservedCodeCacheSize                    = 251658240                              {pd product} {ergonomic}
     bool SegmentedCodeCache                       = true                                      {product} {ergonomic}
   size_t SoftMaxHeapSize                          = 3149922304                             {manageable} {ergonomic}
     bool UseCompressedClassPointers               = true                           {product lp64_product} {ergonomic}
     bool UseCompressedOops                        = true                           {product lp64_product} {ergonomic}
     bool UseG1GC                                  = true                                      {product} {ergonomic}
     bool UseLargePagesIndividualAllocation        = false                                  {pd product} {ergonomic}

Logging:
Log output configuration:
 #0: stdout all=warning uptime,level,tags
 #1: stderr all=off uptime,level,tags

Environment Variables:
PATH=C:\Program Files (x86)\VMware\VMware Workstation\bin\;C:\OraHome_1;C:\app\JUSTINE\product\11.2.0\client_1\bin;C:\WINDOWS\system32;C:\WINDOWS;C:\WINDOWS\System32\Wbem;C:\WINDOWS\System32\WindowsPowerShell\v1.0\;C:\WINDOWS\System32\OpenSSH\;C:\Program Files\dotnet\;C:\Program Files\Git\cmd;C:\Program Files\MySQL\MySQL Shell 8.0\bin\;C:\Users\JUSTINE\AppData\Local\Microsoft\WindowsApps;C:\Users\JUSTINE\AppData\Local\Programs\Azure Data Studio\bin;C:\Users\JUSTINE\AppData\Local\Programs\Microsoft VS Code\bin;
USERNAME=JUSTINE
OS=Windows_NT
PROCESSOR_IDENTIFIER=Intel64 Family 6 Model 60 Stepping 3, GenuineIntel
TMP=C:\Users\JUSTINE\AppData\Local\Temp
TEMP=C:\Users\JUSTINE\AppData\Local\Temp



Periodic native trim disabled


---------------  S Y S T E M  ---------------

OS:
 Windows 10 , 64 bit Build 19041 (10.0.19041.5915)
OS uptime: 1 days 3:03 hours

CPU: total 4 (initial active 4) (2 cores per cpu, 2 threads per core) family 6 model 60 stepping 3 microcode 0x27, cx8, cmov, fxsr, ht, mmx, sse, sse2, sse3, ssse3, sse4.1, sse4.2, popcnt, lzcnt, tsc, tscinvbit, avx, avx2, aes, erms, clmul, bmi1, bmi2, fma, vzeroupper, clflush
Processor Information for all 4 processors :
  Max Mhz: 2494, Current Mhz: 2494, Mhz Limit: 2494

Memory: 4k page, system-wide physical 12008M (1087M free)
TotalPageFile size 14405M (AvailPageFile size 5M)
current process WorkingSet (physical memory assigned to process): 264M, peak: 267M
current process commit charge ("private bytes"): 293M, peak: 325M

vm_info: OpenJDK 64-Bit Server VM (17.0.15+6-LTS) for windows-amd64 JRE (17.0.15+6-LTS), built on Apr  9 2025 23:33:55 by "Administrator" with MS VC++ 16.10 / 16.11 (VS2019)

END.
