#
# There is insufficient memory for the Java Runtime Environment to continue.
# Native memory allocation (malloc) failed to allocate 1236064 bytes. Error detail: Chunk::new
# Possible reasons:
#   The system is out of physical RAM or swap space
#   This process is running with CompressedOops enabled, and the Java Heap may be blocking the growth of the native heap
# Possible solutions:
#   Reduce memory load on the system
#   Increase physical memory or swap space
#   Check if swap backing store is full
#   Decrease Java heap size (-Xmx/-Xms)
#   Decrease number of Java threads
#   Decrease Java thread stack sizes (-Xss)
#   Set larger code cache with -XX:ReservedCodeCacheSize=
#   JVM is running with Zero Based Compressed Oops mode in which the Java heap is
#     placed in the first 32GB address space. The Java Heap base address is the
#     maximum limit for the native heap growth. Please use -XX:HeapBaseMinAddress
#     to set the Java Heap base and to place the Java Heap above 32GB virtual address.
# This output file may be truncated or incomplete.
#
#  Out of Memory Error (arena.cpp:191), pid=6404, tid=7332
#
# JRE version: OpenJDK Runtime Environment Corretto-17.0.15.6.1 (17.0.15+6) (build 17.0.15+6-LTS)
# Java VM: OpenJDK 64-Bit Server VM Corretto-17.0.15.6.1 (17.0.15+6-LTS, mixed mode, sharing, tiered, compressed oops, compressed class ptrs, g1 gc, windows-amd64)
# No core dump will be written. Minidumps are not enabled by default on client versions of Windows
#

---------------  S U M M A R Y ------------

Command Line: -javaagent:C:\Program Files\JetBrains\IntelliJ IDEA Community Edition 2023.2.5\lib\idea_rt.jar=51466:C:\Program Files\JetBrains\IntelliJ IDEA Community Edition 2023.2.5\bin -Dfile.encoding=UTF-8 Meraki.Hub.Management.System.ManagementSystemApplication

Host: Intel(R) Core(TM) i5-4200M CPU @ 2.50GHz, 4 cores, 11G,  Windows 10 , 64 bit Build 19041 (10.0.19041.5915)
Time: Tue Mar 10 12:49:56 2026 E. Africa Standard Time elapsed time: 28.720077 seconds (0d 0h 0m 28s)

---------------  T H R E A D  ---------------

Current thread (0x0000017ef35275d0):  JavaThread "C2 CompilerThread1" daemon [_thread_in_native, id=7332, stack(0x0000004884600000,0x0000004884700000)]


Current CompileTask:
C2:  28720 5914       4       org.antlr.v4.runtime.atn.PredictionContext::mergeSingletons (392 bytes)

Stack: [0x0000004884600000,0x0000004884700000]
Native frames: (J=compiled Java code, j=interpreted, Vv=VM code, C=native code)
V  [jvm.dll+0x681149]
V  [jvm.dll+0x838b5a]
V  [jvm.dll+0x83a61e]
V  [jvm.dll+0x83ac83]
V  [jvm.dll+0x24837f]
V  [jvm.dll+0xaca54]
V  [jvm.dll+0xad09c]
V  [jvm.dll+0x367a37]
V  [jvm.dll+0x1bd4d2]
V  [jvm.dll+0x21aa19]
V  [jvm.dll+0x219d01]
V  [jvm.dll+0x1a59fd]
V  [jvm.dll+0x229a5d]
V  [jvm.dll+0x227bec]
V  [jvm.dll+0x7eda37]
V  [jvm.dll+0x7e7f8c]
V  [jvm.dll+0x680017]
C  [ucrtbase.dll+0x21bb2]
C  [KERNEL32.DLL+0x17374]
C  [ntdll.dll+0x4cc91]


---------------  P R O C E S S  ---------------

Threads class SMR info:
_java_thread_list=0x0000017ef4187c00, length=19, elements={
0x0000017ecc890f60, 0x0000017eec81c690, 0x0000017eec81d420, 0x0000017eec832210,
0x0000017eec835000, 0x0000017eec836a90, 0x0000017eec837360, 0x0000017eec838fd0,
0x0000017eec83de40, 0x0000017eec8416a0, 0x0000017eeca40aa0, 0x0000017eecc8bf50,
0x0000017ef12b81e0, 0x0000017ef1e934a0, 0x0000017ef1e92a80, 0x0000017ef1e94df0,
0x0000017ef5859c90, 0x0000017ef5858850, 0x0000017ef35275d0
}

Java Threads: ( => current thread )
  0x0000017ecc890f60 JavaThread "main" [_thread_in_Java, id=7796, stack(0x0000004882c00000,0x0000004882d00000)]
  0x0000017eec81c690 JavaThread "Reference Handler" daemon [_thread_blocked, id=1364, stack(0x0000004883300000,0x0000004883400000)]
  0x0000017eec81d420 JavaThread "Finalizer" daemon [_thread_blocked, id=220, stack(0x0000004883400000,0x0000004883500000)]
  0x0000017eec832210 JavaThread "Signal Dispatcher" daemon [_thread_blocked, id=14728, stack(0x0000004883500000,0x0000004883600000)]
  0x0000017eec835000 JavaThread "Attach Listener" daemon [_thread_blocked, id=3564, stack(0x0000004883600000,0x0000004883700000)]
  0x0000017eec836a90 JavaThread "Service Thread" daemon [_thread_blocked, id=15876, stack(0x0000004883700000,0x0000004883800000)]
  0x0000017eec837360 JavaThread "Monitor Deflation Thread" daemon [_thread_blocked, id=13304, stack(0x0000004883800000,0x0000004883900000)]
  0x0000017eec838fd0 JavaThread "C2 CompilerThread0" daemon [_thread_in_native, id=16248, stack(0x0000004883900000,0x0000004883a00000)]
  0x0000017eec83de40 JavaThread "C1 CompilerThread0" daemon [_thread_blocked, id=8688, stack(0x0000004883a00000,0x0000004883b00000)]
  0x0000017eec8416a0 JavaThread "Sweeper thread" daemon [_thread_blocked, id=15780, stack(0x0000004883b00000,0x0000004883c00000)]
  0x0000017eeca40aa0 JavaThread "Common-Cleaner" daemon [_thread_blocked, id=15860, stack(0x0000004883c00000,0x0000004883d00000)]
  0x0000017eecc8bf50 JavaThread "Monitor Ctrl-Break" daemon [_thread_in_native, id=14948, stack(0x0000004883d00000,0x0000004883e00000)]
  0x0000017ef12b81e0 JavaThread "Notification Thread" daemon [_thread_blocked, id=3468, stack(0x0000004883e00000,0x0000004883f00000)]
  0x0000017ef1e934a0 JavaThread "PostgreSQL-JDBC-Cleaner" daemon [_thread_blocked, id=16928, stack(0x0000004884500000,0x0000004884600000)]
  0x0000017ef1e92a80 JavaThread "HikariPool-1:housekeeper" daemon [_thread_blocked, id=13684, stack(0x0000004884700000,0x0000004884800000)]
  0x0000017ef1e94df0 JavaThread "Catalina-utility-1" [_thread_blocked, id=7316, stack(0x0000004884800000,0x0000004884900000)]
  0x0000017ef5859c90 JavaThread "Catalina-utility-2" [_thread_blocked, id=7416, stack(0x0000004884900000,0x0000004884a00000)]
  0x0000017ef5858850 JavaThread "container-0" [_thread_blocked, id=12220, stack(0x0000004884a00000,0x0000004884b00000)]
=>0x0000017ef35275d0 JavaThread "C2 CompilerThread1" daemon [_thread_in_native, id=7332, stack(0x0000004884600000,0x0000004884700000)]

Other Threads:
  0x0000017eec816c80 VMThread "VM Thread" [stack: 0x0000004883200000,0x0000004883300000] [id=5828]
  0x0000017ef12b96e0 WatcherThread [stack: 0x0000004883f00000,0x0000004884000000] [id=14520]
  0x0000017eca73ec60 GCTaskThread "GC Thread#0" [stack: 0x0000004882d00000,0x0000004882e00000] [id=12564]
  0x0000017ef13bced0 GCTaskThread "GC Thread#1" [stack: 0x0000004884100000,0x0000004884200000] [id=2976]
  0x0000017ef13bd190 GCTaskThread "GC Thread#2" [stack: 0x0000004884200000,0x0000004884300000] [id=11932]
  0x0000017ef138dc00 GCTaskThread "GC Thread#3" [stack: 0x0000004884300000,0x0000004884400000] [id=16980]
  0x0000017ecc8ef790 ConcurrentGCThread "G1 Main Marker" [stack: 0x0000004882e00000,0x0000004882f00000] [id=7444]
  0x0000017ecc8f00c0 ConcurrentGCThread "G1 Conc#0" [stack: 0x0000004882f00000,0x0000004883000000] [id=3120]
  0x0000017ecc92d3e0 ConcurrentGCThread "G1 Refine#0" [stack: 0x0000004883000000,0x0000004883100000] [id=9416]
  0x0000017ef2e336d0 ConcurrentGCThread "G1 Refine#1" [stack: 0x0000004884400000,0x0000004884500000] [id=16772]
  0x0000017eec6e30d0 ConcurrentGCThread "G1 Service" [stack: 0x0000004883100000,0x0000004883200000] [id=8980]

Threads with active compile tasks:
C2 CompilerThread0    28813 5977       4       org.antlr.v4.runtime.misc.Array2DHashSet::getOrAddImpl (146 bytes)
C2 CompilerThread1    28813 5914       4       org.antlr.v4.runtime.atn.PredictionContext::mergeSingletons (392 bytes)

VM state: not at safepoint (normal execution)

VM Mutex/Monitor currently owned by a thread: None

Heap address: 0x0000000744400000, size: 3004 MB, Compressed Oops mode: Zero based, Oop shift amount: 3

CDS archive(s) mapped at: [0x0000017e80000000-0x0000017e80bb0000-0x0000017e80bb0000), size 12255232, SharedBaseAddress: 0x0000017e80000000, ArchiveRelocationMode: 1.
Compressed class space mapped at: 0x0000017e81000000-0x0000017ec1000000, reserved size: 1073741824
Narrow klass base: 0x0000017e80000000, Narrow klass shift: 0, Narrow klass range: 0x100000000

GC Precious Log:
 CPUs: 4 total, 4 available
 Memory: 12008M
 Large Page Support: Disabled
 NUMA Support: Disabled
 Compressed Oops: Enabled (Zero based)
 Heap Region Size: 2M
 Heap Min Capacity: 8M
 Heap Initial Capacity: 188M
 Heap Max Capacity: 3004M
 Pre-touch: Disabled
 Parallel Workers: 4
 Concurrent Workers: 1
 Concurrent Refinement Workers: 4
 Periodic GC: Disabled

Heap:
 garbage-first heap   total 61440K, used 41456K [0x0000000744400000, 0x0000000800000000)
  region size 2048K, 10 young (20480K), 2 survivors (4096K)
 Metaspace       used 71891K, committed 72448K, reserved 1114112K
  class space    used 10243K, committed 10496K, reserved 1048576K

Heap Regions: E=young(eden), S=young(survivor), O=old, HS=humongous(starts), HC=humongous(continues), CS=collection set, F=free, OA=open archive, CA=closed archive, TAMS=top-at-mark-start (previous, next)
|   0|0x0000000744400000, 0x0000000744600000, 0x0000000744600000|100%| O|  |TAMS 0x0000000744600000, 0x0000000744400000| Untracked 
|   1|0x0000000744600000, 0x0000000744800000, 0x0000000744800000|100%| O|  |TAMS 0x0000000744800000, 0x0000000744600000| Untracked 
|   2|0x0000000744800000, 0x0000000744a00000, 0x0000000744a00000|100%| O|  |TAMS 0x0000000744a00000, 0x0000000744800000| Untracked 
|   3|0x0000000744a00000, 0x0000000744c00000, 0x0000000744c00000|100%| O|  |TAMS 0x0000000744c00000, 0x0000000744a00000| Untracked 
|   4|0x0000000744c00000, 0x0000000744e00000, 0x0000000744e00000|100%| O|  |TAMS 0x0000000744e00000, 0x0000000744c00000| Untracked 
|   5|0x0000000744e00000, 0x0000000745000000, 0x0000000745000000|100%| O|  |TAMS 0x0000000745000000, 0x0000000744e00000| Untracked 
|   6|0x0000000745000000, 0x0000000745200000, 0x0000000745200000|100%| O|  |TAMS 0x0000000745200000, 0x0000000745000000| Untracked 
|   7|0x0000000745200000, 0x0000000745400000, 0x0000000745400000|100%| O|  |TAMS 0x0000000745400000, 0x0000000745200000| Untracked 
|   8|0x0000000745400000, 0x0000000745600000, 0x0000000745600000|100%| O|  |TAMS 0x0000000745439400, 0x0000000745400000| Untracked 
|   9|0x0000000745600000, 0x0000000745800000, 0x0000000745800000|100%| O|  |TAMS 0x0000000745800000, 0x0000000745600000| Untracked 
|  10|0x0000000745800000, 0x0000000745a00000, 0x0000000745a00000|100%| O|  |TAMS 0x0000000745a00000, 0x0000000745800000| Untracked 
|  11|0x0000000745a00000, 0x0000000745c00000, 0x0000000745c00000|100%| O|  |TAMS 0x0000000745c00000, 0x0000000745a00000| Untracked 
|  12|0x0000000745c00000, 0x0000000745d6ee00, 0x0000000745e00000| 71%| O|  |TAMS 0x0000000745c00000, 0x0000000745c00000| Untracked 
|  13|0x0000000745e00000, 0x0000000745e00000, 0x0000000746000000|  0%| F|  |TAMS 0x0000000745e00000, 0x0000000745e00000| Untracked 
|  14|0x0000000746000000, 0x0000000746000000, 0x0000000746200000|  0%| F|  |TAMS 0x0000000746000000, 0x0000000746000000| Untracked 
|  15|0x0000000746200000, 0x0000000746200000, 0x0000000746400000|  0%| F|  |TAMS 0x0000000746200000, 0x0000000746200000| Untracked 
|  16|0x0000000746400000, 0x000000074650d250, 0x0000000746600000| 52%| S|CS|TAMS 0x0000000746400000, 0x0000000746400000| Complete 
|  17|0x0000000746600000, 0x0000000746600000, 0x0000000746800000|  0%| F|  |TAMS 0x0000000746600000, 0x0000000746600000| Untracked 
|  18|0x0000000746800000, 0x0000000746800000, 0x0000000746a00000|  0%| F|  |TAMS 0x0000000746800000, 0x0000000746800000| Untracked 
|  19|0x0000000746a00000, 0x0000000746c00000, 0x0000000746c00000|100%| S|CS|TAMS 0x0000000746a00000, 0x0000000746a00000| Complete 
|  20|0x0000000746c00000, 0x0000000746c00000, 0x0000000746e00000|  0%| F|  |TAMS 0x0000000746c00000, 0x0000000746c00000| Untracked 
|  21|0x0000000746e00000, 0x0000000746e00000, 0x0000000747000000|  0%| F|  |TAMS 0x0000000746e00000, 0x0000000746e00000| Untracked 
|  22|0x0000000747000000, 0x000000074705a980, 0x0000000747200000| 17%| E|  |TAMS 0x0000000747000000, 0x0000000747000000| Complete 
|  23|0x0000000747200000, 0x0000000747400000, 0x0000000747400000|100%| E|CS|TAMS 0x0000000747200000, 0x0000000747200000| Complete 
|  24|0x0000000747400000, 0x0000000747600000, 0x0000000747600000|100%| E|CS|TAMS 0x0000000747400000, 0x0000000747400000| Complete 
|  59|0x000000074ba00000, 0x000000074bc00000, 0x000000074bc00000|100%| E|CS|TAMS 0x000000074ba00000, 0x000000074ba00000| Complete 
|  60|0x000000074bc00000, 0x000000074be00000, 0x000000074be00000|100%| E|  |TAMS 0x000000074bc00000, 0x000000074bc00000| Complete 
|  61|0x000000074be00000, 0x000000074c000000, 0x000000074c000000|100%| E|CS|TAMS 0x000000074be00000, 0x000000074be00000| Complete 
|  62|0x000000074c000000, 0x000000074c200000, 0x000000074c200000|100%| E|CS|TAMS 0x000000074c000000, 0x000000074c000000| Complete 
|  93|0x000000074fe00000, 0x0000000750000000, 0x0000000750000000|100%| E|CS|TAMS 0x000000074fe00000, 0x000000074fe00000| Complete 

Card table byte_map: [0x0000017ee39b0000,0x0000017ee3f90000] _byte_map_base: 0x0000017edff8e000

Marking Bits (Prev, Next): (CMBitMap*) 0x0000017ecc8e32e0, (CMBitMap*) 0x0000017ecc8e32a0
 Prev Bits: [0x0000017ee7460000, 0x0000017eea350000)
 Next Bits: [0x0000017ee4570000, 0x0000017ee7460000)

Polling page: 0x0000017ecc040000

Metaspace:

Usage:
  Non-class:     60.20 MB used.
      Class:     10.00 MB used.
       Both:     70.21 MB used.

Virtual space:
  Non-class space:       64.00 MB reserved,      60.50 MB ( 95%) committed,  1 nodes.
      Class space:        1.00 GB reserved,      10.25 MB (  1%) committed,  1 nodes.
             Both:        1.06 GB reserved,      70.75 MB (  7%) committed. 

Chunk freelists:
   Non-Class:  3.14 MB
       Class:  5.69 MB
        Both:  8.83 MB

MaxMetaspaceSize: unlimited
CompressedClassSpaceSize: 1.00 GB
Initial GC threshold: 21.00 MB
Current GC threshold: 98.56 MB
CDS: on
MetaspaceReclaimPolicy: balanced
 - commit_granule_bytes: 65536.
 - commit_granule_words: 8192.
 - virtual_space_node_default_size: 8388608.
 - enlarge_chunks_in_place: 1.
 - new_chunks_are_fully_committed: 0.
 - uncommit_free_chunks: 1.
 - use_allocation_guard: 0.
 - handle_deallocations: 1.


Internal statistics:

num_allocs_failed_limit: 9.
num_arena_births: 776.
num_arena_deaths: 0.
num_vsnodes_births: 2.
num_vsnodes_deaths: 0.
num_space_committed: 1132.
num_space_uncommitted: 0.
num_chunks_returned_to_freelist: 9.
num_chunks_taken_from_freelist: 3379.
num_chunk_merges: 9.
num_chunk_splits: 2522.
num_chunks_enlarged: 2047.
num_inconsistent_stats: 0.

CodeHeap 'non-profiled nmethods': size=120000Kb used=4191Kb max_used=4191Kb free=115808Kb
 bounds [0x0000017edbea0000, 0x0000017edc2c0000, 0x0000017ee33d0000]
CodeHeap 'profiled nmethods': size=120000Kb used=10001Kb max_used=10204Kb free=109998Kb
 bounds [0x0000017ed43d0000, 0x0000017ed4de0000, 0x0000017edb900000]
CodeHeap 'non-nmethods': size=5760Kb used=1338Kb max_used=1394Kb free=4421Kb
 bounds [0x0000017edb900000, 0x0000017edbb70000, 0x0000017edbea0000]
 total_blobs=5869 nmethods=5199 adapters=582
 compilation: enabled
              stopped_count=0, restarted_count=0
 full_count=0

Compilation events (20 events):
Event: 28.494 Thread 0x0000017eec838fd0 5905       4       org.antlr.v4.runtime.atn.ATNConfigSet$ConfigEqualityComparator::equals (13 bytes)
Event: 28.497 Thread 0x0000017eec838fd0 nmethod 5905 0x0000017edc2ad410 code [0x0000017edc2ad5a0, 0x0000017edc2ad778]
Event: 28.497 Thread 0x0000017eec838fd0 5907       4       org.antlr.v4.runtime.atn.ATNConfigSet::add (142 bytes)
Event: 28.565 Thread 0x0000017eec838fd0 nmethod 5907 0x0000017edc2ad990 code [0x0000017edc2adbe0, 0x0000017edc2af928]
Event: 28.566 Thread 0x0000017eec838fd0 5900       4       org.antlr.v4.runtime.atn.ATNConfigSet$ConfigEqualityComparator::hashCode (9 bytes)
Event: 28.567 Thread 0x0000017eec838fd0 nmethod 5900 0x0000017edc2b0510 code [0x0000017edc2b06a0, 0x0000017edc2b0808]
Event: 28.568 Thread 0x0000017eec838fd0 5901       4       org.antlr.v4.runtime.atn.ATNConfigSet$ConfigEqualityComparator::hashCode (41 bytes)
Event: 28.569 Thread 0x0000017eec838fd0 nmethod 5901 0x0000017edc2b0990 code [0x0000017edc2b0b20, 0x0000017edc2b0c68]
Event: 28.569 Thread 0x0000017eec838fd0 5921       4       org.antlr.v4.runtime.atn.SingletonPredictionContext::<init> (49 bytes)
Event: 28.572 Thread 0x0000017eec838fd0 nmethod 5921 0x0000017edc2b0d90 code [0x0000017edc2b0f00, 0x0000017edc2b1118]
Event: 28.572 Thread 0x0000017eec838fd0 5924       4       org.antlr.v4.runtime.atn.ArrayPredictionContext::<init> (66 bytes)
Event: 28.582 Thread 0x0000017eec838fd0 nmethod 5924 0x0000017edc2b1210 code [0x0000017edc2b13a0, 0x0000017edc2b1958]
Event: 28.582 Thread 0x0000017eec838fd0 5934       4       org.antlr.v4.runtime.atn.PredictionContext::mergeRoot (156 bytes)
Event: 28.582 Thread 0x0000017eec838fd0 nmethod 5934 0x0000017edc2b1b90 code [0x0000017edc2b1d00, 0x0000017edc2b1db8]
Event: 28.583 Thread 0x0000017eec838fd0 5940       4       org.antlr.v4.runtime.atn.ATNConfig::hashCode (53 bytes)
Event: 28.585 Thread 0x0000017eec838fd0 nmethod 5940 0x0000017edc2b1e90 code [0x0000017edc2b2020, 0x0000017edc2b2238]
Event: 28.585 Thread 0x0000017eec838fd0 5892       4       org.antlr.v4.runtime.atn.ATNConfig::<init> (15 bytes)
Event: 28.588 Thread 0x0000017eec838fd0 nmethod 5892 0x0000017edc2b2310 code [0x0000017edc2b2480, 0x0000017edc2b27b8]
Event: 28.588 Thread 0x0000017eec838fd0 5928       4       org.antlr.v4.runtime.atn.ATNConfig::isPrecedenceFilterSuppressed (16 bytes)
Event: 28.589 Thread 0x0000017eec838fd0 nmethod 5928 0x0000017edc2b2890 code [0x0000017edc2b2a00, 0x0000017edc2b2a98]

GC Heap History (20 events):
Event: 12.359 GC heap before
{Heap before GC invocations=9 (full 0):
 garbage-first heap   total 61440K, used 20236K [0x0000000744400000, 0x0000000800000000)
  region size 2048K, 2 young (4096K), 1 survivors (2048K)
 Metaspace       used 35525K, committed 35968K, reserved 1114112K
  class space    used 4583K, committed 4800K, reserved 1048576K
}
Event: 12.364 GC heap after
{Heap after GC invocations=10 (full 0):
 garbage-first heap   total 61440K, used 20290K [0x0000000744400000, 0x0000000800000000)
  region size 2048K, 1 young (2048K), 1 survivors (2048K)
 Metaspace       used 35525K, committed 35968K, reserved 1114112K
  class space    used 4583K, committed 4800K, reserved 1048576K
}
Event: 15.205 GC heap before
{Heap before GC invocations=11 (full 0):
 garbage-first heap   total 61440K, used 44866K [0x0000000744400000, 0x0000000800000000)
  region size 2048K, 13 young (26624K), 1 survivors (2048K)
 Metaspace       used 40259K, committed 40704K, reserved 1114112K
  class space    used 5543K, committed 5760K, reserved 1048576K
}
Event: 15.213 GC heap after
{Heap after GC invocations=12 (full 0):
 garbage-first heap   total 61440K, used 21921K [0x0000000744400000, 0x0000000800000000)
  region size 2048K, 2 young (4096K), 2 survivors (4096K)
 Metaspace       used 40259K, committed 40704K, reserved 1114112K
  class space    used 5543K, committed 5760K, reserved 1048576K
}
Event: 15.414 GC heap before
{Heap before GC invocations=12 (full 0):
 garbage-first heap   total 61440K, used 23969K [0x0000000744400000, 0x0000000800000000)
  region size 2048K, 3 young (6144K), 2 survivors (4096K)
 Metaspace       used 40679K, committed 41152K, reserved 1114112K
  class space    used 5609K, committed 5824K, reserved 1048576K
}
Event: 15.427 GC heap after
{Heap after GC invocations=13 (full 0):
 garbage-first heap   total 61440K, used 21497K [0x0000000744400000, 0x0000000800000000)
  region size 2048K, 1 young (2048K), 1 survivors (2048K)
 Metaspace       used 40679K, committed 41152K, reserved 1114112K
  class space    used 5609K, committed 5824K, reserved 1048576K
}
Event: 18.262 GC heap before
{Heap before GC invocations=13 (full 0):
 garbage-first heap   total 61440K, used 44025K [0x0000000744400000, 0x0000000800000000)
  region size 2048K, 12 young (24576K), 1 survivors (2048K)
 Metaspace       used 47056K, committed 47552K, reserved 1114112K
  class space    used 6381K, committed 6592K, reserved 1048576K
}
Event: 18.268 GC heap after
{Heap after GC invocations=14 (full 0):
 garbage-first heap   total 61440K, used 22836K [0x0000000744400000, 0x0000000800000000)
  region size 2048K, 1 young (2048K), 1 survivors (2048K)
 Metaspace       used 47056K, committed 47552K, reserved 1114112K
  class space    used 6381K, committed 6592K, reserved 1048576K
}
Event: 20.084 GC heap before
{Heap before GC invocations=14 (full 0):
 garbage-first heap   total 61440K, used 43316K [0x0000000744400000, 0x0000000800000000)
  region size 2048K, 12 young (24576K), 1 survivors (2048K)
 Metaspace       used 52417K, committed 52864K, reserved 1114112K
  class space    used 6985K, committed 7168K, reserved 1048576K
}
Event: 20.091 GC heap after
{Heap after GC invocations=15 (full 0):
 garbage-first heap   total 61440K, used 23748K [0x0000000744400000, 0x0000000800000000)
  region size 2048K, 2 young (4096K), 2 survivors (4096K)
 Metaspace       used 52417K, committed 52864K, reserved 1114112K
  class space    used 6985K, committed 7168K, reserved 1048576K
}
Event: 21.457 GC heap before
{Heap before GC invocations=15 (full 0):
 garbage-first heap   total 61440K, used 44228K [0x0000000744400000, 0x0000000800000000)
  region size 2048K, 13 young (26624K), 2 survivors (4096K)
 Metaspace       used 59087K, committed 59648K, reserved 1114112K
  class space    used 8098K, committed 8384K, reserved 1048576K
}
Event: 21.465 GC heap after
{Heap after GC invocations=16 (full 0):
 garbage-first heap   total 61440K, used 24388K [0x0000000744400000, 0x0000000800000000)
  region size 2048K, 1 young (2048K), 1 survivors (2048K)
 Metaspace       used 59087K, committed 59648K, reserved 1114112K
  class space    used 8098K, committed 8384K, reserved 1048576K
}
Event: 21.649 GC heap before
{Heap before GC invocations=16 (full 0):
 garbage-first heap   total 61440K, used 28484K [0x0000000744400000, 0x0000000800000000)
  region size 2048K, 4 young (8192K), 1 survivors (2048K)
 Metaspace       used 59772K, committed 60288K, reserved 1114112K
  class space    used 8173K, committed 8448K, reserved 1048576K
}
Event: 21.654 GC heap after
{Heap after GC invocations=17 (full 0):
 garbage-first heap   total 61440K, used 24689K [0x0000000744400000, 0x0000000800000000)
  region size 2048K, 1 young (2048K), 1 survivors (2048K)
 Metaspace       used 59772K, committed 60288K, reserved 1114112K
  class space    used 8173K, committed 8448K, reserved 1048576K
}
Event: 25.166 GC heap before
{Heap before GC invocations=18 (full 0):
 garbage-first heap   total 61440K, used 47217K [0x0000000744400000, 0x0000000800000000)
  region size 2048K, 13 young (26624K), 1 survivors (2048K)
 Metaspace       used 64457K, committed 65024K, reserved 1114112K
  class space    used 8940K, committed 9216K, reserved 1048576K
}
Event: 25.177 GC heap after
{Heap after GC invocations=19 (full 0):
 garbage-first heap   total 61440K, used 26033K [0x0000000744400000, 0x0000000800000000)
  region size 2048K, 2 young (4096K), 2 survivors (4096K)
 Metaspace       used 64457K, committed 65024K, reserved 1114112K
  class space    used 8940K, committed 9216K, reserved 1048576K
}
Event: 27.637 GC heap before
{Heap before GC invocations=19 (full 0):
 garbage-first heap   total 61440K, used 48561K [0x0000000744400000, 0x0000000800000000)
  region size 2048K, 13 young (26624K), 2 survivors (4096K)
 Metaspace       used 67747K, committed 68416K, reserved 1114112K
  class space    used 9349K, committed 9664K, reserved 1048576K
}
Event: 27.644 GC heap after
{Heap after GC invocations=20 (full 0):
 garbage-first heap   total 61440K, used 27702K [0x0000000744400000, 0x0000000800000000)
  region size 2048K, 2 young (4096K), 2 survivors (4096K)
 Metaspace       used 67747K, committed 68416K, reserved 1114112K
  class space    used 9349K, committed 9664K, reserved 1048576K
}
Event: 28.290 GC heap before
{Heap before GC invocations=20 (full 0):
 garbage-first heap   total 61440K, used 46134K [0x0000000744400000, 0x0000000800000000)
  region size 2048K, 12 young (24576K), 2 survivors (4096K)
 Metaspace       used 69931K, committed 70528K, reserved 1114112K
  class space    used 9816K, committed 10112K, reserved 1048576K
}
Event: 28.301 GC heap after
{Heap after GC invocations=21 (full 0):
 garbage-first heap   total 61440K, used 29168K [0x0000000744400000, 0x0000000800000000)
  region size 2048K, 2 young (4096K), 2 survivors (4096K)
 Metaspace       used 69931K, committed 70528K, reserved 1114112K
  class space    used 9816K, committed 10112K, reserved 1048576K
}

Dll operation events (13 events):
Event: 0.016 Loaded shared library C:\Users\JUSTINE\.jdks\corretto-17.0.15\bin\java.dll
Event: 0.049 Loaded shared library C:\Users\JUSTINE\.jdks\corretto-17.0.15\bin\jsvml.dll
Event: 0.236 Loaded shared library C:\Users\JUSTINE\.jdks\corretto-17.0.15\bin\zip.dll
Event: 0.240 Loaded shared library C:\Users\JUSTINE\.jdks\corretto-17.0.15\bin\instrument.dll
Event: 0.247 Loaded shared library C:\Users\JUSTINE\.jdks\corretto-17.0.15\bin\net.dll
Event: 0.250 Loaded shared library C:\Users\JUSTINE\.jdks\corretto-17.0.15\bin\nio.dll
Event: 0.253 Loaded shared library C:\Users\JUSTINE\.jdks\corretto-17.0.15\bin\zip.dll
Event: 1.018 Loaded shared library C:\Users\JUSTINE\.jdks\corretto-17.0.15\bin\jimage.dll
Event: 1.662 Loaded shared library C:\Program Files\JetBrains\IntelliJ IDEA Community Edition 2023.2.5\bin\breakgen64.dll
Event: 1.682 Loaded shared library C:\Users\JUSTINE\.jdks\corretto-17.0.15\bin\extnet.dll
Event: 3.663 Loaded shared library C:\Users\JUSTINE\.jdks\corretto-17.0.15\bin\sunmscapi.dll
Event: 8.641 Loaded shared library C:\Users\JUSTINE\.jdks\corretto-17.0.15\bin\management.dll
Event: 8.725 Loaded shared library C:\Users\JUSTINE\.jdks\corretto-17.0.15\bin\management_ext.dll

Deoptimization events (20 events):
Event: 28.259 Thread 0x0000017ecc890f60 Uncommon trap: trap_request=0xffffffd6 fr.pc=0x0000017edc2a1c34 relative=0x0000000000000e94
Event: 28.259 Thread 0x0000017ecc890f60 Uncommon trap: reason=array_check action=maybe_recompile pc=0x0000017edc2a1c34 method=org.antlr.v4.runtime.misc.Array2DHashSet.getOrAddImpl(Ljava/lang/Object;)Ljava/lang/Object; @ 74 c2
Event: 28.260 Thread 0x0000017ecc890f60 DEOPT PACKING pc=0x0000017edc2a1c34 sp=0x0000004882cfa320
Event: 28.260 Thread 0x0000017ecc890f60 DEOPT UNPACKING pc=0x0000017edb9569a3 sp=0x0000004882cfa2f0 mode 2
Event: 28.281 Thread 0x0000017ecc890f60 Uncommon trap: trap_request=0xffffff45 fr.pc=0x0000017edc29ce30 relative=0x00000000000001f0
Event: 28.281 Thread 0x0000017ecc890f60 Uncommon trap: reason=unstable_if action=reinterpret pc=0x0000017edc29ce30 method=java.util.HashMap.getNode(Ljava/lang/Object;)Ljava/util/HashMap$Node; @ 131 c2
Event: 28.281 Thread 0x0000017ecc890f60 DEOPT PACKING pc=0x0000017edc29ce30 sp=0x0000004882cf7a60
Event: 28.281 Thread 0x0000017ecc890f60 DEOPT UNPACKING pc=0x0000017edb9569a3 sp=0x0000004882cf7970 mode 2
Event: 28.285 Thread 0x0000017ecc890f60 Uncommon trap: trap_request=0xffffff45 fr.pc=0x0000017edc29c788 relative=0x00000000000001e8
Event: 28.285 Thread 0x0000017ecc890f60 Uncommon trap: reason=unstable_if action=reinterpret pc=0x0000017edc29c788 method=java.util.HashMap.getNode(Ljava/lang/Object;)Ljava/util/HashMap$Node; @ 131 c2
Event: 28.285 Thread 0x0000017ecc890f60 DEOPT PACKING pc=0x0000017edc29c788 sp=0x0000004882cf7010
Event: 28.285 Thread 0x0000017ecc890f60 DEOPT UNPACKING pc=0x0000017edb9569a3 sp=0x0000004882cf6f90 mode 2
Event: 28.303 Thread 0x0000017ecc890f60 Uncommon trap: trap_request=0xffffffd6 fr.pc=0x0000017edc2a70e0 relative=0x0000000000001120
Event: 28.303 Thread 0x0000017ecc890f60 Uncommon trap: reason=array_check action=maybe_recompile pc=0x0000017edc2a70e0 method=org.antlr.v4.runtime.misc.Array2DHashSet.getOrAddImpl(Ljava/lang/Object;)Ljava/lang/Object; @ 128 c2
Event: 28.303 Thread 0x0000017ecc890f60 DEOPT PACKING pc=0x0000017edc2a70e0 sp=0x0000004882cf84d0
Event: 28.303 Thread 0x0000017ecc890f60 DEOPT UNPACKING pc=0x0000017edb9569a3 sp=0x0000004882cf84a0 mode 2
Event: 28.303 Thread 0x0000017ecc890f60 Uncommon trap: trap_request=0xffffffd6 fr.pc=0x0000017edc2a70e0 relative=0x0000000000001120
Event: 28.303 Thread 0x0000017ecc890f60 Uncommon trap: reason=array_check action=maybe_recompile pc=0x0000017edc2a70e0 method=org.antlr.v4.runtime.misc.Array2DHashSet.getOrAddImpl(Ljava/lang/Object;)Ljava/lang/Object; @ 128 c2
Event: 28.303 Thread 0x0000017ecc890f60 DEOPT PACKING pc=0x0000017edc2a70e0 sp=0x0000004882cf8ca0
Event: 28.304 Thread 0x0000017ecc890f60 DEOPT UNPACKING pc=0x0000017edb9569a3 sp=0x0000004882cf8c70 mode 2

Classes loaded (20 events):
Event: 27.521 Loading class java/io/OptionalDataException
Event: 27.522 Loading class java/io/OptionalDataException done
Event: 27.523 Loading class jdk/internal/reflect/SerializationConstructorAccessorImpl
Event: 27.523 Loading class jdk/internal/reflect/SerializationConstructorAccessorImpl done
Event: 27.580 Loading class java/util/regex/Pattern$Neg
Event: 27.580 Loading class java/util/regex/Pattern$Neg done
Event: 27.583 Loading class java/util/regex/Pattern$Bound
Event: 27.584 Loading class java/util/regex/Pattern$Bound done
Event: 27.586 Loading class java/util/regex/Pattern$LookBehindEndNode
Event: 27.586 Loading class java/util/regex/Pattern$LookBehindEndNode done
Event: 27.586 Loading class java/util/regex/Pattern$NotBehind
Event: 27.586 Loading class java/util/regex/Pattern$NotBehind done
Event: 27.589 Loading class java/util/regex/Pattern$Behind
Event: 27.589 Loading class java/util/regex/Pattern$Behind done
Event: 27.647 Loading class java/util/EmptyStackException
Event: 27.647 Loading class java/util/EmptyStackException done
Event: 27.901 Loading class java/io/InvalidClassException
Event: 27.901 Loading class java/io/InvalidClassException done
Event: 27.911 Loading class java/util/ArrayList$ListItr
Event: 27.911 Loading class java/util/ArrayList$ListItr done

Classes unloaded (0 events):
No events

Classes redefined (0 events):
No events

Internal exceptions (20 events):
Event: 21.863 Thread 0x0000017ecc890f60 Exception <a 'java/lang/NoSuchMethodError'{0x000000074c03bec0}: 'void java.lang.invoke.DirectMethodHandle$Holder.invokeInterface(java.lang.Object, java.lang.Object, int, java.lang.Object)'> (0x000000074c03bec0) 
thrown [s\src\hotspot\share\interpreter\linkResolver.cpp, line 759]
Event: 21.879 Thread 0x0000017ecc890f60 Exception <a 'java/lang/NoSuchMethodError'{0x000000074c06fab8}: 'java.lang.Object java.lang.invoke.DirectMethodHandle$Holder.newInvokeSpecial(java.lang.Object, java.lang.Object, int, java.lang.Object)'> (0x000000074c06fab8) 
thrown [s\src\hotspot\share\interpreter\linkResolver.cpp, line 759]
Event: 22.312 Thread 0x0000017ecc890f60 Exception <a 'java/lang/NoSuchMethodError'{0x000000074bed7ae8}: 'int java.lang.invoke.DirectMethodHandle$Holder.invokeStatic(java.lang.Object, int, java.lang.Object)'> (0x000000074bed7ae8) 
thrown [s\src\hotspot\share\interpreter\linkResolver.cpp, line 759]
Event: 22.323 Thread 0x0000017ecc890f60 Exception <a 'java/lang/NoSuchMethodError'{0x000000074bf358a0}: 'java.lang.Object java.lang.invoke.DirectMethodHandle$Holder.newInvokeSpecial(java.lang.Object, java.lang.Object, java.lang.Object, java.lang.Object, java.lang.Object, java.lang.Object, java.lang.Object, java.lang.Object, java.lang.Object, java.lang.Object, java.lang.Object, java.lang.Object)'> (0x000000074bf358a0) 
thrown [s\src\hotspot\share\interpreter\linkResolver.cpp, line 759]
Event: 22.323 Thread 0x0000017ecc890f60 Exception <a 'java/lang/NoSuchMethodError'{0x000000074bf3ab30}: 'java.lang.Object java.lang.invoke.DirectMethodHandle$Holder.invokeSpecial(java.lang.Object, java.lang.Object, java.lang.Object, java.lang.Object, java.lang.Object, java.lang.Object, java.lang.Object, java.lang.Object, java.lang.Object, java.lang.Object, java.lang.Object, java.lang.Object, java.lang.Object)'> (0x000000074bf3ab30) 
thrown [s\src\hotspot\share\interpreter\linkResolver.cpp, line 759]
Event: 22.323 Thread 0x0000017ecc890f60 Exception <a 'java/lang/NoSuchMethodError'{0x000000074bf406f0}: 'java.lang.Object java.lang.invoke.Invokers$Holder.linkToTargetMethod(java.lang.Object, java.lang.Object, java.lang.Object, java.lang.Object, java.lang.Object, java.lang.Object, java.lang.Object, java.lang.Object, java.lang.Object, java.lang.Object, java.lang.Object, java.lang.Object)'> (0x000000074bf406f0) 
thrown [s\src\hotspot\share\interpreter\linkResolver.cpp, line 759]
Event: 22.665 Thread 0x0000017ecc890f60 Exception <a 'java/lang/IncompatibleClassChangeError'{0x000000074bab4710}: Found class java.lang.Object, but interface was expected> (0x000000074bab4710) 
thrown [s\src\hotspot\share\interpreter\linkResolver.cpp, line 826]
Event: 22.728 Thread 0x0000017ecc890f60 Exception <a 'java/lang/NoSuchMethodError'{0x000000074bb4fa60}: 'java.lang.Object java.lang.invoke.DirectMethodHandle$Holder.newInvokeSpecial(java.lang.Object, java.lang.Object, int, java.lang.Object, int, java.lang.Object, java.lang.Object)'> (0x000000074bb4fa60) 
thrown [s\src\hotspot\share\interpreter\linkResolver.cpp, line 759]
Event: 23.825 Thread 0x0000017ecc890f60 Exception <a 'java/lang/IncompatibleClassChangeError'{0x0000000746ae0d18}: Found class java.lang.Object, but interface was expected> (0x0000000746ae0d18) 
thrown [s\src\hotspot\share\interpreter\linkResolver.cpp, line 826]
Event: 24.537 Thread 0x0000017ecc890f60 Exception <a 'java/lang/IncompatibleClassChangeError'{0x0000000746902f58}: Found class java.lang.Object, but interface was expected> (0x0000000746902f58) 
thrown [s\src\hotspot\share\interpreter\linkResolver.cpp, line 826]
Event: 25.614 Thread 0x0000017ecc890f60 Exception <a 'java/lang/reflect/InvocationTargetException'{0x000000074bc251e0}> (0x000000074bc251e0) 
thrown [s\src\hotspot\share\runtime\reflection.cpp, line 1128]
Event: 25.663 Thread 0x0000017ecc890f60 Exception <a 'java/lang/IncompatibleClassChangeError'{0x000000074bce8a68}: Found class java.lang.Object, but interface was expected> (0x000000074bce8a68) 
thrown [s\src\hotspot\share\interpreter\linkResolver.cpp, line 826]
Event: 25.696 Thread 0x0000017ecc890f60 Exception <a 'java/lang/reflect/InvocationTargetException'{0x000000074bd0b3f0}> (0x000000074bd0b3f0) 
thrown [s\src\hotspot\share\runtime\reflection.cpp, line 1128]
Event: 26.462 Thread 0x0000017ecc890f60 Exception <a 'java/lang/NoSuchMethodError'{0x0000000747533670}: 'long java.lang.invoke.DirectMethodHandle$Holder.invokeVirtual(java.lang.Object, java.lang.Object)'> (0x0000000747533670) 
thrown [s\src\hotspot\share\interpreter\linkResolver.cpp, line 759]
Event: 26.927 Thread 0x0000017ecc890f60 Exception <a 'java/lang/NoSuchMethodError'{0x00000007472c2c40}: 'void java.lang.invoke.DirectMethodHandle$Holder.invokeVirtual(java.lang.Object, java.lang.Object, long)'> (0x00000007472c2c40) 
thrown [s\src\hotspot\share\interpreter\linkResolver.cpp, line 759]
Event: 27.127 Thread 0x0000017ecc890f60 Exception <a 'java/lang/reflect/InvocationTargetException'{0x00000007470f9750}> (0x00000007470f9750) 
thrown [s\src\hotspot\share\runtime\reflection.cpp, line 1128]
Event: 27.430 Thread 0x0000017ecc890f60 Exception <a 'java/lang/NoSuchMethodError'{0x0000000746cdc2b0}: 'int java.lang.invoke.DirectMethodHandle$Holder.invokeStaticInit(java.lang.Object, int, java.lang.Object, java.lang.Object, java.lang.Object, java.lang.Object)'> (0x0000000746cdc2b0) 
thrown [s\src\hotspot\share\interpreter\linkResolver.cpp, line 759]
Event: 27.554 Thread 0x0000017ecc890f60 Exception <a 'java/lang/reflect/InvocationTargetException'{0x0000000746ac01b8}> (0x0000000746ac01b8) 
thrown [s\src\hotspot\share\runtime\reflection.cpp, line 1128]
Event: 27.568 Thread 0x0000017ecc890f60 Exception <a 'java/lang/reflect/InvocationTargetException'{0x0000000746acd808}> (0x0000000746acd808) 
thrown [s\src\hotspot\share\runtime\reflection.cpp, line 1128]
Event: 27.605 Thread 0x0000017ecc890f60 Exception <a 'java/lang/IncompatibleClassChangeError'{0x0000000746b45760}: Found class java.lang.Object, but interface was expected> (0x0000000746b45760) 
thrown [s\src\hotspot\share\interpreter\linkResolver.cpp, line 826]

VM Operations (20 events):
Event: 25.394 Executing VM operation: HandshakeAllThreads
Event: 25.394 Executing VM operation: HandshakeAllThreads done
Event: 26.356 Executing VM operation: HandshakeAllThreads
Event: 26.356 Executing VM operation: HandshakeAllThreads done
Event: 26.356 Executing VM operation: Cleanup
Event: 26.357 Executing VM operation: Cleanup done
Event: 26.472 Executing VM operation: HandshakeAllThreads
Event: 26.472 Executing VM operation: HandshakeAllThreads done
Event: 27.472 Executing VM operation: Cleanup
Event: 27.488 Executing VM operation: Cleanup done
Event: 27.637 Executing VM operation: G1CollectForAllocation
Event: 27.644 Executing VM operation: G1CollectForAllocation done
Event: 27.911 Executing VM operation: HandshakeAllThreads
Event: 27.911 Executing VM operation: HandshakeAllThreads done
Event: 27.916 Executing VM operation: HandshakeAllThreads
Event: 27.916 Executing VM operation: HandshakeAllThreads done
Event: 28.265 Executing VM operation: HandshakeAllThreads
Event: 28.265 Executing VM operation: HandshakeAllThreads done
Event: 28.290 Executing VM operation: G1CollectForAllocation
Event: 28.301 Executing VM operation: G1CollectForAllocation done

Memory protections (0 events):
No events

Nmethod flushes (20 events):
Event: 19.916 Thread 0x0000017eec8416a0 flushing  nmethod 0x0000017ed4d2c510
Event: 19.916 Thread 0x0000017eec8416a0 flushing  nmethod 0x0000017ed4d2cd10
Event: 19.916 Thread 0x0000017eec8416a0 flushing  nmethod 0x0000017ed4d2e390
Event: 19.916 Thread 0x0000017eec8416a0 flushing  nmethod 0x0000017ed4d2f710
Event: 19.916 Thread 0x0000017eec8416a0 flushing  nmethod 0x0000017ed4d30610
Event: 19.916 Thread 0x0000017eec8416a0 flushing  nmethod 0x0000017ed4d30a90
Event: 19.916 Thread 0x0000017eec8416a0 flushing  nmethod 0x0000017ed4d31410
Event: 19.916 Thread 0x0000017eec8416a0 flushing  nmethod 0x0000017ed4d34190
Event: 19.916 Thread 0x0000017eec8416a0 flushing  nmethod 0x0000017ed4d34a10
Event: 19.916 Thread 0x0000017eec8416a0 flushing  nmethod 0x0000017ed4d35c90
Event: 19.916 Thread 0x0000017eec8416a0 flushing  nmethod 0x0000017ed4d36510
Event: 19.916 Thread 0x0000017eec8416a0 flushing  nmethod 0x0000017ed4d36d90
Event: 19.916 Thread 0x0000017eec8416a0 flushing  nmethod 0x0000017ed4d39090
Event: 19.916 Thread 0x0000017eec8416a0 flushing  nmethod 0x0000017ed4d39b90
Event: 19.916 Thread 0x0000017eec8416a0 flushing  nmethod 0x0000017ed4d3b290
Event: 19.916 Thread 0x0000017eec8416a0 flushing  nmethod 0x0000017ed4d3c410
Event: 19.916 Thread 0x0000017eec8416a0 flushing osr nmethod 0x0000017ed4d3cf90
Event: 19.916 Thread 0x0000017eec8416a0 flushing  nmethod 0x0000017ed4d3f510
Event: 19.916 Thread 0x0000017eec8416a0 flushing  nmethod 0x0000017ed4d4a710
Event: 19.916 Thread 0x0000017eec8416a0 flushing  nmethod 0x0000017ed4d51e10

Events (20 events):
Event: 9.424 Thread 0x0000017eec83de40 Thread added: 0x0000017ef29d0220
Event: 11.374 Thread 0x0000017ef29d0220 Thread exited: 0x0000017ef29d0220
Event: 12.689 Thread 0x0000017eec83de40 Thread added: 0x0000017ef276da90
Event: 15.390 Thread 0x0000017ef276da90 Thread exited: 0x0000017ef276da90
Event: 16.258 Thread 0x0000017ecc890f60 Thread added: 0x0000017ef1e934a0
Event: 16.279 Thread 0x0000017eec83de40 Thread added: 0x0000017ef3515080
Event: 16.286 Thread 0x0000017ecc890f60 Thread added: 0x0000017ef1e92a80
Event: 16.443 Thread 0x0000017ef1e92a80 Thread added: 0x0000017ef1e94df0
Event: 16.588 Thread 0x0000017ef3515080 Thread exited: 0x0000017ef3515080
Event: 16.786 Thread 0x0000017eec83de40 Thread added: 0x0000017ef3515080
Event: 17.717 Thread 0x0000017ef3515080 Thread exited: 0x0000017ef3515080
Event: 23.510 Thread 0x0000017eec83de40 Thread added: 0x0000017ef2ade170
Event: 23.836 Thread 0x0000017ef1e94df0 Thread exited: 0x0000017ef1e94df0
Event: 26.490 Thread 0x0000017ecc890f60 Thread added: 0x0000017ef1e94df0
Event: 26.500 Thread 0x0000017ecc890f60 Thread added: 0x0000017ef5859c90
Event: 26.903 Thread 0x0000017ecc890f60 Thread added: 0x0000017ef5858850
Event: 26.908 Thread 0x0000017ef2ade170 Thread exited: 0x0000017ef2ade170
Event: 27.180 Thread 0x0000017eec83de40 Thread added: 0x0000017ef42e3030
Event: 27.906 Thread 0x0000017ef42e3030 Thread exited: 0x0000017ef42e3030
Event: 28.136 Thread 0x0000017eec83de40 Thread added: 0x0000017ef35275d0


Dynamic libraries:
0x00007ff7adad0000 - 0x00007ff7adade000 	C:\Users\JUSTINE\.jdks\corretto-17.0.15\bin\java.exe
0x00007ffb07490000 - 0x00007ffb07688000 	C:\WINDOWS\SYSTEM32\ntdll.dll
0x00007ffb05dc0000 - 0x00007ffb05e82000 	C:\WINDOWS\System32\KERNEL32.DLL
0x00007ffb04eb0000 - 0x00007ffb051a6000 	C:\WINDOWS\System32\KERNELBASE.dll
0x00007ffb051b0000 - 0x00007ffb052b0000 	C:\WINDOWS\System32\ucrtbase.dll
0x00007ffafbf80000 - 0x00007ffafbf97000 	C:\Users\JUSTINE\.jdks\corretto-17.0.15\bin\jli.dll
0x00007ffafb270000 - 0x00007ffafb28b000 	C:\Users\JUSTINE\.jdks\corretto-17.0.15\bin\VCRUNTIME140.dll
0x00007ffb05f00000 - 0x00007ffb060a1000 	C:\WINDOWS\System32\USER32.dll
0x00007ffb04cd0000 - 0x00007ffb04cf2000 	C:\WINDOWS\System32\win32u.dll
0x00007ffaeea60000 - 0x00007ffaeecfb000 	C:\WINDOWS\WinSxS\amd64_microsoft.windows.common-controls_6595b64144ccf1df_6.0.19041.6456_none_60b8a6cb71f64256\COMCTL32.dll
0x00007ffb054e0000 - 0x00007ffb0550b000 	C:\WINDOWS\System32\GDI32.dll
0x00007ffb04d90000 - 0x00007ffb04ea9000 	C:\WINDOWS\System32\gdi32full.dll
0x00007ffb05ac0000 - 0x00007ffb05b5e000 	C:\WINDOWS\System32\msvcrt.dll
0x00007ffb05410000 - 0x00007ffb054ad000 	C:\WINDOWS\System32\msvcp_win.dll
0x00007ffb054b0000 - 0x00007ffb054df000 	C:\WINDOWS\System32\IMM32.DLL
0x00007ffafb220000 - 0x00007ffafb22c000 	C:\Users\JUSTINE\.jdks\corretto-17.0.15\bin\vcruntime140_1.dll
0x00007ffad26e0000 - 0x00007ffad276d000 	C:\Users\JUSTINE\.jdks\corretto-17.0.15\bin\msvcp140.dll
0x00007ffa8b6c0000 - 0x00007ffa8c32c000 	C:\Users\JUSTINE\.jdks\corretto-17.0.15\bin\server\jvm.dll
0x00007ffb07390000 - 0x00007ffb07441000 	C:\WINDOWS\System32\ADVAPI32.dll
0x00007ffb060b0000 - 0x00007ffb0614f000 	C:\WINDOWS\System32\sechost.dll
0x00007ffb05c80000 - 0x00007ffb05da0000 	C:\WINDOWS\System32\RPCRT4.dll
0x00007ffb04bd0000 - 0x00007ffb04bf7000 	C:\WINDOWS\System32\bcrypt.dll
0x00007ffb05e90000 - 0x00007ffb05efb000 	C:\WINDOWS\System32\WS2_32.dll
0x00007ffb040b0000 - 0x00007ffb040fb000 	C:\WINDOWS\SYSTEM32\POWRPROF.dll
0x00007ffafaf00000 - 0x00007ffafaf27000 	C:\WINDOWS\SYSTEM32\WINMM.dll
0x00007ffaf8080000 - 0x00007ffaf808a000 	C:\WINDOWS\SYSTEM32\VERSION.dll
0x00007ffb03f20000 - 0x00007ffb03f32000 	C:\WINDOWS\SYSTEM32\UMPDC.dll
0x00007ffb03330000 - 0x00007ffb03342000 	C:\WINDOWS\SYSTEM32\kernel.appcore.dll
0x00007ffafaed0000 - 0x00007ffafaeda000 	C:\Users\JUSTINE\.jdks\corretto-17.0.15\bin\jimage.dll
0x00007ffb02940000 - 0x00007ffb02b41000 	C:\WINDOWS\SYSTEM32\DBGHELP.DLL
0x00007ffaeed30000 - 0x00007ffaeed64000 	C:\WINDOWS\SYSTEM32\dbgcore.DLL
0x00007ffb04d00000 - 0x00007ffb04d82000 	C:\WINDOWS\System32\bcryptPrimitives.dll
0x00007ffafaec0000 - 0x00007ffafaece000 	C:\Users\JUSTINE\.jdks\corretto-17.0.15\bin\instrument.dll
0x00007ffaea740000 - 0x00007ffaea765000 	C:\Users\JUSTINE\.jdks\corretto-17.0.15\bin\java.dll
0x00007ffad1870000 - 0x00007ffad1947000 	C:\Users\JUSTINE\.jdks\corretto-17.0.15\bin\jsvml.dll
0x00007ffb064c0000 - 0x00007ffb06c30000 	C:\WINDOWS\System32\SHELL32.dll
0x00007ffb02b70000 - 0x00007ffb03315000 	C:\WINDOWS\SYSTEM32\windows.storage.dll
0x00007ffb06f50000 - 0x00007ffb072a4000 	C:\WINDOWS\System32\combase.dll
0x00007ffb04570000 - 0x00007ffb0459b000 	C:\WINDOWS\SYSTEM32\Wldp.dll
0x00007ffb072b0000 - 0x00007ffb0737d000 	C:\WINDOWS\System32\OLEAUT32.dll
0x00007ffb06de0000 - 0x00007ffb06e8d000 	C:\WINDOWS\System32\SHCORE.dll
0x00007ffb06e90000 - 0x00007ffb06eeb000 	C:\WINDOWS\System32\shlwapi.dll
0x00007ffb04a50000 - 0x00007ffb04a74000 	C:\WINDOWS\SYSTEM32\profapi.dll
0x00007ffae7780000 - 0x00007ffae7798000 	C:\Users\JUSTINE\.jdks\corretto-17.0.15\bin\zip.dll
0x00007ffae7260000 - 0x00007ffae7279000 	C:\Users\JUSTINE\.jdks\corretto-17.0.15\bin\net.dll
0x00007ffafd830000 - 0x00007ffafd93a000 	C:\WINDOWS\SYSTEM32\WINHTTP.dll
0x00007ffb042b0000 - 0x00007ffb0431a000 	C:\WINDOWS\system32\mswsock.dll
0x00007ffae5c50000 - 0x00007ffae5c66000 	C:\Users\JUSTINE\.jdks\corretto-17.0.15\bin\nio.dll
0x00007ffae5ac0000 - 0x00007ffae5ada000 	C:\Program Files\JetBrains\IntelliJ IDEA Community Edition 2023.2.5\bin\breakgen64.dll
0x00007ffaec3b0000 - 0x00007ffaec3b9000 	C:\Users\JUSTINE\.jdks\corretto-17.0.15\bin\extnet.dll
0x00007ffaea4b0000 - 0x00007ffaea4be000 	C:\Users\JUSTINE\.jdks\corretto-17.0.15\bin\sunmscapi.dll
0x00007ffb052b0000 - 0x00007ffb0540d000 	C:\WINDOWS\System32\CRYPT32.dll
0x00007ffb045e0000 - 0x00007ffb04607000 	C:\WINDOWS\SYSTEM32\ncrypt.dll
0x00007ffb045a0000 - 0x00007ffb045db000 	C:\WINDOWS\SYSTEM32\NTASN1.dll
0x00007ffb044a0000 - 0x00007ffb044b8000 	C:\WINDOWS\SYSTEM32\CRYPTSP.dll
0x00007ffb03b60000 - 0x00007ffb03b98000 	C:\WINDOWS\system32\rsaenh.dll
0x00007ffb049d0000 - 0x00007ffb049fe000 	C:\WINDOWS\SYSTEM32\USERENV.dll
0x00007ffb044c0000 - 0x00007ffb044cc000 	C:\WINDOWS\SYSTEM32\CRYPTBASE.dll
0x00007ffb03f40000 - 0x00007ffb03f7b000 	C:\WINDOWS\SYSTEM32\IPHLPAPI.DLL
0x00007ffb062e0000 - 0x00007ffb062e8000 	C:\WINDOWS\System32\NSI.dll
0x00007ffafad00000 - 0x00007ffafad17000 	C:\WINDOWS\SYSTEM32\dhcpcsvc6.DLL
0x00007ffafaca0000 - 0x00007ffafacbd000 	C:\WINDOWS\SYSTEM32\dhcpcsvc.DLL
0x00007ffb03f90000 - 0x00007ffb0405a000 	C:\WINDOWS\SYSTEM32\DNSAPI.dll
0x00007ffafaeb0000 - 0x00007ffafaeb9000 	C:\Users\JUSTINE\.jdks\corretto-17.0.15\bin\management.dll
0x00007ffafa870000 - 0x00007ffafa87b000 	C:\Users\JUSTINE\.jdks\corretto-17.0.15\bin\management_ext.dll
0x00007ffb07380000 - 0x00007ffb07388000 	C:\WINDOWS\System32\PSAPI.DLL
0x00007ffaf8070000 - 0x00007ffaf807a000 	C:\Windows\System32\rasadhlp.dll
0x00007ffaf8460000 - 0x00007ffaf84e0000 	C:\WINDOWS\System32\fwpuclnt.dll

dbghelp: loaded successfully - version: 4.0.5 - missing functions: none
symbol engine: initialized successfully - sym options: 0x614 - pdb path: .;C:\Users\JUSTINE\.jdks\corretto-17.0.15\bin;C:\WINDOWS\SYSTEM32;C:\WINDOWS\WinSxS\amd64_microsoft.windows.common-controls_6595b64144ccf1df_6.0.19041.6456_none_60b8a6cb71f64256;C:\Users\JUSTINE\.jdks\corretto-17.0.15\bin\server;C:\Program Files\JetBrains\IntelliJ IDEA Community Edition 2023.2.5\bin

VM Arguments:
jvm_args: -javaagent:C:\Program Files\JetBrains\IntelliJ IDEA Community Edition 2023.2.5\lib\idea_rt.jar=51466:C:\Program Files\JetBrains\IntelliJ IDEA Community Edition 2023.2.5\bin -Dfile.encoding=UTF-8 
java_command: Meraki.Hub.Management.System.ManagementSystemApplication
java_class_path (initial): C:\Users\JUSTINE\Documents\Downloads\Management-System\target\classes;C:\Users\JUSTINE\.m2\repository\org\springframework\boot\spring-boot-starter-web\4.0.3\spring-boot-starter-web-4.0.3.jar;C:\Users\JUSTINE\.m2\repository\org\springframework\boot\spring-boot-starter-jackson\4.0.3\spring-boot-starter-jackson-4.0.3.jar;C:\Users\JUSTINE\.m2\repository\org\springframework\boot\spring-boot-jackson\4.0.3\spring-boot-jackson-4.0.3.jar;C:\Users\JUSTINE\.m2\repository\tools\jackson\core\jackson-databind\3.0.4\jackson-databind-3.0.4.jar;C:\Users\JUSTINE\.m2\repository\tools\jackson\core\jackson-core\3.0.4\jackson-core-3.0.4.jar;C:\Users\JUSTINE\.m2\repository\org\springframework\boot\spring-boot-starter-tomcat\4.0.3\spring-boot-starter-tomcat-4.0.3.jar;C:\Users\JUSTINE\.m2\repository\org\springframework\boot\spring-boot-starter-tomcat-runtime\4.0.3\spring-boot-starter-tomcat-runtime-4.0.3.jar;C:\Users\JUSTINE\.m2\repository\org\springframework\boot\spring-boot-web-server\4.0.3\spring-boot-web-server-4.0.3.jar;C:\Users\JUSTINE\.m2\repository\org\apache\tomcat\embed\tomcat-embed-core\11.0.18\tomcat-embed-core-11.0.18.jar;C:\Users\JUSTINE\.m2\repository\org\apache\tomcat\embed\tomcat-embed-el\11.0.18\tomcat-embed-el-11.0.18.jar;C:\Users\JUSTINE\.m2\repository\org\apache\tomcat\embed\tomcat-embed-websocket\11.0.18\tomcat-embed-websocket-11.0.18.jar;C:\Users\JUSTINE\.m2\repository\org\springframework\boot\spring-boot-tomcat\4.0.3\spring-boot-tomcat-4.0.3.jar;C:\Users\JUSTINE\.m2\repository\org\springframework\boot\spring-boot-http-converter\4.0.3\spring-boot-http-converter-4.0.3.jar;C:\Users\JUSTINE\.m2\repository\org\springframework\boot\spring-boot\4.0.3\spring-boot-4.0.3.jar;C:\Users\JUSTINE\.m2\repository\org\springframework\spring-context\7.0.5\spring-context-7.0.5.jar;C:\Users\JUSTINE\.m2\repository\org\springframework\spring-web\7.0.5\spring-web-7.0.5.jar;C:\Users\JUSTINE\.m2\repository\io\micrometer\micrometer-observation\1.16.3\micrometer-obs
Launcher Type: SUN_STANDARD

[Global flags]
     intx CICompilerCount                          = 3                                         {product} {ergonomic}
     uint ConcGCThreads                            = 1                                         {product} {ergonomic}
     uint G1ConcRefinementThreads                  = 4                                         {product} {ergonomic}
   size_t G1HeapRegionSize                         = 2097152                                   {product} {ergonomic}
    uintx GCDrainStackTargetSize                   = 64                                        {product} {ergonomic}
   size_t InitialHeapSize                          = 197132288                                 {product} {ergonomic}
   size_t MarkStackSize                            = 4194304                                   {product} {ergonomic}
   size_t MaxHeapSize                              = 3149922304                                {product} {ergonomic}
   size_t MaxNewSize                               = 1889533952                                {product} {ergonomic}
   size_t MinHeapDeltaBytes                        = 2097152                                   {product} {ergonomic}
   size_t MinHeapSize                              = 8388608                                   {product} {ergonomic}
    uintx NonNMethodCodeHeapSize                   = 5832780                                {pd product} {ergonomic}
    uintx NonProfiledCodeHeapSize                  = 122912730                              {pd product} {ergonomic}
    uintx ProfiledCodeHeapSize                     = 122912730                              {pd product} {ergonomic}
    uintx ReservedCodeCacheSize                    = 251658240                              {pd product} {ergonomic}
     bool SegmentedCodeCache                       = true                                      {product} {ergonomic}
   size_t SoftMaxHeapSize                          = 3149922304                             {manageable} {ergonomic}
     bool UseCompressedClassPointers               = true                           {product lp64_product} {ergonomic}
     bool UseCompressedOops                        = true                           {product lp64_product} {ergonomic}
     bool UseG1GC                                  = true                                      {product} {ergonomic}
     bool UseLargePagesIndividualAllocation        = false                                  {pd product} {ergonomic}

Logging:
Log output configuration:
 #0: stdout all=warning uptime,level,tags
 #1: stderr all=off uptime,level,tags

Environment Variables:
PATH=C:\Program Files (x86)\VMware\VMware Workstation\bin\;C:\OraHome_1;C:\app\JUSTINE\product\11.2.0\client_1\bin;C:\WINDOWS\system32;C:\WINDOWS;C:\WINDOWS\System32\Wbem;C:\WINDOWS\System32\WindowsPowerShell\v1.0\;C:\WINDOWS\System32\OpenSSH\;C:\Program Files\dotnet\;C:\Program Files\Git\cmd;C:\Program Files\MySQL\MySQL Shell 8.0\bin\;C:\Users\JUSTINE\AppData\Local\Microsoft\WindowsApps;C:\Users\JUSTINE\AppData\Local\Programs\Azure Data Studio\bin;C:\Users\JUSTINE\AppData\Local\Programs\Microsoft VS Code\bin;
USERNAME=JUSTINE
OS=Windows_NT
PROCESSOR_IDENTIFIER=Intel64 Family 6 Model 60 Stepping 3, GenuineIntel
TMP=C:\Users\JUSTINE\AppData\Local\Temp
TEMP=C:\Users\JUSTINE\AppData\Local\Temp



Periodic native trim disabled


---------------  S Y S T E M  ---------------

OS:
 Windows 10 , 64 bit Build 19041 (10.0.19041.5915)
OS uptime: 1 days 3:03 hours

CPU: total 4 (initial active 4) (2 cores per cpu, 2 threads per core) family 6 model 60 stepping 3 microcode 0x27, cx8, cmov, fxsr, ht, mmx, sse, sse2, sse3, ssse3, sse4.1, sse4.2, popcnt, lzcnt, tsc, tscinvbit, avx, avx2, aes, erms, clmul, bmi1, bmi2, fma, vzeroupper, clflush
Processor Information for all 4 processors :
  Max Mhz: 2494, Current Mhz: 2494, Mhz Limit: 2494

Memory: 4k page, system-wide physical 12008M (1087M free)
TotalPageFile size 14405M (AvailPageFile size 5M)
current process WorkingSet (physical memory assigned to process): 249M, peak: 254M
current process commit charge ("private bytes"): 279M, peak: 335M

vm_info: OpenJDK 64-Bit Server VM (17.0.15+6-LTS) for windows-amd64 JRE (17.0.15+6-LTS), built on Apr  9 2025 23:33:55 by "Administrator" with MS VC++ 16.10 / 16.11 (VS2019)

END.
