#
# There is insufficient memory for the Java Runtime Environment to continue.
# Native memory allocation (malloc) failed to allocate 1505136 bytes. Error detail: Chunk::new
# Possible reasons:
#   The system is out of physical RAM or swap space
#   This process is running with CompressedOops enabled, and the Java Heap may be blocking the growth of the native heap
# Possible solutions:
#   Reduce memory load on the system
#   Increase physical memory or swap space
#   Check if swap backing store is full
#   Decrease Java heap size (-Xmx/-Xms)
#   Decrease number of Java threads
#   Decrease Java thread stack sizes (-Xss)
#   Set larger code cache with -XX:ReservedCodeCacheSize=
#   JVM is running with Zero Based Compressed Oops mode in which the Java heap is
#     placed in the first 32GB address space. The Java Heap base address is the
#     maximum limit for the native heap growth. Please use -XX:HeapBaseMinAddress
#     to set the Java Heap base and to place the Java Heap above 32GB virtual address.
# This output file may be truncated or incomplete.
#
#  Out of Memory Error (arena.cpp:191), pid=6148, tid=9120
#
# JRE version: OpenJDK Runtime Environment Corretto-17.0.15.6.1 (17.0.15+6) (build 17.0.15+6-LTS)
# Java VM: OpenJDK 64-Bit Server VM Corretto-17.0.15.6.1 (17.0.15+6-LTS, mixed mode, sharing, tiered, compressed oops, compressed class ptrs, g1 gc, windows-amd64)
# No core dump will be written. Minidumps are not enabled by default on client versions of Windows
#

---------------  S U M M A R Y ------------

Command Line: -javaagent:C:\Program Files\JetBrains\IntelliJ IDEA Community Edition 2023.2.5\lib\idea_rt.jar=52167:C:\Program Files\JetBrains\IntelliJ IDEA Community Edition 2023.2.5\bin -Dfile.encoding=UTF-8 Meraki.Hub.Management.System.ManagementSystemApplication

Host: Intel(R) Core(TM) i5-4200M CPU @ 2.50GHz, 4 cores, 11G,  Windows 10 , 64 bit Build 19041 (10.0.19041.5915)
Time: Mon Mar  9 13:05:45 2026 E. Africa Standard Time elapsed time: 13.339674 seconds (0d 0h 0m 13s)

---------------  T H R E A D  ---------------

Current thread (0x0000021a73ac9990):  JavaThread "C2 CompilerThread1" daemon [_thread_in_native, id=9120, stack(0x0000006ca2d00000,0x0000006ca2e00000)]


Current CompileTask:
C2:  13339 5403       4       org.springframework.beans.factory.support.AbstractBeanFactory::isTypeMatch (776 bytes)

Stack: [0x0000006ca2d00000,0x0000006ca2e00000]
Native frames: (J=compiled Java code, j=interpreted, Vv=VM code, C=native code)
V  [jvm.dll+0x681149]
V  [jvm.dll+0x838b5a]
V  [jvm.dll+0x83a61e]
V  [jvm.dll+0x83ac83]
V  [jvm.dll+0x24837f]
V  [jvm.dll+0xaca54]
V  [jvm.dll+0xad09c]
V  [jvm.dll+0x3679e2]
V  [jvm.dll+0x331dda]
V  [jvm.dll+0x33127a]
V  [jvm.dll+0x21a8c1]
V  [jvm.dll+0x219d01]
V  [jvm.dll+0x1a59fd]
V  [jvm.dll+0x229a5d]
V  [jvm.dll+0x227bec]
V  [jvm.dll+0x7eda37]
V  [jvm.dll+0x7e7f8c]
V  [jvm.dll+0x680017]
C  [ucrtbase.dll+0x21bb2]
C  [KERNEL32.DLL+0x17374]
C  [ntdll.dll+0x4cc91]


---------------  P R O C E S S  ---------------

Threads class SMR info:
_java_thread_list=0x0000021a75259550, length=17, elements={
0x0000021a0da4c280, 0x0000021a2d9dcd70, 0x0000021a2d9de2a0, 0x0000021a2d9f0ed0,
0x0000021a2d9f38b0, 0x0000021a2d9f4180, 0x0000021a2d9f4a50, 0x0000021a2d9f6710,
0x0000021a2d9f9880, 0x0000021a2db78120, 0x0000021a2d9c3fc0, 0x0000021a2de0f2a0,
0x0000021a2de0f780, 0x0000021a779c1bd0, 0x0000021a763efaa0, 0x0000021a75d47190,
0x0000021a73ac9990
}

Java Threads: ( => current thread )
  0x0000021a0da4c280 JavaThread "main" [_thread_in_vm, id=15724, stack(0x0000006ca1900000,0x0000006ca1a00000)]
  0x0000021a2d9dcd70 JavaThread "Reference Handler" daemon [_thread_blocked, id=12844, stack(0x0000006ca2000000,0x0000006ca2100000)]
  0x0000021a2d9de2a0 JavaThread "Finalizer" daemon [_thread_blocked, id=15368, stack(0x0000006ca2100000,0x0000006ca2200000)]
  0x0000021a2d9f0ed0 JavaThread "Signal Dispatcher" daemon [_thread_blocked, id=5476, stack(0x0000006ca2200000,0x0000006ca2300000)]
  0x0000021a2d9f38b0  daemon []
    []